#
# There is insufficient memory for the Java Runtime Environment to continue.
# Native memory allocation (malloc) failed to allocate 2110576 bytes for Chunk::new
# Possible reasons:
#   The system is out of physical RAM or swap space
#   The process is running with CompressedOops enabled, and the Java Heap may be blocking the growth of the native heap
# Possible solutions:
#   Reduce memory load on the system
#   Increase physical memory or swap space
#   Check if swap backing store is full
#   Decrease Java heap size (-Xmx/-Xms)
#   Decrease number of Java threads
#   Decrease Java thread stack sizes (-Xss)
#   Set larger code cache with -XX:ReservedCodeCacheSize=
#   JVM is running with Unscaled Compressed Oops mode in which the Java heap is
#     placed in the first 4GB address space. The Java Heap base address is the
#     maximum limit for the native heap growth. Please use -XX:HeapBaseMinAddress
#     to set the Java Heap base and to place the Java Heap above 4GB virtual address.
# This output file may be truncated or incomplete.
#
#  Out of Memory Error (./src/hotspot/share/memory/arena.cpp:197), pid=20444, tid=13384
#
# JRE version: OpenJDK Runtime Environment AdoptOpenJDK (11.0.8+10) (build 11.0.8+10)
# Java VM: OpenJDK 64-Bit Server VM AdoptOpenJDK (11.0.8+10, mixed mode, tiered, compressed oops, parallel gc, windows-amd64)
# No core dump will be written. Minidumps are not enabled by default on client versions of Windows
#

---------------  S U M M A R Y ------------

Command Line: --add-modules=ALL-SYSTEM --add-opens=java.base/java.util=ALL-UNNAMED --add-opens=java.base/java.lang=ALL-UNNAMED -Declipse.application=org.eclipse.jdt.ls.core.id1 -Dosgi.bundles.defaultStartLevel=4 -Declipse.product=org.eclipse.jdt.ls.core.product -Dfile.encoding=utf8 -DwatchParentProcess=false -XX:+UseParallelGC -XX:GCTimeRatio=4 -XX:AdaptiveSizePolicyWeight=90 -Dsun.zip.disableMemoryMapping=true -Xmx1G -Xms100m -javaagent:c:\Users\ACER\.vscode\extensions\gabrielbb.vscode-lombok-1.0.1\server\lombok.jar -Xverify:none c:\Users\ACER\.vscode\extensions\redhat.java-0.82.0\server\plugins\org.eclipse.equinox.launcher_1.6.300.v20210813-1054.jar -configuration c:\Users\ACER\AppData\Roaming\Code\User\globalStorage\redhat.java\0.82.0\config_ss_win -data c:\Users\ACER\AppData\Roaming\Code\User\workspaceStorage\7fee58ba46a44ecf2c9121a9ffec2780\redhat.java\ss_ws

Host: AMD Ryzen 5 3550H with Radeon Vega Mobile Gfx  , 8 cores, 9G,  Windows 10 , 64 bit Build 19041 (10.0.19041.1202)
Time: Sun Oct  3 19:26:32 2021 Malay Peninsula Standard Time elapsed time: 9 seconds (0d 0h 0m 9s)

---------------  T H R E A D  ---------------

Current thread (0x0000014d268ee800):  JavaThread "C2 CompilerThread0" daemon [_thread_in_native, id=13384, stack(0x00000039e0500000,0x00000039e0600000)]


Current CompileTask:
C2:   9264 3365       4       org.objectweb.asm.ClassReader::readMethod (1052 bytes)

Stack: [0x00000039e0500000,0x00000039e0600000]
Native frames: (J=compiled Java code, j=interpreted, Vv=VM code, C=native code)
V  [jvm.dll+0x5dfa5a]
V  [jvm.dll+0x7175ce]
V  [jvm.dll+0x718c9f]
V  [jvm.dll+0x719363]
V  [jvm.dll+0x240e48]
V  [jvm.dll+0xb96ac]
V  [jvm.dll+0xb9dac]
V  [jvm.dll+0x346387]
V  [jvm.dll+0x193831]
V  [jvm.dll+0x1faa32]
V  [jvm.dll+0x1f9adf]
V  [jvm.dll+0x17e4ec]
V  [jvm.dll+0x208f27]
V  [jvm.dll+0x20710b]
V  [jvm.dll+0x6dc339]
V  [jvm.dll+0x6d53e4]
V  [jvm.dll+0x5de996]
C  [ucrtbase.dll+0x21bb2]
C  [KERNEL32.DLL+0x17034]
C  [ntdll.dll+0x52651]


---------------  P R O C E S S  ---------------

Threads class SMR info:
_java_thread_list=0x0000014d29b56400, length=19, elements={
0x0000014d0c886800, 0x0000014d268ce800, 0x0000014d268d8800, 0x0000014d27984800,
0x0000014d268ed000, 0x0000014d268ee800, 0x0000014d27938000, 0x0000014d2793e000,
0x0000014d27ad3800, 0x0000014d27ad1800, 0x0000014d27ad6000, 0x0000014d27ad2000,
0x0000014d27ad5800, 0x0000014d27ad0800, 0x0000014d27ad4800, 0x0000014d27ad7000,
0x0000014d29b8b000, 0x0000014d29b85800, 0x0000014d29b89800
}

Java Threads: ( => current thread )
  0x0000014d0c886800 JavaThread "main" [_thread_blocked, id=13400, stack(0x00000039dfe00000,0x00000039dff00000)]
  0x0000014d268ce800 JavaThread "Reference Handler" daemon [_thread_blocked, id=4136, stack(0x00000039e0100000,0x00000039e0200000)]
  0x0000014d268d8800 JavaThread "Finalizer" daemon [_thread_blocked, id=18688, stack(0x00000039e0200000,0x00000039e0300000)]
  0x0000014d27984800 JavaThread "Signal Dispatcher" daemon [_thread_blocked, id=10236, stack(0x00000039e0300000,0x00000039e0400000)]
  0x0000014d268ed000 JavaThread "Attach Listener" daemon [_thread_blocked, id=13640, stack(0x00000039e0400000,0x00000039e0500000)]
=>0x0000014d268ee800 JavaThread "C2 CompilerThread0" daemon [_thread_in_native, id=13384, stack(0x00000039e0500000,0x00000039e0600000)]
  0x0000014d27938000 JavaThread "C1 CompilerThread0" daemon [_thread_blocked, id=5096, stack(0x00000039e0600000,0x00000039e0700000)]
  0x0000014d2793e000 JavaThread "Sweeper thread" daemon [_thread_blocked, id=18176, stack(0x00000039e0700000,0x00000039e0800000)]
  0x0000014d27ad3800 JavaThread "Common-Cleaner" daemon [_thread_blocked, id=17544, stack(0x00000039e0800000,0x00000039e0900000)]
  0x0000014d27ad1800 JavaThread "Service Thread" daemon [_thread_blocked, id=11472, stack(0x00000039e0a00000,0x00000039e0b00000)]
  0x0000014d27ad6000 JavaThread "Active Thread: Equinox Container: dbccadca-cb5b-4190-a155-905bb8159cb2" [_thread_blocked, id=7364, stack(0x00000039e0d00000,0x00000039e0e00000)]
  0x0000014d27ad2000 JavaThread "Framework Event Dispatcher: Equinox Container: dbccadca-cb5b-4190-a155-905bb8159cb2" daemon [_thread_blocked, id=3948, stack(0x00000039e0e00000,0x00000039e0f00000)]
  0x0000014d27ad5800 JavaThread "Start Level: Equinox Container: dbccadca-cb5b-4190-a155-905bb8159cb2" daemon [_thread_blocked, id=8744, stack(0x00000039e0f00000,0x00000039e1000000)]
  0x0000014d27ad0800 JavaThread "SCR Component Actor" daemon [_thread_blocked, id=19732, stack(0x00000039e1000000,0x00000039e1100000)]
  0x0000014d27ad4800 JavaThread "Worker-JM" [_thread_blocked, id=3536, stack(0x00000039e1400000,0x00000039e1500000)]
  0x0000014d27ad7000 JavaThread "Worker-0" [_thread_blocked, id=15884, stack(0x00000039e1600000,0x00000039e1700000)]
  0x0000014d29b8b000 JavaThread "Worker-1" [_thread_blocked, id=13096, stack(0x00000039e1700000,0x00000039e1800000)]
  0x0000014d29b85800 JavaThread "Worker-2" [_thread_blocked, id=13052, stack(0x00000039e1800000,0x00000039e1900000)]
  0x0000014d29b89800 JavaThread "pool-1-thread-1" [_thread_in_native, id=6664, stack(0x00000039e1b00000,0x00000039e1c00000)]

Other Threads:
  0x0000014d27932000 VMThread "VM Thread" [stack: 0x00000039e0000000,0x00000039e0100000] [id=4108]
  0x0000014d27c69800 WatcherThread [stack: 0x00000039e0b00000,0x00000039e0c00000] [id=14120]
  0x0000014d0c89e000 GCTaskThread "ParGC Thread#0" [stack: 0x00000039dff00000,0x00000039e0000000] [id=4180]
  0x0000014d28f30800 GCTaskThread "ParGC Thread#1" [stack: 0x00000039e0c00000,0x00000039e0d00000] [id=19096]
  0x0000014d292e7800 GCTaskThread "ParGC Thread#2" [stack: 0x00000039e0900000,0x00000039e0a00000] [id=19604]
  0x0000014d2936b000 GCTaskThread "ParGC Thread#3" [stack: 0x00000039e1100000,0x00000039e1200000] [id=12376]
  0x0000014d296bb800 GCTaskThread "ParGC Thread#4" [stack: 0x00000039e1300000,0x00000039e1400000] [id=20472]
  0x0000014d29b57800 GCTaskThread "ParGC Thread#5" [stack: 0x00000039e1500000,0x00000039e1600000] [id=20460]
  0x0000014d29bc2800 GCTaskThread "ParGC Thread#6" [stack: 0x00000039e1900000,0x00000039e1a00000] [id=3644]
  0x0000014d29c45800 GCTaskThread "ParGC Thread#7" [stack: 0x00000039e1a00000,0x00000039e1b00000] [id=12452]

Threads with active compile tasks:
C2 CompilerThread0   9299 3365       4       org.objectweb.asm.ClassReader::readMethod (1052 bytes)

VM state:not at safepoint (normal execution)

VM Mutex/Monitor currently owned by a thread: None

Heap address: 0x00000000c0000000, size: 1024 MB, Compressed Oops mode: 32-bit
Narrow klass base: 0x0000000000000000, Narrow klass shift: 3
Compressed class space size: 1073741824 Address: 0x0000000100000000

Heap:
 PSYoungGen      total 18432K, used 3393K [0x00000000eab00000, 0x00000000ec300000, 0x0000000100000000)
  eden space 17920K, 17% used [0x00000000eab00000,0x00000000eae07b28,0x00000000ebc80000)
  from space 512K, 56% used [0x00000000ec280000,0x00000000ec2c8c78,0x00000000ec300000)
  to   space 1024K, 0% used [0x00000000ec100000,0x00000000ec100000,0x00000000ec200000)
 ParOldGen       total 68608K, used 24376K [0x00000000c0000000, 0x00000000c4300000, 0x00000000eab00000)
  object space 68608K, 35% used [0x00000000c0000000,0x00000000c17ce288,0x00000000c4300000)
 Metaspace       used 34347K, capacity 36471K, committed 36824K, reserved 1081344K
  class space    used 3279K, capacity 4015K, committed 4096K, reserved 1048576K

Card table byte_map: [0x0000014d0c240000,0x0000014d0c450000] _byte_map_base: 0x0000014d0bc40000

Marking Bits: (ParMarkBitMap*) 0x00007fff8cdc6e90
 Begin Bits: [0x0000014d23ef0000, 0x0000014d24ef0000)
 End Bits:   [0x0000014d24ef0000, 0x0000014d25ef0000)

Polling page: 0x0000014d0a800000

Metaspace:

Usage:
  Non-class:     31.70 MB capacity,    30.34 MB ( 96%) used,     1.28 MB (  4%) free+waste,    73.25 KB ( <1%) overhead. 
      Class:      3.92 MB capacity,     3.20 MB ( 82%) used,   699.98 KB ( 17%) free+waste,    35.25 KB ( <1%) overhead. 
       Both:     35.62 MB capacity,    33.54 MB ( 94%) used,     1.97 MB (  6%) free+waste,   108.50 KB ( <1%) overhead. 

Virtual space:
  Non-class space:       32.00 MB reserved,      31.96 MB (>99%) committed 
      Class space:        1.00 GB reserved,       4.00 MB ( <1%) committed 
             Both:        1.03 GB reserved,      35.96 MB (  3%) committed 

Chunk freelists:
   Non-Class:  56.00 KB
       Class:  17.00 KB
        Both:  73.00 KB

MaxMetaspaceSize: 17179869184.00 GB
CompressedClassSpaceSize: 1.00 GB

CodeHeap 'non-profiled nmethods': size=120000Kb used=1398Kb max_used=1398Kb free=118602Kb
 bounds [0x0000014d1c9c0000, 0x0000014d1cc30000, 0x0000014d23ef0000]
CodeHeap 'profiled nmethods': size=120000Kb used=7000Kb max_used=7000Kb free=112999Kb
 bounds [0x0000014d15490000, 0x0000014d15b70000, 0x0000014d1c9c0000]
CodeHeap 'non-nmethods': size=5760Kb used=1192Kb max_used=1222Kb free=4567Kb
 bounds [0x0000014d14ef0000, 0x0000014d15160000, 0x0000014d15490000]
 total_blobs=3736 nmethods=3181 adapters=468
 compilation: enabled
              stopped_count=0, restarted_count=0
 full_count=0

Compilation events (20 events):
Event: 9.144 Thread 0x0000014d27938000 nmethod 3450 0x0000014d15b4e090 code [0x0000014d15b4e300, 0x0000014d15b4eb08]
Event: 9.149 Thread 0x0000014d27938000 3451   !   3       sun.net.www.protocol.jar.JarFileFactory::getCachedJarFile (146 bytes)
Event: 9.150 Thread 0x0000014d27938000 nmethod 3451 0x0000014d15b4ee10 code [0x0000014d15b4f140, 0x0000014d15b50518]
Event: 9.150 Thread 0x0000014d27938000 3452   !   3       sun.net.www.protocol.jar.JarURLConnection::connect (163 bytes)
Event: 9.152 Thread 0x0000014d27938000 nmethod 3452 0x0000014d15b50c10 code [0x0000014d15b50f80, 0x0000014d15b523e8]
Event: 9.152 Thread 0x0000014d27938000 3454       3       sun.nio.fs.WindowsPath::normalize (365 bytes)
Event: 9.159 Thread 0x0000014d27938000 nmethod 3454 0x0000014d15b52a90 code [0x0000014d15b52fc0, 0x0000014d15b55d98]
Event: 9.159 Thread 0x0000014d27938000 3455       3       java.net.URI::toString (60 bytes)
Event: 9.160 Thread 0x0000014d27938000 nmethod 3455 0x0000014d15b56c90 code [0x0000014d15b56f20, 0x0000014d15b57948]
Event: 9.160 Thread 0x0000014d27938000 3456       3       java.net.URI::appendFragment (27 bytes)
Event: 9.160 Thread 0x0000014d27938000 nmethod 3456 0x0000014d15b57d90 code [0x0000014d15b57f80, 0x0000014d15b58248]
Event: 9.160 Thread 0x0000014d27938000 3457       3       java.net.URI::checkPath (37 bytes)
Event: 9.161 Thread 0x0000014d27938000 nmethod 3457 0x0000014d15b58390 code [0x0000014d15b585c0, 0x0000014d15b58d08]
Event: 9.161 Thread 0x0000014d27938000 3453       3       sun.nio.fs.WindowsPath::normalize (5 bytes)
Event: 9.161 Thread 0x0000014d27938000 nmethod 3453 0x0000014d15b59010 code [0x0000014d15b591c0, 0x0000014d15b59368]
Event: 9.162 Thread 0x0000014d27938000 3458       3       sun.net.www.protocol.jar.JarURLConnection$JarURLInputStream::<init> (11 bytes)
Event: 9.162 Thread 0x0000014d27938000 nmethod 3458 0x0000014d15b59410 code [0x0000014d15b595e0, 0x0000014d15b59838]
Event: 9.183 Thread 0x0000014d27938000 3459       3       java.lang.ClassLoader::defineClass (11 bytes)
Event: 9.183 Thread 0x0000014d27938000 nmethod 3459 0x0000014d15b59990 code [0x0000014d15b59b40, 0x0000014d15b59c68]
Event: 9.243 Thread 0x0000014d27938000 3462   !   3       lombok.launch.ShadowClassLoader::getResourceFromLocation (243 bytes)

GC Heap History (20 events):
Event: 7.074 GC heap before
{Heap before GC invocations=9 (full 1):
 PSYoungGen      total 27136K, used 27110K [0x00000000eab00000, 0x00000000ecb80000, 0x0000000100000000)
  eden space 24064K, 100% used [0x00000000eab00000,0x00000000ec280000,0x00000000ec280000)
  from space 3072K, 99% used [0x00000000ec300000,0x00000000ec5f9b90,0x00000000ec600000)
  to   space 4608K, 0% used [0x00000000ec700000,0x00000000ec700000,0x00000000ecb80000)
 ParOldGen       total 68608K, used 7228K [0x00000000c0000000, 0x00000000c4300000, 0x00000000eab00000)
  object space 68608K, 10% used [0x00000000c0000000,0x00000000c070f2e8,0x00000000c4300000)
 Metaspace       used 31028K, capacity 32926K, committed 33152K, reserved 1079296K
  class space    used 2989K, capacity 3709K, committed 3712K, reserved 1048576K
}
Event: 7.128 GC heap after
{Heap after GC invocations=9 (full 1):
 PSYoungGen      total 27648K, used 4601K [0x00000000eab00000, 0x00000000ecd00000, 0x0000000100000000)
  eden space 23040K, 0% used [0x00000000eab00000,0x00000000eab00000,0x00000000ec180000)
  from space 4608K, 99% used [0x00000000ec700000,0x00000000ecb7e438,0x00000000ecb80000)
  to   space 5632K, 0% used [0x00000000ec180000,0x00000000ec180000,0x00000000ec700000)
 ParOldGen       total 68608K, used 7580K [0x00000000c0000000, 0x00000000c4300000, 0x00000000eab00000)
  object space 68608K, 11% used [0x00000000c0000000,0x00000000c0767328,0x00000000c4300000)
 Metaspace       used 31028K, capacity 32926K, committed 33152K, reserved 1079296K
  class space    used 2989K, capacity 3709K, committed 3712K, reserved 1048576K
}
Event: 7.264 GC heap before
{Heap before GC invocations=10 (full 1):
 PSYoungGen      total 27648K, used 27641K [0x00000000eab00000, 0x00000000ecd00000, 0x0000000100000000)
  eden space 23040K, 100% used [0x00000000eab00000,0x00000000ec180000,0x00000000ec180000)
  from space 4608K, 99% used [0x00000000ec700000,0x00000000ecb7e438,0x00000000ecb80000)
  to   space 5632K, 0% used [0x00000000ec180000,0x00000000ec180000,0x00000000ec700000)
 ParOldGen       total 68608K, used 7580K [0x00000000c0000000, 0x00000000c4300000, 0x00000000eab00000)
  object space 68608K, 11% used [0x00000000c0000000,0x00000000c0767328,0x00000000c4300000)
 Metaspace       used 31077K, capacity 32926K, committed 33152K, reserved 1079296K
  class space    used 2990K, capacity 3709K, committed 3712K, reserved 1048576K
}
Event: 7.278 GC heap after
{Heap after GC invocations=10 (full 1):
 PSYoungGen      total 27648K, used 4672K [0x00000000eab00000, 0x00000000ecb00000, 0x0000000100000000)
  eden space 22528K, 0% used [0x00000000eab00000,0x00000000eab00000,0x00000000ec100000)
  from space 5120K, 91% used [0x00000000ec180000,0x00000000ec610030,0x00000000ec680000)
  to   space 4608K, 0% used [0x00000000ec680000,0x00000000ec680000,0x00000000ecb00000)
 ParOldGen       total 68608K, used 9324K [0x00000000c0000000, 0x00000000c4300000, 0x00000000eab00000)
  object space 68608K, 13% used [0x00000000c0000000,0x00000000c091b1a8,0x00000000c4300000)
 Metaspace       used 31077K, capacity 32926K, committed 33152K, reserved 1079296K
  class space    used 2990K, capacity 3709K, committed 3712K, reserved 1048576K
}
Event: 7.454 GC heap before
{Heap before GC invocations=11 (full 1):
 PSYoungGen      total 27648K, used 27200K [0x00000000eab00000, 0x00000000ecb00000, 0x0000000100000000)
  eden space 22528K, 100% used [0x00000000eab00000,0x00000000ec100000,0x00000000ec100000)
  from space 5120K, 91% used [0x00000000ec180000,0x00000000ec610030,0x00000000ec680000)
  to   space 4608K, 0% used [0x00000000ec680000,0x00000000ec680000,0x00000000ecb00000)
 ParOldGen       total 68608K, used 9324K [0x00000000c0000000, 0x00000000c4300000, 0x00000000eab00000)
  object space 68608K, 13% used [0x00000000c0000000,0x00000000c091b1a8,0x00000000c4300000)
 Metaspace       used 31164K, capacity 33054K, committed 33152K, reserved 1079296K
  class space    used 2994K, capacity 3709K, committed 3712K, reserved 1048576K
}
Event: 7.479 GC heap after
{Heap after GC invocations=11 (full 1):
 PSYoungGen      total 26112K, used 3712K [0x00000000eab00000, 0x00000000eca80000, 0x0000000100000000)
  eden space 22016K, 0% used [0x00000000eab00000,0x00000000eab00000,0x00000000ec080000)
  from space 4096K, 90% used [0x00000000ec680000,0x00000000eca20010,0x00000000eca80000)
  to   space 4096K, 0% used [0x00000000ec280000,0x00000000ec280000,0x00000000ec680000)
 ParOldGen       total 68608K, used 12125K [0x00000000c0000000, 0x00000000c4300000, 0x00000000eab00000)
  object space 68608K, 17% used [0x00000000c0000000,0x00000000c0bd7780,0x00000000c4300000)
 Metaspace       used 31164K, capacity 33054K, committed 33152K, reserved 1079296K
  class space    used 2994K, capacity 3709K, committed 3712K, reserved 1048576K
}
Event: 7.603 GC heap before
{Heap before GC invocations=12 (full 1):
 PSYoungGen      total 26112K, used 25728K [0x00000000eab00000, 0x00000000eca80000, 0x0000000100000000)
  eden space 22016K, 100% used [0x00000000eab00000,0x00000000ec080000,0x00000000ec080000)
  from space 4096K, 90% used [0x00000000ec680000,0x00000000eca20010,0x00000000eca80000)
  to   space 4096K, 0% used [0x00000000ec280000,0x00000000ec280000,0x00000000ec680000)
 ParOldGen       total 68608K, used 12125K [0x00000000c0000000, 0x00000000c4300000, 0x00000000eab00000)
  object space 68608K, 17% used [0x00000000c0000000,0x00000000c0bd7780,0x00000000c4300000)
 Metaspace       used 31247K, capacity 33118K, committed 33152K, reserved 1079296K
  class space    used 3003K, capacity 3709K, committed 3712K, reserved 1048576K
}
Event: 7.619 GC heap after
{Heap after GC invocations=12 (full 1):
 PSYoungGen      total 24576K, used 2336K [0x00000000eab00000, 0x00000000ec700000, 0x0000000100000000)
  eden space 22016K, 0% used [0x00000000eab00000,0x00000000eab00000,0x00000000ec080000)
  from space 2560K, 91% used [0x00000000ec280000,0x00000000ec4c8010,0x00000000ec500000)
  to   space 2048K, 0% used [0x00000000ec500000,0x00000000ec500000,0x00000000ec700000)
 ParOldGen       total 68608K, used 15800K [0x00000000c0000000, 0x00000000c4300000, 0x00000000eab00000)
  object space 68608K, 23% used [0x00000000c0000000,0x00000000c0f6e2a8,0x00000000c4300000)
 Metaspace       used 31247K, capacity 33118K, committed 33152K, reserved 1079296K
  class space    used 3003K, capacity 3709K, committed 3712K, reserved 1048576K
}
Event: 7.733 GC heap before
{Heap before GC invocations=13 (full 1):
 PSYoungGen      total 24576K, used 24352K [0x00000000eab00000, 0x00000000ec700000, 0x0000000100000000)
  eden space 22016K, 100% used [0x00000000eab00000,0x00000000ec080000,0x00000000ec080000)
  from space 2560K, 91% used [0x00000000ec280000,0x00000000ec4c8010,0x00000000ec500000)
  to   space 2048K, 0% used [0x00000000ec500000,0x00000000ec500000,0x00000000ec700000)
 ParOldGen       total 68608K, used 15800K [0x00000000c0000000, 0x00000000c4300000, 0x00000000eab00000)
  object space 68608K, 23% used [0x00000000c0000000,0x00000000c0f6e2a8,0x00000000c4300000)
 Metaspace       used 31247K, capacity 33118K, committed 33152K, reserved 1079296K
  class space    used 3003K, capacity 3709K, committed 3712K, reserved 1048576K
}
Event: 7.747 GC heap after
{Heap after GC invocations=13 (full 1):
 PSYoungGen      total 23552K, used 2016K [0x00000000eab00000, 0x00000000eca80000, 0x0000000100000000)
  eden space 21504K, 0% used [0x00000000eab00000,0x00000000eab00000,0x00000000ec000000)
  from space 2048K, 98% used [0x00000000ec500000,0x00000000ec6f8010,0x00000000ec700000)
  to   space 5120K, 0% used [0x00000000ec000000,0x00000000ec000000,0x00000000ec500000)
 ParOldGen       total 68608K, used 18176K [0x00000000c0000000, 0x00000000c4300000, 0x00000000eab00000)
  object space 68608K, 26% used [0x00000000c0000000,0x00000000c11c0388,0x00000000c4300000)
 Metaspace       used 31247K, capacity 33118K, committed 33152K, reserved 1079296K
  class space    used 3003K, capacity 3709K, committed 3712K, reserved 1048576K
}
Event: 7.874 GC heap before
{Heap before GC invocations=14 (full 1):
 PSYoungGen      total 23552K, used 23520K [0x00000000eab00000, 0x00000000eca80000, 0x0000000100000000)
  eden space 21504K, 100% used [0x00000000eab00000,0x00000000ec000000,0x00000000ec000000)
  from space 2048K, 98% used [0x00000000ec500000,0x00000000ec6f8010,0x00000000ec700000)
  to   space 5120K, 0% used [0x00000000ec000000,0x00000000ec000000,0x00000000ec500000)
 ParOldGen       total 68608K, used 18176K [0x00000000c0000000, 0x00000000c4300000, 0x00000000eab00000)
  object space 68608K, 26% used [0x00000000c0000000,0x00000000c11c0388,0x00000000c4300000)
 Metaspace       used 31248K, capacity 33119K, committed 33152K, reserved 1079296K
  class space    used 3003K, capacity 3709K, committed 3712K, reserved 1048576K
}
Event: 7.884 GC heap after
{Heap after GC invocations=14 (full 1):
 PSYoungGen      total 23552K, used 1824K [0x00000000eab00000, 0x00000000ec600000, 0x0000000100000000)
  eden space 21504K, 0% used [0x00000000eab00000,0x00000000eab00000,0x00000000ec000000)
  from space 2048K, 89% used [0x00000000ec000000,0x00000000ec1c8000,0x00000000ec200000)
  to   space 3072K, 0% used [0x00000000ec300000,0x00000000ec300000,0x00000000ec600000)
 ParOldGen       total 68608K, used 20200K [0x00000000c0000000, 0x00000000c4300000, 0x00000000eab00000)
  object space 68608K, 29% used [0x00000000c0000000,0x00000000c13ba398,0x00000000c4300000)
 Metaspace       used 31248K, capacity 33119K, committed 33152K, reserved 1079296K
  class space    used 3003K, capacity 3709K, committed 3712K, reserved 1048576K
}
Event: 8.280 GC heap before
{Heap before GC invocations=15 (full 1):
 PSYoungGen      total 23552K, used 23328K [0x00000000eab00000, 0x00000000ec600000, 0x0000000100000000)
  eden space 21504K, 100% used [0x00000000eab00000,0x00000000ec000000,0x00000000ec000000)
  from space 2048K, 89% used [0x00000000ec000000,0x00000000ec1c8000,0x00000000ec200000)
  to   space 3072K, 0% used [0x00000000ec300000,0x00000000ec300000,0x00000000ec600000)
 ParOldGen       total 68608K, used 20200K [0x00000000c0000000, 0x00000000c4300000, 0x00000000eab00000)
  object space 68608K, 29% used [0x00000000c0000000,0x00000000c13ba398,0x00000000c4300000)
 Metaspace       used 31831K, capacity 33851K, committed 34048K, reserved 1079296K
  class space    used 3042K, capacity 3782K, committed 3840K, reserved 1048576K
}
Event: 8.296 GC heap after
{Heap after GC invocations=15 (full 1):
 PSYoungGen      total 20992K, used 3057K [0x00000000eab00000, 0x00000000ecd00000, 0x0000000100000000)
  eden space 17920K, 0% used [0x00000000eab00000,0x00000000eab00000,0x00000000ebc80000)
  from space 3072K, 99% used [0x00000000ec300000,0x00000000ec5fc410,0x00000000ec600000)
  to   space 6656K, 0% used [0x00000000ebc80000,0x00000000ebc80000,0x00000000ec300000)
 ParOldGen       total 68608K, used 22865K [0x00000000c0000000, 0x00000000c4300000, 0x00000000eab00000)
  object space 68608K, 33% used [0x00000000c0000000,0x00000000c1654698,0x00000000c4300000)
 Metaspace       used 31831K, capacity 33851K, committed 34048K, reserved 1079296K
  class space    used 3042K, capacity 3782K, committed 3840K, reserved 1048576K
}
Event: 8.602 GC heap before
{Heap before GC invocations=16 (full 1):
 PSYoungGen      total 20992K, used 20170K [0x00000000eab00000, 0x00000000ecd00000, 0x0000000100000000)
  eden space 17920K, 95% used [0x00000000eab00000,0x00000000ebbb6508,0x00000000ebc80000)
  from space 3072K, 99% used [0x00000000ec300000,0x00000000ec5fc410,0x00000000ec600000)
  to   space 6656K, 0% used [0x00000000ebc80000,0x00000000ebc80000,0x00000000ec300000)
 ParOldGen       total 68608K, used 22865K [0x00000000c0000000, 0x00000000c4300000, 0x00000000eab00000)
  object space 68608K, 33% used [0x00000000c0000000,0x00000000c1654698,0x00000000c4300000)
 Metaspace       used 33315K, capacity 35311K, committed 35416K, reserved 1081344K
  class space    used 3154K, capacity 3882K, committed 3968K, reserved 1048576K
}
Event: 8.611 GC heap after
{Heap after GC invocations=16 (full 1):
 PSYoungGen      total 18432K, used 357K [0x00000000eab00000, 0x00000000ec500000, 0x0000000100000000)
  eden space 17920K, 0% used [0x00000000eab00000,0x00000000eab00000,0x00000000ebc80000)
  from space 512K, 69% used [0x00000000ebc80000,0x00000000ebcd9450,0x00000000ebd00000)
  to   space 2560K, 0% used [0x00000000ec280000,0x00000000ec280000,0x00000000ec500000)
 ParOldGen       total 68608K, used 25402K [0x00000000c0000000, 0x00000000c4300000, 0x00000000eab00000)
  object space 68608K, 37% used [0x00000000c0000000,0x00000000c18ceae0,0x00000000c4300000)
 Metaspace       used 33315K, capacity 35311K, committed 35416K, reserved 1081344K
  class space    used 3154K, capacity 3882K, committed 3968K, reserved 1048576K
}
Event: 8.611 GC heap before
{Heap before GC invocations=17 (full 2):
 PSYoungGen      total 18432K, used 357K [0x00000000eab00000, 0x00000000ec500000, 0x0000000100000000)
  eden space 17920K, 0% used [0x00000000eab00000,0x00000000eab00000,0x00000000ebc80000)
  from space 512K, 69% used [0x00000000ebc80000,0x00000000ebcd9450,0x00000000ebd00000)
  to   space 2560K, 0% used [0x00000000ec280000,0x00000000ec280000,0x00000000ec500000)
 ParOldGen       total 68608K, used 25402K [0x00000000c0000000, 0x00000000c4300000, 0x00000000eab00000)
  object space 68608K, 37% used [0x00000000c0000000,0x00000000c18ceae0,0x00000000c4300000)
 Metaspace       used 33315K, capacity 35311K, committed 35416K, reserved 1081344K
  class space    used 3154K, capacity 3882K, committed 3968K, reserved 1048576K
}
Event: 8.757 GC heap after
{Heap after GC invocations=17 (full 2):
 PSYoungGen      total 18432K, used 0K [0x00000000eab00000, 0x00000000ec500000, 0x0000000100000000)
  eden space 17920K, 0% used [0x00000000eab00000,0x00000000eab00000,0x00000000ebc80000)
  from space 512K, 0% used [0x00000000ebc80000,0x00000000ebc80000,0x00000000ebd00000)
  to   space 2560K, 0% used [0x00000000ec280000,0x00000000ec280000,0x00000000ec500000)
 ParOldGen       total 68608K, used 24368K [0x00000000c0000000, 0x00000000c4300000, 0x00000000eab00000)
  object space 68608K, 35% used [0x00000000c0000000,0x00000000c17cc288,0x00000000c4300000)
 Metaspace       used 33315K, capacity 35311K, committed 35416K, reserved 1081344K
  class space    used 3154K, capacity 3882K, committed 3968K, reserved 1048576K
}
Event: 9.209 GC heap before
{Heap before GC invocations=18 (full 2):
 PSYoungGen      total 18432K, used 17920K [0x00000000eab00000, 0x00000000ec500000, 0x0000000100000000)
  eden space 17920K, 100% used [0x00000000eab00000,0x00000000ebc80000,0x00000000ebc80000)
  from space 512K, 0% used [0x00000000ebc80000,0x00000000ebc80000,0x00000000ebd00000)
  to   space 2560K, 0% used [0x00000000ec280000,0x00000000ec280000,0x00000000ec500000)
 ParOldGen       total 68608K, used 24368K [0x00000000c0000000, 0x00000000c4300000, 0x00000000eab00000)
  object space 68608K, 35% used [0x00000000c0000000,0x00000000c17cc288,0x00000000c4300000)
 Metaspace       used 34051K, capacity 36119K, committed 36312K, reserved 1081344K
  class space    used 3255K, capacity 3983K, committed 4096K, reserved 1048576K
}
Event: 9.218 GC heap after
{Heap after GC invocations=18 (full 2):
 PSYoungGen      total 18432K, used 291K [0x00000000eab00000, 0x00000000ec300000, 0x0000000100000000)
  eden space 17920K, 0% used [0x00000000eab00000,0x00000000eab00000,0x00000000ebc80000)
  from space 512K, 56% used [0x00000000ec280000,0x00000000ec2c8c78,0x00000000ec300000)
  to   space 1024K, 0% used [0x00000000ec100000,0x00000000ec100000,0x00000000ec200000)
 ParOldGen       total 68608K, used 24376K [0x00000000c0000000, 0x00000000c4300000, 0x00000000eab00000)
  object space 68608K, 35% used [0x00000000c0000000,0x00000000c17ce288,0x00000000c4300000)
 Metaspace       used 34051K, capacity 36119K, committed 36312K, reserved 1081344K
  class space    used 3255K, capacity 3983K, committed 4096K, reserved 1048576K
}

Deoptimization events (20 events):
Event: 8.520 Thread 0x0000014d29b89800 Uncommon trap: trap_request=0xffffff4d fr.pc=0x0000014d1cb1af24 relative=0x00000000000002e4
Event: 8.520 Thread 0x0000014d29b89800 Uncommon trap: reason=unstable_if action=reinterpret pc=0x0000014d1cb1af24 method=org.objectweb.asm.Label.resolve([BI)Z @ 80 c2
Event: 8.520 Thread 0x0000014d29b89800 DEOPT PACKING pc=0x0000014d1cb1af24 sp=0x00000039e1bfa910
Event: 8.520 Thread 0x0000014d29b89800 DEOPT UNPACKING pc=0x0000014d14f16caf sp=0x00000039e1bfa810 mode 2
Event: 8.793 Thread 0x0000014d29b89800 DEOPT PACKING pc=0x0000014d15514b93 sp=0x00000039e1bf82d0
Event: 8.793 Thread 0x0000014d29b89800 DEOPT UNPACKING pc=0x0000014d14f16ace sp=0x00000039e1bf7810 mode 0
Event: 8.867 Thread 0x0000014d29b89800 DEOPT PACKING pc=0x0000014d15514b93 sp=0x00000039e1bfa7a0
Event: 8.867 Thread 0x0000014d29b89800 DEOPT UNPACKING pc=0x0000014d14f16ace sp=0x00000039e1bf9ce0 mode 0
Event: 8.937 Thread 0x0000014d29b89800 DEOPT PACKING pc=0x0000014d15514b93 sp=0x00000039e1bfa7a0
Event: 8.937 Thread 0x0000014d29b89800 DEOPT UNPACKING pc=0x0000014d14f16ace sp=0x00000039e1bf9ce0 mode 0
Event: 9.047 Thread 0x0000014d29b89800 DEOPT PACKING pc=0x0000014d15514b93 sp=0x00000039e1bfae90
Event: 9.047 Thread 0x0000014d29b89800 DEOPT UNPACKING pc=0x0000014d14f16ace sp=0x00000039e1bfa3d0 mode 0
Event: 9.140 Thread 0x0000014d29b89800 DEOPT PACKING pc=0x0000014d15514b93 sp=0x00000039e1bfaea0
Event: 9.140 Thread 0x0000014d29b89800 DEOPT UNPACKING pc=0x0000014d14f16ace sp=0x00000039e1bfa3e0 mode 0
Event: 9.200 Thread 0x0000014d29b89800 Uncommon trap: trap_request=0xffffff4d fr.pc=0x0000014d1caa9f8c relative=0x0000000000000eec
Event: 9.200 Thread 0x0000014d29b89800 Uncommon trap: reason=unstable_if action=reinterpret pc=0x0000014d1caa9f8c method=java.util.TreeMap.put(Ljava/lang/Object;Ljava/lang/Object;)Ljava/lang/Object; @ 55 c2
Event: 9.200 Thread 0x0000014d29b89800 DEOPT PACKING pc=0x0000014d1caa9f8c sp=0x00000039e1bfc1c0
Event: 9.200 Thread 0x0000014d29b89800 DEOPT UNPACKING pc=0x0000014d14f16caf sp=0x00000039e1bfc188 mode 2
Event: 9.242 Thread 0x0000014d29b89800 DEOPT PACKING pc=0x0000014d15514b93 sp=0x00000039e1bfb6f0
Event: 9.242 Thread 0x0000014d29b89800 DEOPT UNPACKING pc=0x0000014d14f16ace sp=0x00000039e1bfac30 mode 0

Classes redefined (0 events):
No events

Internal exceptions (20 events):
Event: 3.221 Thread 0x0000014d27ad5800 Exception <a 'java/lang/NoSuchMethodError'{0x00000000eae637a0}: 'java.lang.Object java.lang.invoke.DelegatingMethodHandle$Holder.reinvoke_L(java.lang.Object, int, int, java.lang.Object, java.lang.Object, java.lang.Object)'> (0x00000000eae637a0) thrown at [./src/hotspot/share/interpreter/linkResolver.cpp, line 773]
Event: 3.519 Thread 0x0000014d27ad5800 Exception <a 'java/io/FileNotFoundException'{0x00000000eb828520}> (0x00000000eb828520) thrown at [./src/hotspot/share/prims/jni.cpp, line 615]
Event: 3.910 Thread 0x0000014d27ad5800 Exception <a 'java/lang/NoSuchMethodError'{0x00000000ec39f2d0}: 'void java.lang.invoke.DirectMethodHandle$Holder.invokeSpecial(java.lang.Object, java.lang.Object, java.lang.Object, java.lang.Object)'> (0x00000000ec39f2d0) thrown at [./src/hotspot/share/interpreter/linkResolver.cpp, line 773]
Event: 3.924 Thread 0x0000014d27ad5800 Exception <a 'java/io/FileNotFoundException'{0x00000000ec3fc1c8}> (0x00000000ec3fc1c8) thrown at [./src/hotspot/share/prims/jni.cpp, line 615]
Event: 4.228 Thread 0x0000014d27ad5800 Exception <a 'java/lang/NoSuchMethodError'{0x00000000eae0ee48}: 'int java.lang.invoke.DirectMethodHandle$Holder.invokeStaticInit(java.lang.Object, java.lang.Object, java.lang.Object)'> (0x00000000eae0ee48) thrown at [./src/hotspot/share/interpreter/linkResolver.cpp, line 773]
Event: 4.240 Thread 0x0000014d27ad5800 Exception <a 'java/lang/IncompatibleClassChangeError'{0x00000000eae9e990}: Found class java.lang.Object, but interface was expected> (0x00000000eae9e990) thrown at [./src/hotspot/share/interpreter/linkResolver.cpp, line 839]
Event: 4.593 Thread 0x0000014d27ad5800 Exception <a 'java/lang/ClassNotFoundException'{0x00000000eac000d8}: com/sun/org/apache/xerces/internal/impl/msg/spi/DOMMessagesProvider> (0x00000000eac000d8) thrown at [./src/hotspot/share/classfile/systemDictionary.cpp, line 231]
Event: 4.598 Thread 0x0000014d27ad5800 Exception <a 'java/lang/ClassNotFoundException'{0x00000000eac2b5f8}: com/sun/org/apache/xerces/internal/impl/msg/spi/XMLSerializerMessagesProvider> (0x00000000eac2b5f8) thrown at [./src/hotspot/share/classfile/systemDictionary.cpp, line 231]
Event: 4.600 Thread 0x0000014d27ad5800 Exception <a 'java/lang/ClassNotFoundException'{0x00000000eac36d58}: com/sun/org/apache/xerces/internal/impl/msg/spi/XMLMessagesProvider> (0x00000000eac36d58) thrown at [./src/hotspot/share/classfile/systemDictionary.cpp, line 231]
Event: 5.278 Thread 0x0000014d27ad5800 Exception <a 'java/lang/ClassNotFoundException'{0x00000000eb1f9a60}: com/sun/org/apache/xml/internal/serializer/spi/XMLEntitiesProvider> (0x00000000eb1f9a60) thrown at [./src/hotspot/share/classfile/systemDictionary.cpp, line 231]
Event: 5.448 Thread 0x0000014d27ad5800 Exception <a 'java/io/FileNotFoundException'{0x00000000eb641ad0}> (0x00000000eb641ad0) thrown at [./src/hotspot/share/prims/jni.cpp, line 615]
Event: 5.601 Thread 0x0000014d27ad5800 Exception <a 'java/io/FileNotFoundException'{0x00000000eb6acb30}> (0x00000000eb6acb30) thrown at [./src/hotspot/share/prims/jni.cpp, line 615]
Event: 5.617 Thread 0x0000014d27ad5800 Exception <a 'java/io/FileNotFoundException'{0x00000000eb721c00}> (0x00000000eb721c00) thrown at [./src/hotspot/share/prims/jni.cpp, line 615]
Event: 6.173 Thread 0x0000014d29b89800 Exception <a 'java/io/FileNotFoundException'{0x00000000eaf0f540}> (0x00000000eaf0f540) thrown at [./src/hotspot/share/prims/jni.cpp, line 615]
Event: 6.790 Thread 0x0000014d27ad7000 Exception <a 'java/io/FileNotFoundException'{0x00000000eb2a6160}> (0x00000000eb2a6160) thrown at [./src/hotspot/share/prims/jni.cpp, line 615]
Event: 6.791 Thread 0x0000014d27ad7000 Exception <a 'java/io/FileNotFoundException'{0x00000000eb2a7cd8}> (0x00000000eb2a7cd8) thrown at [./src/hotspot/share/prims/jni.cpp, line 615]
Event: 6.796 Thread 0x0000014d27ad7000 Exception <a 'java/lang/NoSuchMethodError'{0x00000000eb2bb3a8}: 'void java.lang.invoke.DirectMethodHandle$Holder.invokeStaticInit(java.lang.Object, java.lang.Object, java.lang.Object)'> (0x00000000eb2bb3a8) thrown at [./src/hotspot/share/interpreter/linkResolver.cpp, line 773]
Event: 8.145 Thread 0x0000014d29b89800 Exception <a 'java/lang/NoSuchMethodError'{0x00000000ebbf4880}: 'java.lang.Object java.lang.invoke.DirectMethodHandle$Holder.invokeInterface(java.lang.Object, java.lang.Object, java.lang.Object)'> (0x00000000ebbf4880) thrown at [./src/hotspot/share/interpreter/linkResolver.cpp, line 773]
Event: 8.591 Thread 0x0000014d29b89800 Exception <a 'java/lang/ArrayIndexOutOfBoundsException'{0x00000000ebb37d40}: Index 324 out of bounds for length 324> (0x00000000ebb37d40) thrown at [./src/hotspot/share/interpreter/interpreterRuntime.cpp, line 459]
Event: 9.200 Thread 0x0000014d29b89800 Implicit null exception at 0x0000014d1caa9102 to 0x0000014d1caa9f6c

Events (20 events):
Event: 8.587 Executing VM operation: RevokeBias
Event: 8.587 Executing VM operation: RevokeBias done
Event: 8.588 Thread 0x0000014d27ad3000 Thread exited: 0x0000014d27ad3000
Event: 8.590 loading class java/lang/ArrayIndexOutOfBoundsException
Event: 8.591 loading class java/lang/IndexOutOfBoundsException
Event: 8.591 loading class java/lang/IndexOutOfBoundsException done
Event: 8.591 loading class java/lang/ArrayIndexOutOfBoundsException done
Event: 8.594 Executing VM operation: RevokeBias
Event: 8.594 Executing VM operation: RevokeBias done
Event: 8.594 Executing VM operation: RevokeBias
Event: 8.595 Executing VM operation: RevokeBias done
Event: 8.596 Thread 0x0000014d28e04800 Thread exited: 0x0000014d28e04800
Event: 8.602 Executing VM operation: CollectForMetadataAllocation
Event: 8.757 Executing VM operation: CollectForMetadataAllocation done
Event: 8.995 loading class java/util/Vector$1
Event: 8.995 loading class java/util/Vector$1 done
Event: 9.200 loading class java/util/Collections$UnmodifiableSortedSet
Event: 9.200 loading class java/util/Collections$UnmodifiableSortedSet done
Event: 9.209 Executing VM operation: ParallelGCFailedAllocation
Event: 9.218 Executing VM operation: ParallelGCFailedAllocation done


Dynamic libraries:
0x00007ff7eb960000 - 0x00007ff7eb96d000 	C:\Program Files\AdoptOpenJDK\jdk-11.0.8.10-hotspot\bin\java.exe
0x00007fffcb970000 - 0x00007fffcbb65000 	C:\WINDOWS\SYSTEM32\ntdll.dll
0x00007fff8f6e0000 - 0x00007fff8f6f5000 	C:\Program Files\Avast Software\Avast\aswhook.dll
0x00007fffc99c0000 - 0x00007fffc9a7e000 	C:\WINDOWS\System32\KERNEL32.DLL
0x00007fffc9090000 - 0x00007fffc9359000 	C:\WINDOWS\System32\KERNELBASE.dll
0x00007fffc98c0000 - 0x00007fffc99c0000 	C:\WINDOWS\System32\ucrtbase.dll
0x00007fffc4bd0000 - 0x00007fffc4be5000 	C:\Program Files\AdoptOpenJDK\jdk-11.0.8.10-hotspot\bin\VCRUNTIME140.dll
0x00007fffc3fa0000 - 0x00007fffc3fb7000 	C:\Program Files\AdoptOpenJDK\jdk-11.0.8.10-hotspot\bin\jli.dll
0x00007fffc9a80000 - 0x00007fffc9c21000 	C:\WINDOWS\System32\USER32.dll
0x00007fffb98a0000 - 0x00007fffb9b3a000 	C:\WINDOWS\WinSxS\amd64_microsoft.windows.common-controls_6595b64144ccf1df_6.0.19041.1110_none_60b5254171f9507e\COMCTL32.dll
0x00007fffcb880000 - 0x00007fffcb91e000 	C:\WINDOWS\System32\msvcrt.dll
0x00007fffc9890000 - 0x00007fffc98b2000 	C:\WINDOWS\System32\win32u.dll
0x00007fffcb0f0000 - 0x00007fffcb11b000 	C:\WINDOWS\System32\GDI32.dll
0x00007fffc9780000 - 0x00007fffc988b000 	C:\WINDOWS\System32\gdi32full.dll
0x00007fffc9470000 - 0x00007fffc950d000 	C:\WINDOWS\System32\msvcp_win.dll
0x00007fffcb850000 - 0x00007fffcb880000 	C:\WINDOWS\System32\IMM32.DLL
0x00007fffc3b90000 - 0x00007fffc3c2b000 	C:\Program Files\AdoptOpenJDK\jdk-11.0.8.10-hotspot\bin\msvcp140.dll
0x00007fff8c3c0000 - 0x00007fff8ce7d000 	C:\Program Files\AdoptOpenJDK\jdk-11.0.8.10-hotspot\bin\server\jvm.dll
0x00007fffcaee0000 - 0x00007fffcaf8c000 	C:\WINDOWS\System32\ADVAPI32.dll
0x00007fffca190000 - 0x00007fffca22b000 	C:\WINDOWS\System32\sechost.dll
0x00007fffcb180000 - 0x00007fffcb2aa000 	C:\WINDOWS\System32\RPCRT4.dll
0x00007fffcb920000 - 0x00007fffcb928000 	C:\WINDOWS\System32\PSAPI.DLL
0x00007fffb7c50000 - 0x00007fffb7c59000 	C:\WINDOWS\SYSTEM32\WSOCK32.dll
0x00007fffc0dd0000 - 0x00007fffc0df7000 	C:\WINDOWS\SYSTEM32\WINMM.dll
0x00007fffc2070000 - 0x00007fffc207a000 	C:\WINDOWS\SYSTEM32\VERSION.dll
0x00007fffca500000 - 0x00007fffca56b000 	C:\WINDOWS\System32\WS2_32.dll
0x00007fffc6f90000 - 0x00007fffc6fa2000 	C:\WINDOWS\SYSTEM32\kernel.appcore.dll
0x00007fffc55e0000 - 0x00007fffc55f0000 	C:\Program Files\AdoptOpenJDK\jdk-11.0.8.10-hotspot\bin\verify.dll
0x00007fffbaf00000 - 0x00007fffbb0e4000 	C:\WINDOWS\SYSTEM32\DBGHELP.DLL
0x00007fffbfb40000 - 0x00007fffbfb6c000 	C:\WINDOWS\SYSTEM32\dbgcore.DLL
0x00007fffc9540000 - 0x00007fffc95c3000 	C:\WINDOWS\System32\bcryptPrimitives.dll
0x00007fffc3b60000 - 0x00007fffc3b88000 	C:\Program Files\AdoptOpenJDK\jdk-11.0.8.10-hotspot\bin\java.dll
0x00007fffc4c50000 - 0x00007fffc4c5a000 	C:\Program Files\AdoptOpenJDK\jdk-11.0.8.10-hotspot\bin\jimage.dll
0x00007fffc3f90000 - 0x00007fffc3f9e000 	C:\Program Files\AdoptOpenJDK\jdk-11.0.8.10-hotspot\bin\instrument.dll
0x00007fffc3b40000 - 0x00007fffc3b57000 	C:\Program Files\AdoptOpenJDK\jdk-11.0.8.10-hotspot\bin\zip.dll
0x00007fffca7a0000 - 0x00007fffcaedf000 	C:\WINDOWS\System32\SHELL32.dll
0x00007fffc7190000 - 0x00007fffc7920000 	C:\WINDOWS\SYSTEM32\windows.storage.dll
0x00007fffcb4f0000 - 0x00007fffcb845000 	C:\WINDOWS\System32\combase.dll
0x00007fffc8ae0000 - 0x00007fffc8b0c000 	C:\WINDOWS\SYSTEM32\Wldp.dll
0x00007fffcb2b0000 - 0x00007fffcb35e000 	C:\WINDOWS\System32\SHCORE.dll
0x00007fffca410000 - 0x00007fffca465000 	C:\WINDOWS\System32\shlwapi.dll
0x00007fffc8fd0000 - 0x00007fffc8fef000 	C:\WINDOWS\SYSTEM32\profapi.dll
0x00007fffc3b20000 - 0x00007fffc3b39000 	C:\Program Files\AdoptOpenJDK\jdk-11.0.8.10-hotspot\bin\net.dll
0x00007fffbfbb0000 - 0x00007fffbfcb8000 	C:\WINDOWS\SYSTEM32\WINHTTP.dll
0x00007fffc8840000 - 0x00007fffc88aa000 	C:\WINDOWS\system32\mswsock.dll
0x00007fffc3b00000 - 0x00007fffc3b12000 	C:\Program Files\AdoptOpenJDK\jdk-11.0.8.10-hotspot\bin\nio.dll
0x00007fffc8a30000 - 0x00007fffc8a48000 	C:\WINDOWS\SYSTEM32\CRYPTSP.dll
0x00007fffc8150000 - 0x00007fffc8184000 	C:\WINDOWS\system32\rsaenh.dll
0x00007fffc9510000 - 0x00007fffc9537000 	C:\WINDOWS\System32\bcrypt.dll
0x00007fffc8f90000 - 0x00007fffc8fbe000 	C:\WINDOWS\SYSTEM32\USERENV.dll
0x00007fffc8a50000 - 0x00007fffc8a5c000 	C:\WINDOWS\SYSTEM32\CRYPTBASE.dll
0x00007fffc84e0000 - 0x00007fffc851b000 	C:\WINDOWS\SYSTEM32\IPHLPAPI.DLL
0x00007fffc9d00000 - 0x00007fffc9d08000 	C:\WINDOWS\System32\NSI.dll
0x00007fffc0f30000 - 0x00007fffc0f47000 	C:\WINDOWS\SYSTEM32\dhcpcsvc6.DLL
0x00007fffc0d90000 - 0x00007fffc0dad000 	C:\WINDOWS\SYSTEM32\dhcpcsvc.DLL
0x00007fffc8530000 - 0x00007fffc85fc000 	C:\WINDOWS\SYSTEM32\DNSAPI.dll
0x00007fffc3aa0000 - 0x00007fffc3ade000 	C:\Users\ACER\AppData\Roaming\Code\User\globalStorage\redhat.java\0.82.0\config_ss_win\org.eclipse.equinox.launcher\org.eclipse.equinox.launcher.win32.win32.x86_64_1.2.300.v20210828-0802\eclipse_11506.dll
0x00007fffcafa0000 - 0x00007fffcb0ca000 	C:\WINDOWS\System32\ole32.dll
0x00007fffc3a40000 - 0x00007fffc3a51000 	C:\Users\ACER\AppData\Roaming\Code\User\globalStorage\redhat.java\0.82.0\config_ss_win\org.eclipse.osgi\16\0\.cp\jWinHttp-1.0.0.dll

dbghelp: loaded successfully - version: 4.0.5 - missing functions: none
symbol engine: initialized successfully - sym options: 0x614 - pdb path: .;C:\Program Files\AdoptOpenJDK\jdk-11.0.8.10-hotspot\bin;C:\WINDOWS\SYSTEM32;C:\Program Files\Avast Software\Avast;C:\WINDOWS\WinSxS\amd64_microsoft.windows.common-controls_6595b64144ccf1df_6.0.19041.1110_none_60b5254171f9507e;C:\Program Files\AdoptOpenJDK\jdk-11.0.8.10-hotspot\bin\server;C:\Users\ACER\AppData\Roaming\Code\User\globalStorage\redhat.java\0.82.0\config_ss_win\org.eclipse.equinox.launcher\org.eclipse.equinox.launcher.win32.win32.x86_64_1.2.300.v20210828-0802;C:\Users\ACER\AppData\Roaming\Code\User\globalStorage\redhat.java\0.82.0\config_ss_win\org.eclipse.osgi\16\0\.cp

VM Arguments:
jvm_args: --add-modules=ALL-SYSTEM --add-opens=java.base/java.util=ALL-UNNAMED --add-opens=java.base/java.lang=ALL-UNNAMED -Declipse.application=org.eclipse.jdt.ls.core.id1 -Dosgi.bundles.defaultStartLevel=4 -Declipse.product=org.eclipse.jdt.ls.core.product -Dfile.encoding=utf8 -DwatchParentProcess=false -XX:+UseParallelGC -XX:GCTimeRatio=4 -XX:AdaptiveSizePolicyWeight=90 -Dsun.zip.disableMemoryMapping=true -Xmx1G -Xms100m -javaagent:c:\Users\ACER\.vscode\extensions\gabrielbb.vscode-lombok-1.0.1\server\lombok.jar -Xverify:none 
java_command: c:\Users\ACER\.vscode\extensions\redhat.java-0.82.0\server\plugins\org.eclipse.equinox.launcher_1.6.300.v20210813-1054.jar -configuration c:\Users\ACER\AppData\Roaming\Code\User\globalStorage\redhat.java\0.82.0\config_ss_win -data c:\Users\ACER\AppData\Roaming\Code\User\workspaceStorage\7fee58ba46a44ecf2c9121a9ffec2780\redhat.java\ss_ws
java_class_path (initial): c:\Users\ACER\.vscode\extensions\redhat.java-0.82.0\server\plugins\org.eclipse.equinox.launcher_1.6.300.v20210813-1054.jar
Launcher Type: SUN_STANDARD

[Global flags]
    uintx AdaptiveSizePolicyWeight                 = 90                                        {product} {command line}
     bool BytecodeVerificationLocal                = false                                     {product} {command line}
     bool BytecodeVerificationRemote               = false                                     {product} {command line}
     intx CICompilerCount                          = 4                                         {product} {ergonomic}
    uintx GCTimeRatio                              = 4                                         {product} {command line}
   size_t InitialHeapSize                          = 104857600                                 {product} {command line}
   size_t MaxHeapSize                              = 1073741824                                {product} {command line}
   size_t MaxNewSize                               = 357564416                                 {product} {ergonomic}
   size_t MinHeapDeltaBytes                        = 524288                                    {product} {ergonomic}
   size_t NewSize                                  = 34603008                                  {product} {ergonomic}
    uintx NonNMethodCodeHeapSize                   = 5836300                                {pd product} {ergonomic}
    uintx NonProfiledCodeHeapSize                  = 122910970                              {pd product} {ergonomic}
   size_t OldSize                                  = 70254592                                  {product} {ergonomic}
    uintx ProfiledCodeHeapSize                     = 122910970                              {pd product} {ergonomic}
    uintx ReservedCodeCacheSize                    = 251658240                              {pd product} {ergonomic}
     bool SegmentedCodeCache                       = true                                      {product} {ergonomic}
     bool UseCompressedClassPointers               = true                                 {lp64_product} {ergonomic}
     bool UseCompressedOops                        = true                                 {lp64_product} {ergonomic}
     bool UseLargePagesIndividualAllocation        = false                                  {pd product} {ergonomic}
     bool UseParallelGC                            = true                                      {product} {command line}

Logging:
Log output configuration:
 #0: stdout all=warning uptime,level,tags
 #1: stderr all=off uptime,level,tags

Environment Variables:
JAVA_HOME=C:\Program Files\AdoptOpenJDK\jdk-11.0.8.10-hotspot\
PATH=C:\Program Files\Python\Python39\Scripts\;C:\Program Files\Python\Python39\;C:\Program Files\Common Files\Oracle\Java\javapath;C:\Program Files\AdoptOpenJDK\jdk-11.0.8.10-hotspot\bin;C:\ProgramData\Oracle\Java\javapath;C:\Windows\system32;C:\Windows;C:\Windows\System32\Wbem;C:\Windows\System32\WindowsPowerShell\v1.0\;C:\Windows\System32\OpenSSH\;C:\Program Files (x86)\NVIDIA Corporation\PhysX\Common;C:\Program Files\NVIDIA Corporation\NVIDIA NvDLISR;C:\xampp\php;C:\ProgramData\ComposerSetup\bin;C:\Program Files\AccessData\Forensic Tools\7.1\bin\XSL-Formatter\bin;C:\WINDOWS\system32;C:\WINDOWS;C:\WINDOWS\System32\Wbem;C:\WINDOWS\System32\WindowsPowerShell\v1.0\;C:\WINDOWS\System32\OpenSSH\;C:\Program Files\Git\cmd;C:\Program Files\Microsoft SQL Server\Client SDK\ODBC\170\Tools\Binn\;C:\Program Files (x86)\Microsoft SQL Server\150\Tools\Binn\;C:\Program Files\Microsoft SQL Server\150\Tools\Binn\;C:\Program Files\Microsoft SQL Server\150\DTS\Binn\;C:\Program Files (x86)\Microsoft SQL Server\150\DTS\Binn\;C:\Program Files\Azure Data Studio\bin;C:\Program Files\Microsoft SQL Server\130\Tools\Binn\;C:\Program Files (x86)\Microsoft SQL Server\110\DTS\Binn\;C:\Program Files (x86)\Microsoft SQL Server\120\DTS\Binn\;C:\Program Files (x86)\Microsoft SQL Server\130\DTS\Binn\;C:\Program Files (x86)\Microsoft SQL Server\140\DTS\Binn\;C:\Program Files\nodejs\;C:\Users\ACER\AppData\Local\Microsoft\WindowsApps;C:\Users\ACER\AppData\Local\Programs\Microsoft VS Code\bin;C:\Program Files\JetBrains\PyCharm Community Edition 2020.3\bin;;C:\Users\ACER\AppData\Roaming\Composer\vendor\bin;C:\Program Files\Azure Data Studio\bin;C:\Users\ACER\AppData\Local\GitHubDesktop\bin;C:\Users\ACER\AppData\Roaming\npm
USERNAME=ACER
OS=Windows_NT
PROCESSOR_IDENTIFIER=AMD64 Family 23 Model 24 Stepping 1, AuthenticAMD



---------------  S Y S T E M  ---------------

OS: Windows 10 , 64 bit Build 19041 (10.0.19041.1202)
OS uptime: 0 days 0:46 hours

CPU:total 8 (initial active 8) (8 cores per cpu, 2 threads per core) family 23 model 24 stepping 1, cmov, cx8, fxsr, mmx, sse, sse2, sse3, ssse3, sse4.1, sse4.2, popcnt, avx, avx2, aes, clmul, mmxext, 3dnowpref, lzcnt, sse4a, ht, tsc, tscinvbit, tscinv, bmi1, bmi2, adx, sha, fma

Memory: 4k page, system-wide physical 10178M (381M free)
TotalPageFile size 40898M (AvailPageFile size 1M)
current process WorkingSet (physical memory assigned to process): 152M, peak: 155M
current process commit charge ("private bytes"): 247M, peak: 249M

vm_info: OpenJDK 64-Bit Server VM (11.0.8+10) for windows-amd64 JRE (11.0.8+10), built on Jul 15 2020 11:45:54 by "" with MS VC++ 15.9 (VS2017)

END.
