#
# There is insufficient memory for the Java Runtime Environment to continue.
# Native memory allocation (malloc) failed to allocate 1254576 bytes for Chunk::new
# Possible reasons:
#   The system is out of physical RAM or swap space
#   The process is running with CompressedOops enabled, and the Java Heap may be blocking the growth of the native heap
# Possible solutions:
#   Reduce memory load on the system
#   Increase physical memory or swap space
#   Check if swap backing store is full
#   Decrease Java heap size (-Xmx/-Xms)
#   Decrease number of Java threads
#   Decrease Java thread stack sizes (-Xss)
#   Set larger code cache with -XX:ReservedCodeCacheSize=
#   JVM is running with Unscaled Compressed Oops mode in which the Java heap is
#     placed in the first 4GB address space. The Java Heap base address is the
#     maximum limit for the native heap growth. Please use -XX:HeapBaseMinAddress
#     to set the Java Heap base and to place the Java Heap above 4GB virtual address.
# This output file may be truncated or incomplete.
#
#  Out of Memory Error (./src/hotspot/share/memory/arena.cpp:197), pid=7904, tid=18896
#
# JRE version: OpenJDK Runtime Environment AdoptOpenJDK (11.0.8+10) (build 11.0.8+10)
# Java VM: OpenJDK 64-Bit Server VM AdoptOpenJDK (11.0.8+10, mixed mode, tiered, compressed oops, parallel gc, windows-amd64)
# No core dump will be written. Minidumps are not enabled by default on client versions of Windows
#

---------------  S U M M A R Y ------------

Command Line: --add-modules=ALL-SYSTEM --add-opens=java.base/java.util=ALL-UNNAMED --add-opens=java.base/java.lang=ALL-UNNAMED -Declipse.application=org.eclipse.jdt.ls.core.id1 -Dosgi.bundles.defaultStartLevel=4 -Declipse.product=org.eclipse.jdt.ls.core.product -Dfile.encoding=utf8 -DwatchParentProcess=false -XX:+UseParallelGC -XX:GCTimeRatio=4 -XX:AdaptiveSizePolicyWeight=90 -Dsun.zip.disableMemoryMapping=true -Xmx1G -Xms100m -javaagent:c:\Users\ACER\.vscode\extensions\gabrielbb.vscode-lombok-1.0.1\server\lombok.jar -Xverify:none c:\Users\ACER\.vscode\extensions\redhat.java-0.82.0\server\plugins\org.eclipse.equinox.launcher_1.6.300.v20210813-1054.jar -configuration c:\Users\ACER\AppData\Roaming\Code\User\globalStorage\redhat.java\0.82.0\config_win -data c:\Users\ACER\AppData\Roaming\Code\User\workspaceStorage\7fee58ba46a44ecf2c9121a9ffec2780\redhat.java\jdt_ws

Host: AMD Ryzen 5 3550H with Radeon Vega Mobile Gfx  , 8 cores, 9G,  Windows 10 , 64 bit Build 19041 (10.0.19041.1202)
Time: Sun Oct  3 19:26:45 2021 Malay Peninsula Standard Time elapsed time: 12 seconds (0d 0h 0m 12s)

---------------  T H R E A D  ---------------

Current thread (0x00000161f22b3000):  JavaThread "C2 CompilerThread0" daemon [_thread_in_native, id=18896, stack(0x0000002eaae00000,0x0000002eaaf00000)]


Current CompileTask:
C2:  12343 5339   !   4       java.nio.file.FileTreeWalker::next (144 bytes)

Stack: [0x0000002eaae00000,0x0000002eaaf00000]
Native frames: (J=compiled Java code, j=interpreted, Vv=VM code, C=native code)
V  [jvm.dll+0x5dfa5a]
V  [jvm.dll+0x7175ce]
V  [jvm.dll+0x718c9f]
V  [jvm.dll+0x719363]
V  [jvm.dll+0x240e48]
V  [jvm.dll+0xb96ac]
V  [jvm.dll+0xb9dac]
V  [jvm.dll+0x346387]
V  [jvm.dll+0x193831]
V  [jvm.dll+0x1faa32]
V  [jvm.dll+0x1f9adf]
V  [jvm.dll+0x17e4ec]
V  [jvm.dll+0x208f27]
V  [jvm.dll+0x20710b]
V  [jvm.dll+0x6dc339]
V  [jvm.dll+0x6d53e4]
V  [jvm.dll+0x5de996]
C  [ucrtbase.dll+0x21bb2]
C  [KERNEL32.DLL+0x17034]
C  [ntdll.dll+0x52651]


---------------  P R O C E S S  ---------------

Threads class SMR info:
_java_thread_list=0x00000161f8bbc250, length=24, elements={
0x00000161d7216800, 0x00000161f125f000, 0x00000161f1269000, 0x00000161f2304800,
0x00000161f2305800, 0x00000161f22b3000, 0x00000161f22be000, 0x00000161f22c1000,
0x00000161f2457000, 0x00000161f25f5800, 0x00000161f3ae5800, 0x00000161f3a61000,
0x00000161f3ce4800, 0x00000161f4452000, 0x00000161f410b800, 0x00000161f3e1b800,
0x00000161f45c3800, 0x00000161f4751800, 0x00000161f45e1000, 0x00000161f474c800,
0x00000161f4746800, 0x00000161f4748800, 0x00000161f474a000, 0x00000161f4749000
}

Java Threads: ( => current thread )
  0x00000161d7216800 JavaThread "main" [_thread_blocked, id=19460, stack(0x0000002eaa700000,0x0000002eaa800000)]
  0x00000161f125f000 JavaThread "Reference Handler" daemon [_thread_blocked, id=2296, stack(0x0000002eaaa00000,0x0000002eaab00000)]
  0x00000161f1269000 JavaThread "Finalizer" daemon [_thread_blocked, id=12064, stack(0x0000002eaab00000,0x0000002eaac00000)]
  0x00000161f2304800 JavaThread "Signal Dispatcher" daemon [_thread_blocked, id=17756, stack(0x0000002eaac00000,0x0000002eaad00000)]
  0x00000161f2305800 JavaThread "Attach Listener" daemon [_thread_blocked, id=18128, stack(0x0000002eaad00000,0x0000002eaae00000)]
=>0x00000161f22b3000 JavaThread "C2 CompilerThread0" daemon [_thread_in_native, id=18896, stack(0x0000002eaae00000,0x0000002eaaf00000)]
  0x00000161f22be000 JavaThread "C1 CompilerThread0" daemon [_thread_blocked, id=13932, stack(0x0000002eaaf00000,0x0000002eab000000)]
  0x00000161f22c1000 JavaThread "Sweeper thread" daemon [_thread_blocked, id=3424, stack(0x0000002eab000000,0x0000002eab100000)]
  0x00000161f2457000 JavaThread "Common-Cleaner" daemon [_thread_blocked, id=18008, stack(0x0000002eab100000,0x0000002eab200000)]
  0x00000161f25f5800 JavaThread "Service Thread" daemon [_thread_blocked, id=19040, stack(0x0000002eab300000,0x0000002eab400000)]
  0x00000161f3ae5800 JavaThread "Active Thread: Equinox Container: 93967b96-19f2-4a39-b00a-d9be68b6cee9" [_thread_blocked, id=19100, stack(0x0000002eab500000,0x0000002eab600000)]
  0x00000161f3a61000 JavaThread "Framework Event Dispatcher: Equinox Container: 93967b96-19f2-4a39-b00a-d9be68b6cee9" daemon [_thread_blocked, id=9864, stack(0x0000002eab700000,0x0000002eab800000)]
  0x00000161f3ce4800 JavaThread "Start Level: Equinox Container: 93967b96-19f2-4a39-b00a-d9be68b6cee9" daemon [_thread_blocked, id=19660, stack(0x0000002eab800000,0x0000002eab900000)]
  0x00000161f4452000 JavaThread "SCR Component Actor" daemon [_thread_blocked, id=11072, stack(0x0000002eabb00000,0x0000002eabc00000)]
  0x00000161f410b800 JavaThread "Worker-JM" [_thread_blocked, id=9480, stack(0x0000002eabd00000,0x0000002eabe00000)]
  0x00000161f3e1b800 JavaThread "Worker-0" [_thread_blocked, id=13536, stack(0x0000002eac000000,0x0000002eac100000)]
  0x00000161f45c3800 JavaThread "Worker-1" [_thread_blocked, id=19596, stack(0x0000002eac100000,0x0000002eac200000)]
  0x00000161f4751800 JavaThread "Java indexing" daemon [_thread_blocked, id=11660, stack(0x0000002eac400000,0x0000002eac500000)]
  0x00000161f45e1000 JavaThread "Worker-2" [_thread_blocked, id=13360, stack(0x0000002eac500000,0x0000002eac600000)]
  0x00000161f474c800 JavaThread "Bundle File Closer" daemon [_thread_blocked, id=20424, stack(0x0000002eac700000,0x0000002eac800000)]
  0x00000161f4746800 JavaThread "logback configurator timer" daemon [_thread_blocked, id=19716, stack(0x0000002eac600000,0x0000002eac700000)]
  0x00000161f4748800 JavaThread "pool-2-thread-1" [_thread_blocked, id=11488, stack(0x0000002eac900000,0x0000002eaca00000)]
  0x00000161f474a000 JavaThread "Worker-3: Initialize Workspace" [_thread_in_native, id=15120, stack(0x0000002eabc00000,0x0000002eabd00000)]
  0x00000161f4749000 JavaThread "Keep-Alive-Timer" daemon [_thread_blocked, id=8572, stack(0x0000002eaca00000,0x0000002eacb00000)]

Other Threads:
  0x00000161f22b2000 VMThread "VM Thread" [stack: 0x0000002eaa900000,0x0000002eaaa00000] [id=19200]
  0x00000161f25f6800 WatcherThread [stack: 0x0000002eab400000,0x0000002eab500000] [id=17956]
  0x00000161d722d000 GCTaskThread "ParGC Thread#0" [stack: 0x0000002eaa800000,0x0000002eaa900000] [id=7884]
  0x00000161f3d21800 GCTaskThread "ParGC Thread#1" [stack: 0x0000002eab600000,0x0000002eab700000] [id=10576]
  0x00000161f3cb5800 GCTaskThread "ParGC Thread#2" [stack: 0x0000002eab900000,0x0000002eaba00000] [id=2968]
  0x00000161f3cb6000 GCTaskThread "ParGC Thread#3" [stack: 0x0000002eaba00000,0x0000002eabb00000] [id=3320]
  0x00000161f3e79800 GCTaskThread "ParGC Thread#4" [stack: 0x0000002eabe00000,0x0000002eabf00000] [id=20392]
  0x00000161f45a2000 GCTaskThread "ParGC Thread#5" [stack: 0x0000002eabf00000,0x0000002eac000000] [id=15052]
  0x00000161f462c800 GCTaskThread "ParGC Thread#6" [stack: 0x0000002eab200000,0x0000002eab300000] [id=13512]
  0x00000161f46c6800 GCTaskThread "ParGC Thread#7" [stack: 0x0000002eac200000,0x0000002eac300000] [id=20040]

Threads with active compile tasks:
C2 CompilerThread0  12376 5339   !   4       java.nio.file.FileTreeWalker::next (144 bytes)

VM state:not at safepoint (normal execution)

VM Mutex/Monitor currently owned by a thread: None

Heap address: 0x00000000c0000000, size: 1024 MB, Compressed Oops mode: 32-bit
Narrow klass base: 0x0000000000000000, Narrow klass shift: 3
Compressed class space size: 1073741824 Address: 0x0000000100000000

Heap:
 PSYoungGen      total 22016K, used 3905K [0x00000000eab00000, 0x00000000ec780000, 0x0000000100000000)
  eden space 19968K, 9% used [0x00000000eab00000,0x00000000eacd0600,0x00000000ebe80000)
  from space 2048K, 100% used [0x00000000ebf00000,0x00000000ec100000,0x00000000ec100000)
  to   space 4608K, 0% used [0x00000000ec300000,0x00000000ec300000,0x00000000ec780000)
 ParOldGen       total 68608K, used 34722K [0x00000000c0000000, 0x00000000c4300000, 0x00000000eab00000)
  object space 68608K, 50% used [0x00000000c0000000,0x00000000c21e8840,0x00000000c4300000)
 Metaspace       used 52530K, capacity 55268K, committed 55384K, reserved 1097728K
  class space    used 5564K, capacity 6636K, committed 6744K, reserved 1048576K

Card table byte_map: [0x00000161d6c00000,0x00000161d6e10000] _byte_map_base: 0x00000161d6600000

Marking Bits: (ParMarkBitMap*) 0x00007fff8cdc6e90
 Begin Bits: [0x00000161ee880000, 0x00000161ef880000)
 End Bits:   [0x00000161ef880000, 0x00000161f0880000)

Polling page: 0x00000161d69f0000

Metaspace:

Usage:
  Non-class:     47.49 MB capacity,    45.87 MB ( 97%) used,     1.52 MB (  3%) free+waste,   105.69 KB ( <1%) overhead. 
      Class:      6.48 MB capacity,     5.43 MB ( 84%) used,  1021.00 KB ( 15%) free+waste,    50.56 KB ( <1%) overhead. 
       Both:     53.97 MB capacity,    51.30 MB ( 95%) used,     2.52 MB (  5%) free+waste,   156.25 KB ( <1%) overhead. 

Virtual space:
  Non-class space:       48.00 MB reserved,      47.50 MB ( 99%) committed 
      Class space:        1.00 GB reserved,       6.59 MB ( <1%) committed 
             Both:        1.05 GB reserved,      54.09 MB (  5%) committed 

Chunk freelists:
   Non-Class:  8.00 KB
       Class:  20.00 KB
        Both:  28.00 KB

MaxMetaspaceSize: 17179869184.00 GB
CompressedClassSpaceSize: 1.00 GB

CodeHeap 'non-profiled nmethods': size=120000Kb used=2462Kb max_used=2462Kb free=117537Kb
 bounds [0x00000161e7350000, 0x00000161e75c0000, 0x00000161ee880000]
CodeHeap 'profiled nmethods': size=120000Kb used=10372Kb max_used=10372Kb free=109627Kb
 bounds [0x00000161dfe20000, 0x00000161e0850000, 0x00000161e7350000]
CodeHeap 'non-nmethods': size=5760Kb used=1241Kb max_used=1281Kb free=4518Kb
 bounds [0x00000161df880000, 0x00000161dfaf0000, 0x00000161dfe20000]
 total_blobs=5418 nmethods=4794 adapters=537
 compilation: enabled
              stopped_count=0, restarted_count=0
 full_count=0

Compilation events (20 events):
Event: 12.094 Thread 0x00000161f22be000 5344       3       org.eclipse.jdt.ls.core.internal.JobHelpers::getJob (50 bytes)
Event: 12.095 Thread 0x00000161f22be000 nmethod 5344 0x00000161e0842c10 code [0x00000161e0842e40, 0x00000161e08435d8]
Event: 12.143 Thread 0x00000161f22be000 5346       3       java.util.regex.Pattern::compile (10 bytes)
Event: 12.143 Thread 0x00000161f22be000 nmethod 5346 0x00000161e0843890 code [0x00000161e0843a40, 0x00000161e0843bc8]
Event: 12.143 Thread 0x00000161f22be000 5347       1       sun.nio.fs.WindowsPath::getPathForExceptionMessage (5 bytes)
Event: 12.143 Thread 0x00000161f22be000 nmethod 5347 0x00000161e75b7190 code [0x00000161e75b7340, 0x00000161e75b73f8]
Event: 12.144 Thread 0x00000161f22be000 5348       3       java.util.regex.Pattern$SliceU::<init> (6 bytes)
Event: 12.145 Thread 0x00000161f22be000 nmethod 5348 0x00000161e0843c90 code [0x00000161e0843e60, 0x00000161e08440b8]
Event: 12.145 Thread 0x00000161f22be000 5349       3       sun.nio.fs.WindowsFileSystem$2::matches (17 bytes)
Event: 12.145 Thread 0x00000161f22be000 nmethod 5349 0x00000161e0844210 code [0x00000161e0844400, 0x00000161e08446a8]
Event: 12.145 Thread 0x00000161f22be000 5350       3       sun.nio.fs.WindowsFileSystem::getPathMatcher (130 bytes)
Event: 12.147 Thread 0x00000161f22be000 nmethod 5350 0x00000161e0844810 code [0x00000161e0844b80, 0x00000161e0845d78]
Event: 12.179 Thread 0x00000161f22be000 5353       3       sun.nio.fs.WindowsPath$WindowsPathWithAttributes::getFileSystem (5 bytes)
Event: 12.179 Thread 0x00000161f22be000 nmethod 5353 0x00000161e0846490 code [0x00000161e0846640, 0x00000161e0846758]
Event: 12.184 Thread 0x00000161f22be000 5354       3       org.eclipse.core.runtime.jobs.Job::wakeUp (6 bytes)
Event: 12.185 Thread 0x00000161f22be000 nmethod 5354 0x00000161e0846810 code [0x00000161e08469e0, 0x00000161e0846ba8]
Event: 12.185 Thread 0x00000161f22be000 5355       3       org.eclipse.core.internal.jobs.InternalJob::wakeUp (9 bytes)
Event: 12.185 Thread 0x00000161f22be000 nmethod 5355 0x00000161e0846c90 code [0x00000161e0846e40, 0x00000161e0846f88]
Event: 12.185 Thread 0x00000161f22be000 5356   !   3       org.eclipse.core.internal.jobs.JobManager::wakeUp (86 bytes)
Event: 12.186 Thread 0x00000161f22be000 nmethod 5356 0x00000161e0847090 code [0x00000161e08472e0, 0x00000161e0847c98]

GC Heap History (20 events):
Event: 7.553 GC heap before
{Heap before GC invocations=18 (full 2):
 PSYoungGen      total 24576K, used 23367K [0x00000000eab00000, 0x00000000ec580000, 0x0000000100000000)
  eden space 22016K, 100% used [0x00000000eab00000,0x00000000ec080000,0x00000000ec080000)
  from space 2560K, 52% used [0x00000000ec080000,0x00000000ec1d1df0,0x00000000ec300000)
  to   space 2048K, 0% used [0x00000000ec380000,0x00000000ec380000,0x00000000ec580000)
 ParOldGen       total 68608K, used 17596K [0x00000000c0000000, 0x00000000c4300000, 0x00000000eab00000)
  object space 68608K, 25% used [0x00000000c0000000,0x00000000c112f3c8,0x00000000c4300000)
 Metaspace       used 45535K, capacity 48252K, committed 48344K, reserved 1091584K
  class space    used 4791K, capacity 5817K, committed 5848K, reserved 1048576K
}
Event: 7.597 GC heap after
{Heap after GC invocations=18 (full 2):
 PSYoungGen      total 24064K, used 1714K [0x00000000eab00000, 0x00000000ec580000, 0x0000000100000000)
  eden space 22016K, 0% used [0x00000000eab00000,0x00000000eab00000,0x00000000ec080000)
  from space 2048K, 83% used [0x00000000ec380000,0x00000000ec52c820,0x00000000ec580000)
  to   space 2048K, 0% used [0x00000000ec180000,0x00000000ec180000,0x00000000ec380000)
 ParOldGen       total 68608K, used 18885K [0x00000000c0000000, 0x00000000c4300000, 0x00000000eab00000)
  object space 68608K, 27% used [0x00000000c0000000,0x00000000c12716e8,0x00000000c4300000)
 Metaspace       used 45535K, capacity 48252K, committed 48344K, reserved 1091584K
  class space    used 4791K, capacity 5817K, committed 5848K, reserved 1048576K
}
Event: 7.673 GC heap before
{Heap before GC invocations=19 (full 2):
 PSYoungGen      total 24064K, used 23730K [0x00000000eab00000, 0x00000000ec580000, 0x0000000100000000)
  eden space 22016K, 100% used [0x00000000eab00000,0x00000000ec080000,0x00000000ec080000)
  from space 2048K, 83% used [0x00000000ec380000,0x00000000ec52c820,0x00000000ec580000)
  to   space 2048K, 0% used [0x00000000ec180000,0x00000000ec180000,0x00000000ec380000)
 ParOldGen       total 68608K, used 18885K [0x00000000c0000000, 0x00000000c4300000, 0x00000000eab00000)
  object space 68608K, 27% used [0x00000000c0000000,0x00000000c12716e8,0x00000000c4300000)
 Metaspace       used 45799K, capacity 48604K, committed 48984K, reserved 1091584K
  class space    used 4827K, capacity 5849K, committed 5976K, reserved 1048576K
}
Event: 7.690 GC heap after
{Heap after GC invocations=19 (full 2):
 PSYoungGen      total 24064K, used 1906K [0x00000000eab00000, 0x00000000ec480000, 0x0000000100000000)
  eden space 22016K, 0% used [0x00000000eab00000,0x00000000eab00000,0x00000000ec080000)
  from space 2048K, 93% used [0x00000000ec180000,0x00000000ec35cb48,0x00000000ec380000)
  to   space 1024K, 0% used [0x00000000ec380000,0x00000000ec380000,0x00000000ec480000)
 ParOldGen       total 68608K, used 20470K [0x00000000c0000000, 0x00000000c4300000, 0x00000000eab00000)
  object space 68608K, 29% used [0x00000000c0000000,0x00000000c13fda88,0x00000000c4300000)
 Metaspace       used 45799K, capacity 48604K, committed 48984K, reserved 1091584K
  class space    used 4827K, capacity 5849K, committed 5976K, reserved 1048576K
}
Event: 7.814 GC heap before
{Heap before GC invocations=20 (full 2):
 PSYoungGen      total 24064K, used 23922K [0x00000000eab00000, 0x00000000ec480000, 0x0000000100000000)
  eden space 22016K, 100% used [0x00000000eab00000,0x00000000ec080000,0x00000000ec080000)
  from space 2048K, 93% used [0x00000000ec180000,0x00000000ec35cb48,0x00000000ec380000)
  to   space 1024K, 0% used [0x00000000ec380000,0x00000000ec380000,0x00000000ec480000)
 ParOldGen       total 68608K, used 20470K [0x00000000c0000000, 0x00000000c4300000, 0x00000000eab00000)
  object space 68608K, 29% used [0x00000000c0000000,0x00000000c13fda88,0x00000000c4300000)
 Metaspace       used 46269K, capacity 49026K, committed 49240K, reserved 1093632K
  class space    used 4870K, capacity 5882K, committed 5976K, reserved 1048576K
}
Event: 7.826 GC heap after
{Heap after GC invocations=20 (full 2):
 PSYoungGen      total 22016K, used 1024K [0x00000000eab00000, 0x00000000ec880000, 0x0000000100000000)
  eden space 20992K, 0% used [0x00000000eab00000,0x00000000eab00000,0x00000000ebf80000)
  from space 1024K, 100% used [0x00000000ec380000,0x00000000ec480000,0x00000000ec480000)
  to   space 4096K, 0% used [0x00000000ebf80000,0x00000000ebf80000,0x00000000ec380000)
 ParOldGen       total 68608K, used 22820K [0x00000000c0000000, 0x00000000c4300000, 0x00000000eab00000)
  object space 68608K, 33% used [0x00000000c0000000,0x00000000c16490f8,0x00000000c4300000)
 Metaspace       used 46269K, capacity 49026K, committed 49240K, reserved 1093632K
  class space    used 4870K, capacity 5882K, committed 5976K, reserved 1048576K
}
Event: 8.526 GC heap before
{Heap before GC invocations=21 (full 2):
 PSYoungGen      total 22016K, used 22016K [0x00000000eab00000, 0x00000000ec880000, 0x0000000100000000)
  eden space 20992K, 100% used [0x00000000eab00000,0x00000000ebf80000,0x00000000ebf80000)
  from space 1024K, 100% used [0x00000000ec380000,0x00000000ec480000,0x00000000ec480000)
  to   space 4096K, 0% used [0x00000000ebf80000,0x00000000ebf80000,0x00000000ec380000)
 ParOldGen       total 68608K, used 22820K [0x00000000c0000000, 0x00000000c4300000, 0x00000000eab00000)
  object space 68608K, 33% used [0x00000000c0000000,0x00000000c16490f8,0x00000000c4300000)
 Metaspace       used 48234K, capacity 51077K, committed 51288K, reserved 1093632K
  class space    used 5071K, capacity 6160K, committed 6232K, reserved 1048576K
}
Event: 8.529 GC heap after
{Heap after GC invocations=21 (full 2):
 PSYoungGen      total 24064K, used 2641K [0x00000000eab00000, 0x00000000ec580000, 0x0000000100000000)
  eden space 20992K, 0% used [0x00000000eab00000,0x00000000eab00000,0x00000000ebf80000)
  from space 3072K, 85% used [0x00000000ebf80000,0x00000000ec214498,0x00000000ec280000)
  to   space 3072K, 0% used [0x00000000ec280000,0x00000000ec280000,0x00000000ec580000)
 ParOldGen       total 68608K, used 23875K [0x00000000c0000000, 0x00000000c4300000, 0x00000000eab00000)
  object space 68608K, 34% used [0x00000000c0000000,0x00000000c1750f10,0x00000000c4300000)
 Metaspace       used 48234K, capacity 51077K, committed 51288K, reserved 1093632K
  class space    used 5071K, capacity 6160K, committed 6232K, reserved 1048576K
}
Event: 9.700 GC heap before
{Heap before GC invocations=22 (full 2):
 PSYoungGen      total 24064K, used 23633K [0x00000000eab00000, 0x00000000ec580000, 0x0000000100000000)
  eden space 20992K, 100% used [0x00000000eab00000,0x00000000ebf80000,0x00000000ebf80000)
  from space 3072K, 85% used [0x00000000ebf80000,0x00000000ec214498,0x00000000ec280000)
  to   space 3072K, 0% used [0x00000000ec280000,0x00000000ec280000,0x00000000ec580000)
 ParOldGen       total 68608K, used 23875K [0x00000000c0000000, 0x00000000c4300000, 0x00000000eab00000)
  object space 68608K, 34% used [0x00000000c0000000,0x00000000c1750f10,0x00000000c4300000)
 Metaspace       used 51671K, capacity 54493K, committed 54744K, reserved 1097728K
  class space    used 5484K, capacity 6551K, committed 6616K, reserved 1048576K
}
Event: 9.705 GC heap after
{Heap after GC invocations=22 (full 2):
 PSYoungGen      total 22528K, used 1248K [0x00000000eab00000, 0x00000000ec400000, 0x0000000100000000)
  eden space 20992K, 0% used [0x00000000eab00000,0x00000000eab00000,0x00000000ebf80000)
  from space 1536K, 81% used [0x00000000ec280000,0x00000000ec3b8010,0x00000000ec400000)
  to   space 2048K, 0% used [0x00000000ec000000,0x00000000ec000000,0x00000000ec200000)
 ParOldGen       total 68608K, used 26421K [0x00000000c0000000, 0x00000000c4300000, 0x00000000eab00000)
  object space 68608K, 38% used [0x00000000c0000000,0x00000000c19cd710,0x00000000c4300000)
 Metaspace       used 51671K, capacity 54493K, committed 54744K, reserved 1097728K
  class space    used 5484K, capacity 6551K, committed 6616K, reserved 1048576K
}
Event: 9.897 GC heap before
{Heap before GC invocations=23 (full 2):
 PSYoungGen      total 22528K, used 22240K [0x00000000eab00000, 0x00000000ec400000, 0x0000000100000000)
  eden space 20992K, 100% used [0x00000000eab00000,0x00000000ebf80000,0x00000000ebf80000)
  from space 1536K, 81% used [0x00000000ec280000,0x00000000ec3b8010,0x00000000ec400000)
  to   space 2048K, 0% used [0x00000000ec000000,0x00000000ec000000,0x00000000ec200000)
 ParOldGen       total 68608K, used 26421K [0x00000000c0000000, 0x00000000c4300000, 0x00000000eab00000)
  object space 68608K, 38% used [0x00000000c0000000,0x00000000c19cd710,0x00000000c4300000)
 Metaspace       used 52142K, capacity 54959K, committed 55128K, reserved 1097728K
  class space    used 5535K, capacity 6598K, committed 6744K, reserved 1048576K
}
Event: 9.917 GC heap after
{Heap after GC invocations=23 (full 2):
 PSYoungGen      total 23040K, used 1696K [0x00000000eab00000, 0x00000000ec380000, 0x0000000100000000)
  eden space 20992K, 0% used [0x00000000eab00000,0x00000000eab00000,0x00000000ebf80000)
  from space 2048K, 82% used [0x00000000ec000000,0x00000000ec1a8000,0x00000000ec200000)
  to   space 1536K, 0% used [0x00000000ec200000,0x00000000ec200000,0x00000000ec380000)
 ParOldGen       total 68608K, used 27439K [0x00000000c0000000, 0x00000000c4300000, 0x00000000eab00000)
  object space 68608K, 39% used [0x00000000c0000000,0x00000000c1acbc58,0x00000000c4300000)
 Metaspace       used 52142K, capacity 54959K, committed 55128K, reserved 1097728K
  class space    used 5535K, capacity 6598K, committed 6744K, reserved 1048576K
}
Event: 10.004 GC heap before
{Heap before GC invocations=24 (full 2):
 PSYoungGen      total 23040K, used 22688K [0x00000000eab00000, 0x00000000ec380000, 0x0000000100000000)
  eden space 20992K, 100% used [0x00000000eab00000,0x00000000ebf80000,0x00000000ebf80000)
  from space 2048K, 82% used [0x00000000ec000000,0x00000000ec1a8000,0x00000000ec200000)
  to   space 1536K, 0% used [0x00000000ec200000,0x00000000ec200000,0x00000000ec380000)
 ParOldGen       total 68608K, used 27439K [0x00000000c0000000, 0x00000000c4300000, 0x00000000eab00000)
  object space 68608K, 39% used [0x00000000c0000000,0x00000000c1acbc58,0x00000000c4300000)
 Metaspace       used 52223K, capacity 54992K, committed 55128K, reserved 1097728K
  class space    used 5542K, capacity 6630K, committed 6744K, reserved 1048576K
}
Event: 10.012 GC heap after
{Heap after GC invocations=24 (full 2):
 PSYoungGen      total 21504K, used 1536K [0x00000000eab00000, 0x00000000ec680000, 0x0000000100000000)
  eden space 19968K, 0% used [0x00000000eab00000,0x00000000eab00000,0x00000000ebe80000)
  from space 1536K, 100% used [0x00000000ec200000,0x00000000ec380000,0x00000000ec380000)
  to   space 3584K, 0% used [0x00000000ebe80000,0x00000000ebe80000,0x00000000ec200000)
 ParOldGen       total 68608K, used 29143K [0x00000000c0000000, 0x00000000c4300000, 0x00000000eab00000)
  object space 68608K, 42% used [0x00000000c0000000,0x00000000c1c75c58,0x00000000c4300000)
 Metaspace       used 52223K, capacity 54992K, committed 55128K, reserved 1097728K
  class space    used 5542K, capacity 6630K, committed 6744K, reserved 1048576K
}
Event: 10.072 GC heap before
{Heap before GC invocations=25 (full 2):
 PSYoungGen      total 21504K, used 21504K [0x00000000eab00000, 0x00000000ec680000, 0x0000000100000000)
  eden space 19968K, 100% used [0x00000000eab00000,0x00000000ebe80000,0x00000000ebe80000)
  from space 1536K, 100% used [0x00000000ec200000,0x00000000ec380000,0x00000000ec380000)
  to   space 3584K, 0% used [0x00000000ebe80000,0x00000000ebe80000,0x00000000ec200000)
 ParOldGen       total 68608K, used 29143K [0x00000000c0000000, 0x00000000c4300000, 0x00000000eab00000)
  object space 68608K, 42% used [0x00000000c0000000,0x00000000c1c75c58,0x00000000c4300000)
 Metaspace       used 52228K, capacity 55056K, committed 55384K, reserved 1097728K
  class space    used 5542K, capacity 6630K, committed 6744K, reserved 1048576K
}
Event: 10.080 GC heap after
{Heap after GC invocations=25 (full 2):
 PSYoungGen      total 22528K, used 2080K [0x00000000eab00000, 0x00000000ec380000, 0x0000000100000000)
  eden space 19968K, 0% used [0x00000000eab00000,0x00000000eab00000,0x00000000ebe80000)
  from space 2560K, 81% used [0x00000000ebe80000,0x00000000ec088010,0x00000000ec100000)
  to   space 2560K, 0% used [0x00000000ec100000,0x00000000ec100000,0x00000000ec380000)
 ParOldGen       total 68608K, used 30707K [0x00000000c0000000, 0x00000000c4300000, 0x00000000eab00000)
  object space 68608K, 44% used [0x00000000c0000000,0x00000000c1dfcfb0,0x00000000c4300000)
 Metaspace       used 52228K, capacity 55056K, committed 55384K, reserved 1097728K
  class space    used 5542K, capacity 6630K, committed 6744K, reserved 1048576K
}
Event: 10.136 GC heap before
{Heap before GC invocations=26 (full 2):
 PSYoungGen      total 22528K, used 22048K [0x00000000eab00000, 0x00000000ec380000, 0x0000000100000000)
  eden space 19968K, 100% used [0x00000000eab00000,0x00000000ebe80000,0x00000000ebe80000)
  from space 2560K, 81% used [0x00000000ebe80000,0x00000000ec088010,0x00000000ec100000)
  to   space 2560K, 0% used [0x00000000ec100000,0x00000000ec100000,0x00000000ec380000)
 ParOldGen       total 68608K, used 30707K [0x00000000c0000000, 0x00000000c4300000, 0x00000000eab00000)
  object space 68608K, 44% used [0x00000000c0000000,0x00000000c1dfcfb0,0x00000000c4300000)
 Metaspace       used 52229K, capacity 55056K, committed 55384K, reserved 1097728K
  class space    used 5542K, capacity 6630K, committed 6744K, reserved 1048576K
}
Event: 10.142 GC heap after
{Heap after GC invocations=26 (full 2):
 PSYoungGen      total 22016K, used 1856K [0x00000000eab00000, 0x00000000ec300000, 0x0000000100000000)
  eden space 19968K, 0% used [0x00000000eab00000,0x00000000eab00000,0x00000000ebe80000)
  from space 2048K, 90% used [0x00000000ec100000,0x00000000ec2d0000,0x00000000ec300000)
  to   space 2048K, 0% used [0x00000000ebf00000,0x00000000ebf00000,0x00000000ec100000)
 ParOldGen       total 68608K, used 32683K [0x00000000c0000000, 0x00000000c4300000, 0x00000000eab00000)
  object space 68608K, 47% used [0x00000000c0000000,0x00000000c1feafc0,0x00000000c4300000)
 Metaspace       used 52229K, capacity 55056K, committed 55384K, reserved 1097728K
  class space    used 5542K, capacity 6630K, committed 6744K, reserved 1048576K
}
Event: 10.258 GC heap before
{Heap before GC invocations=27 (full 2):
 PSYoungGen      total 22016K, used 21824K [0x00000000eab00000, 0x00000000ec300000, 0x0000000100000000)
  eden space 19968K, 100% used [0x00000000eab00000,0x00000000ebe80000,0x00000000ebe80000)
  from space 2048K, 90% used [0x00000000ec100000,0x00000000ec2d0000,0x00000000ec300000)
  to   space 2048K, 0% used [0x00000000ebf00000,0x00000000ebf00000,0x00000000ec100000)
 ParOldGen       total 68608K, used 32683K [0x00000000c0000000, 0x00000000c4300000, 0x00000000eab00000)
  object space 68608K, 47% used [0x00000000c0000000,0x00000000c1feafc0,0x00000000c4300000)
 Metaspace       used 52367K, capacity 55134K, committed 55384K, reserved 1097728K
  class space    used 5553K, capacity 6634K, committed 6744K, reserved 1048576K
}
Event: 10.264 GC heap after
{Heap after GC invocations=27 (full 2):
 PSYoungGen      total 22016K, used 2048K [0x00000000eab00000, 0x00000000ec780000, 0x0000000100000000)
  eden space 19968K, 0% used [0x00000000eab00000,0x00000000eab00000,0x00000000ebe80000)
  from space 2048K, 100% used [0x00000000ebf00000,0x00000000ec100000,0x00000000ec100000)
  to   space 4608K, 0% used [0x00000000ec300000,0x00000000ec300000,0x00000000ec780000)
 ParOldGen       total 68608K, used 34722K [0x00000000c0000000, 0x00000000c4300000, 0x00000000eab00000)
  object space 68608K, 50% used [0x00000000c0000000,0x00000000c21e8840,0x00000000c4300000)
 Metaspace       used 52367K, capacity 55134K, committed 55384K, reserved 1097728K
  class space    used 5553K, capacity 6634K, committed 6744K, reserved 1048576K
}

Deoptimization events (20 events):
Event: 10.285 Thread 0x00000161f474a000 Uncommon trap: trap_request=0xffffffde fr.pc=0x00000161e7536660 relative=0x0000000000001120
Event: 10.285 Thread 0x00000161f474a000 Uncommon trap: reason=class_check action=maybe_recompile pc=0x00000161e7536660 method=java.nio.file.FileTreeWalker.next()Ljava/nio/file/FileTreeWalker$Event; @ 37 c2
Event: 10.285 Thread 0x00000161f474a000 DEOPT PACKING pc=0x00000161e7536660 sp=0x0000002eabcff1f0
Event: 10.285 Thread 0x00000161f474a000 DEOPT UNPACKING pc=0x00000161df8a6caf sp=0x0000002eabcff1e0 mode 2
Event: 10.285 Thread 0x00000161f474a000 Uncommon trap: trap_request=0xffffff4d fr.pc=0x00000161e752a7a0 relative=0x0000000000001760
Event: 10.285 Thread 0x00000161f474a000 Uncommon trap: reason=unstable_if action=reinterpret pc=0x00000161e752a7a0 method=java.nio.file.FileTreeWalker.getAttributes(Ljava/nio/file/Path;Z)Ljava/nio/file/attribute/BasicFileAttributes; @ 8 c2
Event: 10.285 Thread 0x00000161f474a000 DEOPT PACKING pc=0x00000161e752a7a0 sp=0x0000002eabcff130
Event: 10.285 Thread 0x00000161f474a000 DEOPT UNPACKING pc=0x00000161df8a6caf sp=0x0000002eabcff0c0 mode 2
Event: 10.287 Thread 0x00000161f474a000 Uncommon trap: trap_request=0xffffffde fr.pc=0x00000161e7536660 relative=0x0000000000001120
Event: 10.287 Thread 0x00000161f474a000 Uncommon trap: reason=class_check action=maybe_recompile pc=0x00000161e7536660 method=java.nio.file.FileTreeWalker.next()Ljava/nio/file/FileTreeWalker$Event; @ 37 c2
Event: 10.287 Thread 0x00000161f474a000 DEOPT PACKING pc=0x00000161e7536660 sp=0x0000002eabcff1f0
Event: 10.287 Thread 0x00000161f474a000 DEOPT UNPACKING pc=0x00000161df8a6caf sp=0x0000002eabcff1e0 mode 2
Event: 10.287 Thread 0x00000161f474a000 Uncommon trap: trap_request=0xffffffde fr.pc=0x00000161e7536660 relative=0x0000000000001120
Event: 10.287 Thread 0x00000161f474a000 Uncommon trap: reason=class_check action=maybe_recompile pc=0x00000161e7536660 method=java.nio.file.FileTreeWalker.next()Ljava/nio/file/FileTreeWalker$Event; @ 37 c2
Event: 10.287 Thread 0x00000161f474a000 DEOPT PACKING pc=0x00000161e7536660 sp=0x0000002eabcff1f0
Event: 10.287 Thread 0x00000161f474a000 DEOPT UNPACKING pc=0x00000161df8a6caf sp=0x0000002eabcff1e0 mode 2
Event: 10.287 Thread 0x00000161f474a000 Uncommon trap: trap_request=0xffffffde fr.pc=0x00000161e7536660 relative=0x0000000000001120
Event: 10.287 Thread 0x00000161f474a000 Uncommon trap: reason=class_check action=maybe_recompile pc=0x00000161e7536660 method=java.nio.file.FileTreeWalker.next()Ljava/nio/file/FileTreeWalker$Event; @ 37 c2
Event: 10.287 Thread 0x00000161f474a000 DEOPT PACKING pc=0x00000161e7536660 sp=0x0000002eabcff1f0
Event: 10.287 Thread 0x00000161f474a000 DEOPT UNPACKING pc=0x00000161df8a6caf sp=0x0000002eabcff1e0 mode 2

Classes redefined (0 events):
No events

Internal exceptions (20 events):
Event: 12.145 Thread 0x00000161f474a000 Exception <a 'sun/nio/fs/WindowsException'{0x00000000eac58380}> (0x00000000eac58380) thrown at [./src/hotspot/share/prims/jni.cpp, line 615]
Event: 12.145 Thread 0x00000161f474a000 Exception <a 'sun/nio/fs/WindowsException'{0x00000000eac58a08}> (0x00000000eac58a08) thrown at [./src/hotspot/share/prims/jni.cpp, line 615]
Event: 12.145 Thread 0x00000161f474a000 Exception <a 'sun/nio/fs/WindowsException'{0x00000000eac59090}> (0x00000000eac59090) thrown at [./src/hotspot/share/prims/jni.cpp, line 615]
Event: 12.145 Thread 0x00000161f474a000 Exception <a 'sun/nio/fs/WindowsException'{0x00000000eac59730}> (0x00000000eac59730) thrown at [./src/hotspot/share/prims/jni.cpp, line 615]
Event: 12.146 Thread 0x00000161f474a000 Exception <a 'sun/nio/fs/WindowsException'{0x00000000eac5e978}> (0x00000000eac5e978) thrown at [./src/hotspot/share/prims/jni.cpp, line 615]
Event: 12.146 Thread 0x00000161f474a000 Exception <a 'sun/nio/fs/WindowsException'{0x00000000eac5f000}> (0x00000000eac5f000) thrown at [./src/hotspot/share/prims/jni.cpp, line 615]
Event: 12.146 Thread 0x00000161f474a000 Exception <a 'sun/nio/fs/WindowsException'{0x00000000eac5f688}> (0x00000000eac5f688) thrown at [./src/hotspot/share/prims/jni.cpp, line 615]
Event: 12.146 Thread 0x00000161f474a000 Exception <a 'sun/nio/fs/WindowsException'{0x00000000eac5fd28}> (0x00000000eac5fd28) thrown at [./src/hotspot/share/prims/jni.cpp, line 615]
Event: 12.155 Thread 0x00000161f474a000 Exception <a 'sun/nio/fs/WindowsException'{0x00000000eac65278}> (0x00000000eac65278) thrown at [./src/hotspot/share/prims/jni.cpp, line 615]
Event: 12.155 Thread 0x00000161f474a000 Exception <a 'sun/nio/fs/WindowsException'{0x00000000eac65900}> (0x00000000eac65900) thrown at [./src/hotspot/share/prims/jni.cpp, line 615]
Event: 12.155 Thread 0x00000161f474a000 Exception <a 'sun/nio/fs/WindowsException'{0x00000000eac65f88}> (0x00000000eac65f88) thrown at [./src/hotspot/share/prims/jni.cpp, line 615]
Event: 12.155 Thread 0x00000161f474a000 Exception <a 'sun/nio/fs/WindowsException'{0x00000000eac66628}> (0x00000000eac66628) thrown at [./src/hotspot/share/prims/jni.cpp, line 615]
Event: 12.166 Thread 0x00000161f474a000 Exception <a 'sun/nio/fs/WindowsException'{0x00000000eac6b870}> (0x00000000eac6b870) thrown at [./src/hotspot/share/prims/jni.cpp, line 615]
Event: 12.166 Thread 0x00000161f474a000 Exception <a 'sun/nio/fs/WindowsException'{0x00000000eac6bef8}> (0x00000000eac6bef8) thrown at [./src/hotspot/share/prims/jni.cpp, line 615]
Event: 12.166 Thread 0x00000161f474a000 Exception <a 'sun/nio/fs/WindowsException'{0x00000000eac6c580}> (0x00000000eac6c580) thrown at [./src/hotspot/share/prims/jni.cpp, line 615]
Event: 12.166 Thread 0x00000161f474a000 Exception <a 'sun/nio/fs/WindowsException'{0x00000000eac6cc20}> (0x00000000eac6cc20) thrown at [./src/hotspot/share/prims/jni.cpp, line 615]
Event: 12.178 Thread 0x00000161f474a000 Exception <a 'sun/nio/fs/WindowsException'{0x00000000eac71e68}> (0x00000000eac71e68) thrown at [./src/hotspot/share/prims/jni.cpp, line 615]
Event: 12.178 Thread 0x00000161f474a000 Exception <a 'sun/nio/fs/WindowsException'{0x00000000eac724f0}> (0x00000000eac724f0) thrown at [./src/hotspot/share/prims/jni.cpp, line 615]
Event: 12.179 Thread 0x00000161f474a000 Exception <a 'sun/nio/fs/WindowsException'{0x00000000eac72b78}> (0x00000000eac72b78) thrown at [./src/hotspot/share/prims/jni.cpp, line 615]
Event: 12.179 Thread 0x00000161f474a000 Exception <a 'sun/nio/fs/WindowsException'{0x00000000eac73218}> (0x00000000eac73218) thrown at [./src/hotspot/share/prims/jni.cpp, line 615]

Events (20 events):
Event: 10.264 Executing VM operation: ParallelGCFailedAllocation done
Event: 10.277 loading class java/util/stream/MatchOps$MatchKind
Event: 10.278 loading class java/util/stream/MatchOps$MatchKind done
Event: 10.278 loading class java/util/stream/MatchOps
Event: 10.278 loading class java/util/stream/MatchOps done
Event: 10.278 loading class java/util/stream/MatchOps$MatchOp
Event: 10.278 loading class java/util/stream/MatchOps$MatchOp done
Event: 10.278 loading class java/util/stream/MatchOps$BooleanTerminalSink
Event: 10.278 loading class java/util/stream/MatchOps$BooleanTerminalSink done
Event: 10.279 loading class java/util/stream/MatchOps$1MatchSink
Event: 10.279 loading class java/util/stream/MatchOps$1MatchSink done
Event: 10.280 loading class java/nio/file/SimpleFileVisitor
Event: 10.281 loading class java/nio/file/SimpleFileVisitor done
Event: 10.281 Executing VM operation: Deoptimize
Event: 10.281 Executing VM operation: Deoptimize done
Event: 10.282 loading class java/nio/file/FileTreeWalker$1
Event: 10.282 loading class java/nio/file/FileTreeWalker$1 done
Event: 10.639 Thread 0x00000161f4747800 Thread exited: 0x00000161f4747800
Event: 10.954 Loaded shared library C:\Program Files\AdoptOpenJDK\jdk-11.0.8.10-hotspot\bin\nio.dll
Event: 12.167 Loaded shared library C:\Program Files\AdoptOpenJDK\jdk-11.0.8.10-hotspot\bin\java.dll


Dynamic libraries:
0x00007ff7eb960000 - 0x00007ff7eb96d000 	C:\Program Files\AdoptOpenJDK\jdk-11.0.8.10-hotspot\bin\java.exe
0x00007fffcb970000 - 0x00007fffcbb65000 	C:\WINDOWS\SYSTEM32\ntdll.dll
0x00007fff8f6e0000 - 0x00007fff8f6f5000 	C:\Program Files\Avast Software\Avast\aswhook.dll
0x00007fffc99c0000 - 0x00007fffc9a7e000 	C:\WINDOWS\System32\KERNEL32.DLL
0x00007fffc9090000 - 0x00007fffc9359000 	C:\WINDOWS\System32\KERNELBASE.dll
0x00007fffc4bd0000 - 0x00007fffc4be5000 	C:\Program Files\AdoptOpenJDK\jdk-11.0.8.10-hotspot\bin\VCRUNTIME140.dll
0x00007fffc98c0000 - 0x00007fffc99c0000 	C:\WINDOWS\System32\ucrtbase.dll
0x00007fffc3fa0000 - 0x00007fffc3fb7000 	C:\Program Files\AdoptOpenJDK\jdk-11.0.8.10-hotspot\bin\jli.dll
0x00007fffc9a80000 - 0x00007fffc9c21000 	C:\WINDOWS\System32\USER32.dll
0x00007fffb98a0000 - 0x00007fffb9b3a000 	C:\WINDOWS\WinSxS\amd64_microsoft.windows.common-controls_6595b64144ccf1df_6.0.19041.1110_none_60b5254171f9507e\COMCTL32.dll
0x00007fffc9890000 - 0x00007fffc98b2000 	C:\WINDOWS\System32\win32u.dll
0x00007fffcb0f0000 - 0x00007fffcb11b000 	C:\WINDOWS\System32\GDI32.dll
0x00007fffcb880000 - 0x00007fffcb91e000 	C:\WINDOWS\System32\msvcrt.dll
0x00007fffc9780000 - 0x00007fffc988b000 	C:\WINDOWS\System32\gdi32full.dll
0x00007fffc9470000 - 0x00007fffc950d000 	C:\WINDOWS\System32\msvcp_win.dll
0x00007fffcb850000 - 0x00007fffcb880000 	C:\WINDOWS\System32\IMM32.DLL
0x00007fffc3b90000 - 0x00007fffc3c2b000 	C:\Program Files\AdoptOpenJDK\jdk-11.0.8.10-hotspot\bin\msvcp140.dll
0x00007fff8c3c0000 - 0x00007fff8ce7d000 	C:\Program Files\AdoptOpenJDK\jdk-11.0.8.10-hotspot\bin\server\jvm.dll
0x00007fffcaee0000 - 0x00007fffcaf8c000 	C:\WINDOWS\System32\ADVAPI32.dll
0x00007fffca190000 - 0x00007fffca22b000 	C:\WINDOWS\System32\sechost.dll
0x00007fffcb180000 - 0x00007fffcb2aa000 	C:\WINDOWS\System32\RPCRT4.dll
0x00007fffb7c50000 - 0x00007fffb7c59000 	C:\WINDOWS\SYSTEM32\WSOCK32.dll
0x00007fffcb920000 - 0x00007fffcb928000 	C:\WINDOWS\System32\PSAPI.DLL
0x00007fffc0dd0000 - 0x00007fffc0df7000 	C:\WINDOWS\SYSTEM32\WINMM.dll
0x00007fffc2070000 - 0x00007fffc207a000 	C:\WINDOWS\SYSTEM32\VERSION.dll
0x00007fffca500000 - 0x00007fffca56b000 	C:\WINDOWS\System32\WS2_32.dll
0x00007fffc6f90000 - 0x00007fffc6fa2000 	C:\WINDOWS\SYSTEM32\kernel.appcore.dll
0x00007fffc55e0000 - 0x00007fffc55f0000 	C:\Program Files\AdoptOpenJDK\jdk-11.0.8.10-hotspot\bin\verify.dll
0x00007fffbaf00000 - 0x00007fffbb0e4000 	C:\WINDOWS\SYSTEM32\DBGHELP.DLL
0x00007fffbfb40000 - 0x00007fffbfb6c000 	C:\WINDOWS\SYSTEM32\dbgcore.DLL
0x00007fffc9540000 - 0x00007fffc95c3000 	C:\WINDOWS\System32\bcryptPrimitives.dll
0x00007fffc3b60000 - 0x00007fffc3b88000 	C:\Program Files\AdoptOpenJDK\jdk-11.0.8.10-hotspot\bin\java.dll
0x00007fffc4c50000 - 0x00007fffc4c5a000 	C:\Program Files\AdoptOpenJDK\jdk-11.0.8.10-hotspot\bin\jimage.dll
0x00007fffc3f90000 - 0x00007fffc3f9e000 	C:\Program Files\AdoptOpenJDK\jdk-11.0.8.10-hotspot\bin\instrument.dll
0x00007fffc3b40000 - 0x00007fffc3b57000 	C:\Program Files\AdoptOpenJDK\jdk-11.0.8.10-hotspot\bin\zip.dll
0x00007fffca7a0000 - 0x00007fffcaedf000 	C:\WINDOWS\System32\SHELL32.dll
0x00007fffc7190000 - 0x00007fffc7920000 	C:\WINDOWS\SYSTEM32\windows.storage.dll
0x00007fffcb4f0000 - 0x00007fffcb845000 	C:\WINDOWS\System32\combase.dll
0x00007fffc8ae0000 - 0x00007fffc8b0c000 	C:\WINDOWS\SYSTEM32\Wldp.dll
0x00007fffcb2b0000 - 0x00007fffcb35e000 	C:\WINDOWS\System32\SHCORE.dll
0x00007fffca410000 - 0x00007fffca465000 	C:\WINDOWS\System32\shlwapi.dll
0x00007fffc8fd0000 - 0x00007fffc8fef000 	C:\WINDOWS\SYSTEM32\profapi.dll
0x00007fffc3b20000 - 0x00007fffc3b39000 	C:\Program Files\AdoptOpenJDK\jdk-11.0.8.10-hotspot\bin\net.dll
0x00007fffbfbb0000 - 0x00007fffbfcb8000 	C:\WINDOWS\SYSTEM32\WINHTTP.dll
0x00007fffc8840000 - 0x00007fffc88aa000 	C:\WINDOWS\system32\mswsock.dll
0x00007fffc3b00000 - 0x00007fffc3b12000 	C:\Program Files\AdoptOpenJDK\jdk-11.0.8.10-hotspot\bin\nio.dll
0x00007fffc8a30000 - 0x00007fffc8a48000 	C:\WINDOWS\SYSTEM32\CRYPTSP.dll
0x00007fffc8150000 - 0x00007fffc8184000 	C:\WINDOWS\system32\rsaenh.dll
0x00007fffc9510000 - 0x00007fffc9537000 	C:\WINDOWS\System32\bcrypt.dll
0x00007fffc8f90000 - 0x00007fffc8fbe000 	C:\WINDOWS\SYSTEM32\USERENV.dll
0x00007fffc8a50000 - 0x00007fffc8a5c000 	C:\WINDOWS\SYSTEM32\CRYPTBASE.dll
0x00007fffc84e0000 - 0x00007fffc851b000 	C:\WINDOWS\SYSTEM32\IPHLPAPI.DLL
0x00007fffc9d00000 - 0x00007fffc9d08000 	C:\WINDOWS\System32\NSI.dll
0x00007fffc0f30000 - 0x00007fffc0f47000 	C:\WINDOWS\SYSTEM32\dhcpcsvc6.DLL
0x00007fffc0d90000 - 0x00007fffc0dad000 	C:\WINDOWS\SYSTEM32\dhcpcsvc.DLL
0x00007fffc8530000 - 0x00007fffc85fc000 	C:\WINDOWS\SYSTEM32\DNSAPI.dll
0x00007fffc3aa0000 - 0x00007fffc3ade000 	C:\Users\ACER\AppData\Roaming\Code\User\globalStorage\redhat.java\0.82.0\config_win\org.eclipse.equinox.launcher\org.eclipse.equinox.launcher.win32.win32.x86_64_1.2.300.v20210828-0802\eclipse_11506.dll
0x00007fffcafa0000 - 0x00007fffcb0ca000 	C:\WINDOWS\System32\ole32.dll
0x00007fffc3a40000 - 0x00007fffc3a51000 	C:\Users\ACER\AppData\Roaming\Code\User\globalStorage\redhat.java\0.82.0\config_win\org.eclipse.osgi\22\0\.cp\jWinHttp-1.0.0.dll
0x00007fffc3f80000 - 0x00007fffc3f89000 	C:\Program Files\AdoptOpenJDK\jdk-11.0.8.10-hotspot\bin\management.dll
0x00007fffc3a10000 - 0x00007fffc3a1b000 	C:\Program Files\AdoptOpenJDK\jdk-11.0.8.10-hotspot\bin\management_ext.dll
0x00007fffc3a00000 - 0x00007fffc3a0e000 	C:\Program Files\AdoptOpenJDK\jdk-11.0.8.10-hotspot\bin\sunmscapi.dll
0x00007fffc95d0000 - 0x00007fffc9726000 	C:\WINDOWS\System32\CRYPT32.dll
0x00007fffc8b50000 - 0x00007fffc8b77000 	C:\WINDOWS\SYSTEM32\ncrypt.dll
0x00007fffc8b10000 - 0x00007fffc8b4b000 	C:\WINDOWS\SYSTEM32\NTASN1.dll
0x00007fffc2340000 - 0x00007fffc2365000 	C:\Program Files\AdoptOpenJDK\jdk-11.0.8.10-hotspot\bin\sunec.dll
0x00007fffbf9b0000 - 0x00007fffbf9ba000 	C:\Windows\System32\rasadhlp.dll
0x00007fffbf6d0000 - 0x00007fffbf74f000 	C:\WINDOWS\System32\fwpuclnt.dll

dbghelp: loaded successfully - version: 4.0.5 - missing functions: none
symbol engine: initialized successfully - sym options: 0x614 - pdb path: .;C:\Program Files\AdoptOpenJDK\jdk-11.0.8.10-hotspot\bin;C:\WINDOWS\SYSTEM32;C:\Program Files\Avast Software\Avast;C:\WINDOWS\WinSxS\amd64_microsoft.windows.common-controls_6595b64144ccf1df_6.0.19041.1110_none_60b5254171f9507e;C:\Program Files\AdoptOpenJDK\jdk-11.0.8.10-hotspot\bin\server;C:\Users\ACER\AppData\Roaming\Code\User\globalStorage\redhat.java\0.82.0\config_win\org.eclipse.equinox.launcher\org.eclipse.equinox.launcher.win32.win32.x86_64_1.2.300.v20210828-0802;C:\Users\ACER\AppData\Roaming\Code\User\globalStorage\redhat.java\0.82.0\config_win\org.eclipse.osgi\22\0\.cp

VM Arguments:
jvm_args: --add-modules=ALL-SYSTEM --add-opens=java.base/java.util=ALL-UNNAMED --add-opens=java.base/java.lang=ALL-UNNAMED -Declipse.application=org.eclipse.jdt.ls.core.id1 -Dosgi.bundles.defaultStartLevel=4 -Declipse.product=org.eclipse.jdt.ls.core.product -Dfile.encoding=utf8 -DwatchParentProcess=false -XX:+UseParallelGC -XX:GCTimeRatio=4 -XX:AdaptiveSizePolicyWeight=90 -Dsun.zip.disableMemoryMapping=true -Xmx1G -Xms100m -javaagent:c:\Users\ACER\.vscode\extensions\gabrielbb.vscode-lombok-1.0.1\server\lombok.jar -Xverify:none 
java_command: c:\Users\ACER\.vscode\extensions\redhat.java-0.82.0\server\plugins\org.eclipse.equinox.launcher_1.6.300.v20210813-1054.jar -configuration c:\Users\ACER\AppData\Roaming\Code\User\globalStorage\redhat.java\0.82.0\config_win -data c:\Users\ACER\AppData\Roaming\Code\User\workspaceStorage\7fee58ba46a44ecf2c9121a9ffec2780\redhat.java\jdt_ws
java_class_path (initial): c:\Users\ACER\.vscode\extensions\redhat.java-0.82.0\server\plugins\org.eclipse.equinox.launcher_1.6.300.v20210813-1054.jar
Launcher Type: SUN_STANDARD

[Global flags]
    uintx AdaptiveSizePolicyWeight                 = 90                                        {product} {command line}
     bool BytecodeVerificationLocal                = false                                     {product} {command line}
     bool BytecodeVerificationRemote               = false                                     {product} {command line}
     intx CICompilerCount                          = 4                                         {product} {ergonomic}
    uintx GCTimeRatio                              = 4                                         {product} {command line}
   size_t InitialHeapSize                          = 104857600                                 {product} {command line}
   size_t MaxHeapSize                              = 1073741824                                {product} {command line}
   size_t MaxNewSize                               = 357564416                                 {product} {ergonomic}
   size_t MinHeapDeltaBytes                        = 524288                                    {product} {ergonomic}
   size_t NewSize                                  = 34603008                                  {product} {ergonomic}
    uintx NonNMethodCodeHeapSize                   = 5836300                                {pd product} {ergonomic}
    uintx NonProfiledCodeHeapSize                  = 122910970                              {pd product} {ergonomic}
   size_t OldSize                                  = 70254592                                  {product} {ergonomic}
    uintx ProfiledCodeHeapSize                     = 122910970                              {pd product} {ergonomic}
    uintx ReservedCodeCacheSize                    = 251658240                              {pd product} {ergonomic}
     bool SegmentedCodeCache                       = true                                      {product} {ergonomic}
     bool UseCompressedClassPointers               = true                                 {lp64_product} {ergonomic}
     bool UseCompressedOops                        = true                                 {lp64_product} {ergonomic}
     bool UseLargePagesIndividualAllocation        = false                                  {pd product} {ergonomic}
     bool UseParallelGC                            = true                                      {product} {command line}

Logging:
Log output configuration:
 #0: stdout all=warning uptime,level,tags
 #1: stderr all=off uptime,level,tags

Environment Variables:
JAVA_HOME=C:\Program Files\AdoptOpenJDK\jdk-11.0.8.10-hotspot\
PATH=C:\Program Files\Python\Python39\Scripts\;C:\Program Files\Python\Python39\;C:\Program Files\Common Files\Oracle\Java\javapath;C:\Program Files\AdoptOpenJDK\jdk-11.0.8.10-hotspot\bin;C:\ProgramData\Oracle\Java\javapath;C:\Windows\system32;C:\Windows;C:\Windows\System32\Wbem;C:\Windows\System32\WindowsPowerShell\v1.0\;C:\Windows\System32\OpenSSH\;C:\Program Files (x86)\NVIDIA Corporation\PhysX\Common;C:\Program Files\NVIDIA Corporation\NVIDIA NvDLISR;C:\xampp\php;C:\ProgramData\ComposerSetup\bin;C:\Program Files\AccessData\Forensic Tools\7.1\bin\XSL-Formatter\bin;C:\WINDOWS\system32;C:\WINDOWS;C:\WINDOWS\System32\Wbem;C:\WINDOWS\System32\WindowsPowerShell\v1.0\;C:\WINDOWS\System32\OpenSSH\;C:\Program Files\Git\cmd;C:\Program Files\Microsoft SQL Server\Client SDK\ODBC\170\Tools\Binn\;C:\Program Files (x86)\Microsoft SQL Server\150\Tools\Binn\;C:\Program Files\Microsoft SQL Server\150\Tools\Binn\;C:\Program Files\Microsoft SQL Server\150\DTS\Binn\;C:\Program Files (x86)\Microsoft SQL Server\150\DTS\Binn\;C:\Program Files\Azure Data Studio\bin;C:\Program Files\Microsoft SQL Server\130\Tools\Binn\;C:\Program Files (x86)\Microsoft SQL Server\110\DTS\Binn\;C:\Program Files (x86)\Microsoft SQL Server\120\DTS\Binn\;C:\Program Files (x86)\Microsoft SQL Server\130\DTS\Binn\;C:\Program Files (x86)\Microsoft SQL Server\140\DTS\Binn\;C:\Program Files\nodejs\;C:\Users\ACER\AppData\Local\Microsoft\WindowsApps;C:\Users\ACER\AppData\Local\Programs\Microsoft VS Code\bin;C:\Program Files\JetBrains\PyCharm Community Edition 2020.3\bin;;C:\Users\ACER\AppData\Roaming\Composer\vendor\bin;C:\Program Files\Azure Data Studio\bin;C:\Users\ACER\AppData\Local\GitHubDesktop\bin;C:\Users\ACER\AppData\Roaming\npm
USERNAME=ACER
OS=Windows_NT
PROCESSOR_IDENTIFIER=AMD64 Family 23 Model 24 Stepping 1, AuthenticAMD



---------------  S Y S T E M  ---------------

OS: Windows 10 , 64 bit Build 19041 (10.0.19041.1202)
OS uptime: 0 days 0:47 hours

CPU:total 8 (initial active 8) (8 cores per cpu, 2 threads per core) family 23 model 24 stepping 1, cmov, cx8, fxsr, mmx, sse, sse2, sse3, ssse3, sse4.1, sse4.2, popcnt, avx, avx2, aes, clmul, mmxext, 3dnowpref, lzcnt, sse4a, ht, tsc, tscinvbit, tscinv, bmi1, bmi2, adx, sha, fma

Memory: 4k page, system-wide physical 10178M (556M free)
TotalPageFile size 40898M (AvailPageFile size 5M)
current process WorkingSet (physical memory assigned to process): 194M, peak: 231M
current process commit charge ("private bytes"): 287M, peak: 319M

vm_info: OpenJDK 64-Bit Server VM (11.0.8+10) for windows-amd64 JRE (11.0.8+10), built on Jul 15 2020 11:45:54 by "" with MS VC++ 15.9 (VS2017)

END.
