#
# There is insufficient memory for the Java Runtime Environment to continue.
# Native memory allocation (malloc) failed to allocate 1217776 bytes for Chunk::new
# Possible reasons:
#   The system is out of physical RAM or swap space
#   The process is running with CompressedOops enabled, and the Java Heap may be blocking the growth of the native heap
# Possible solutions:
#   Reduce memory load on the system
#   Increase physical memory or swap space
#   Check if swap backing store is full
#   Decrease Java heap size (-Xmx/-Xms)
#   Decrease number of Java threads
#   Decrease Java thread stack sizes (-Xss)
#   Set larger code cache with -XX:ReservedCodeCacheSize=
#   JVM is running with Unscaled Compressed Oops mode in which the Java heap is
#     placed in the first 4GB address space. The Java Heap base address is the
#     maximum limit for the native heap growth. Please use -XX:HeapBaseMinAddress
#     to set the Java Heap base and to place the Java Heap above 4GB virtual address.
# This output file may be truncated or incomplete.
#
#  Out of Memory Error (./src/hotspot/share/memory/arena.cpp:197), pid=1392, tid=2044
#
# JRE version: OpenJDK Runtime Environment AdoptOpenJDK (11.0.8+10) (build 11.0.8+10)
# Java VM: OpenJDK 64-Bit Server VM AdoptOpenJDK (11.0.8+10, mixed mode, tiered, compressed oops, parallel gc, windows-amd64)
# No core dump will be written. Minidumps are not enabled by default on client versions of Windows
#

---------------  S U M M A R Y ------------

Command Line: --add-modules=ALL-SYSTEM --add-opens=java.base/java.util=ALL-UNNAMED --add-opens=java.base/java.lang=ALL-UNNAMED -Declipse.application=org.eclipse.jdt.ls.core.id1 -Dosgi.bundles.defaultStartLevel=4 -Declipse.product=org.eclipse.jdt.ls.core.product -Dfile.encoding=utf8 -DwatchParentProcess=false -XX:+UseParallelGC -XX:GCTimeRatio=4 -XX:AdaptiveSizePolicyWeight=90 -Dsun.zip.disableMemoryMapping=true -Xmx1G -Xms100m -javaagent:c:\Users\ACER\.vscode\extensions\gabrielbb.vscode-lombok-1.0.1\server\lombok.jar -Xverify:none c:\Users\ACER\.vscode\extensions\redhat.java-0.82.0\server\plugins\org.eclipse.equinox.launcher_1.6.300.v20210813-1054.jar -configuration c:\Users\ACER\AppData\Roaming\Code\User\globalStorage\redhat.java\0.82.0\config_win -data c:\Users\ACER\AppData\Roaming\Code\User\workspaceStorage\7fee58ba46a44ecf2c9121a9ffec2780\redhat.java\jdt_ws

Host: AMD Ryzen 5 3550H with Radeon Vega Mobile Gfx  , 8 cores, 9G,  Windows 10 , 64 bit Build 19041 (10.0.19041.1202)
Time: Sun Oct  3 19:26:53 2021 Malay Peninsula Standard Time elapsed time: 6 seconds (0d 0h 0m 6s)

---------------  T H R E A D  ---------------

Current thread (0x00000153119d3800):  JavaThread "C2 CompilerThread0" daemon [_thread_in_native, id=2044, stack(0x0000000293000000,0x0000000293100000)]


Current CompileTask:
C2:   6555 3575   !   4       org.eclipse.osgi.internal.loader.classpath.ClasspathManager::findLocalClass (210 bytes)

Stack: [0x0000000293000000,0x0000000293100000]
Native frames: (J=compiled Java code, j=interpreted, Vv=VM code, C=native code)
V  [jvm.dll+0x5dfa5a]
V  [jvm.dll+0x7175ce]
V  [jvm.dll+0x718c9f]
V  [jvm.dll+0x719363]
V  [jvm.dll+0x240e48]
V  [jvm.dll+0xb96ac]
V  [jvm.dll+0xb9dac]
V  [jvm.dll+0x2b0804]
V  [jvm.dll+0x500086]
V  [jvm.dll+0x202a5d]
V  [jvm.dll+0x1fca3a]
V  [jvm.dll+0x1f99bf]
V  [jvm.dll+0x17e4ec]
V  [jvm.dll+0x208f27]
V  [jvm.dll+0x20710b]
V  [jvm.dll+0x6dc339]
V  [jvm.dll+0x6d53e4]
V  [jvm.dll+0x5de996]
C  [ucrtbase.dll+0x21bb2]
C  [KERNEL32.DLL+0x17034]
C  [ntdll.dll+0x52651]


---------------  P R O C E S S  ---------------

Threads class SMR info:
_java_thread_list=0x00000153134a83d0, length=24, elements={
0x0000015374938000, 0x000001537f8d0800, 0x000001537f8da000, 0x0000015311a24800,
0x0000015311a25800, 0x00000153119d3800, 0x00000153119d6000, 0x00000153119dd000,
0x0000015311b6d000, 0x0000015311d31800, 0x00000153132c5000, 0x0000015313466000,
0x0000015312eed800, 0x000001531370f800, 0x0000015313100000, 0x0000015313b3f000,
0x0000015313c1f800, 0x0000015313b93800, 0x0000015313c7a800, 0x0000015313b72000,
0x0000015314015800, 0x0000015314016800, 0x0000015316032800, 0x0000015312bd5800
}

Java Threads: ( => current thread )
  0x0000015374938000 JavaThread "main" [_thread_blocked, id=10468, stack(0x0000000292900000,0x0000000292a00000)]
  0x000001537f8d0800 JavaThread "Reference Handler" daemon [_thread_blocked, id=3128, stack(0x0000000292c00000,0x0000000292d00000)]
  0x000001537f8da000 JavaThread "Finalizer" daemon [_thread_blocked, id=17700, stack(0x0000000292d00000,0x0000000292e00000)]
  0x0000015311a24800 JavaThread "Signal Dispatcher" daemon [_thread_blocked, id=4952, stack(0x0000000292e00000,0x0000000292f00000)]
  0x0000015311a25800 JavaThread "Attach Listener" daemon [_thread_blocked, id=4944, stack(0x0000000292f00000,0x0000000293000000)]
=>0x00000153119d3800 JavaThread "C2 CompilerThread0" daemon [_thread_in_native, id=2044, stack(0x0000000293000000,0x0000000293100000)]
  0x00000153119d6000 JavaThread "C1 CompilerThread0" daemon [_thread_blocked, id=13008, stack(0x0000000293100000,0x0000000293200000)]
  0x00000153119dd000 JavaThread "Sweeper thread" daemon [_thread_blocked, id=9524, stack(0x0000000293200000,0x0000000293300000)]
  0x0000015311b6d000 JavaThread "Common-Cleaner" daemon [_thread_blocked, id=6764, stack(0x0000000293300000,0x0000000293400000)]
  0x0000015311d31800 JavaThread "Service Thread" daemon [_thread_blocked, id=18160, stack(0x0000000293500000,0x0000000293600000)]
  0x00000153132c5000 JavaThread "Active Thread: Equinox Container: 7588558d-ea70-4b9c-866c-df6217f7d8cd" [_thread_blocked, id=4860, stack(0x0000000293900000,0x0000000293a00000)]
  0x0000015313466000 JavaThread "Framework Event Dispatcher: Equinox Container: 7588558d-ea70-4b9c-866c-df6217f7d8cd" daemon [_thread_blocked, id=4312, stack(0x0000000293700000,0x0000000293800000)]
  0x0000015312eed800 JavaThread "Start Level: Equinox Container: 7588558d-ea70-4b9c-866c-df6217f7d8cd" daemon [_thread_blocked, id=3308, stack(0x0000000293a00000,0x0000000293b00000)]
  0x000001531370f800 JavaThread "SCR Component Actor" daemon [_thread_blocked, id=12024, stack(0x0000000293d00000,0x0000000293e00000)]
  0x0000015313100000 JavaThread "Timer-0" daemon [_thread_blocked, id=5108, stack(0x0000000293e00000,0x0000000293f00000)]
  0x0000015313b3f000 JavaThread "Worker-JM" [_thread_blocked, id=19928, stack(0x0000000293400000,0x0000000293500000)]
  0x0000015313c1f800 JavaThread "Worker-0: Repository registry initialization" [_thread_blocked, id=7488, stack(0x0000000294200000,0x0000000294300000)]
  0x0000015313b93800 JavaThread "Worker-1: Initialize Workspace" [_thread_blocked, id=6040, stack(0x0000000294300000,0x0000000294400000)]
  0x0000015313c7a800 JavaThread "Worker-2" [_thread_blocked, id=3516, stack(0x0000000294400000,0x0000000294500000)]
  0x0000015313b72000 JavaThread "Java indexing" daemon [_thread_blocked, id=9392, stack(0x0000000294700000,0x0000000294800000)]
  0x0000015314015800 JavaThread "logback configurator timer" daemon [_thread_blocked, id=18628, stack(0x0000000294900000,0x0000000294a00000)]
  0x0000015314016800 JavaThread "pool-2-thread-1" [_thread_blocked, id=8024, stack(0x0000000294100000,0x0000000294200000)]
  0x0000015316032800 JavaThread "C2 CompilerThread1" daemon [_thread_blocked, id=6320, stack(0x0000000294800000,0x0000000294900000)]
  0x0000015312bd5800 JavaThread "C2 CompilerThread2" daemon [_thread_blocked, id=12900, stack(0x0000000294a00000,0x0000000294b00000)]

Other Threads:
  0x00000153119d2000 VMThread "VM Thread" [stack: 0x0000000292b00000,0x0000000292c00000] [id=15544]
  0x0000015311d49800 WatcherThread [stack: 0x0000000293600000,0x0000000293700000] [id=7636]
  0x000001537494e800 GCTaskThread "ParGC Thread#0" [stack: 0x0000000292a00000,0x0000000292b00000] [id=4828]
  0x0000015312d97800 GCTaskThread "ParGC Thread#1" [stack: 0x0000000293800000,0x0000000293900000] [id=16616]
  0x0000015313410000 GCTaskThread "ParGC Thread#2" [stack: 0x0000000293b00000,0x0000000293c00000] [id=18036]
  0x0000015313113800 GCTaskThread "ParGC Thread#3" [stack: 0x0000000293c00000,0x0000000293d00000] [id=3120]
  0x0000015313577000 GCTaskThread "ParGC Thread#4" [stack: 0x0000000293f00000,0x0000000294000000] [id=14608]
  0x0000015313e3c000 GCTaskThread "ParGC Thread#5" [stack: 0x0000000294000000,0x0000000294100000] [id=13448]
  0x0000015313cf0800 GCTaskThread "ParGC Thread#6" [stack: 0x0000000294500000,0x0000000294600000] [id=19020]
  0x0000015313c63000 GCTaskThread "ParGC Thread#7" [stack: 0x0000000294600000,0x0000000294700000] [id=1452]

Threads with active compile tasks:
C2 CompilerThread0   6606 3575   !   4       org.eclipse.osgi.internal.loader.classpath.ClasspathManager::findLocalClass (210 bytes)
C1 CompilerThread0   6606 3783       2       org.eclipse.sisu.space.asm.ClassReader::readUTF8 (60 bytes)
C2 CompilerThread1   6606 3272   !   4       org.eclipse.osgi.internal.loader.classpath.ClasspathManager::findClassImpl (308 bytes)
C2 CompilerThread2   6606 3752       4       org.eclipse.jdt.internal.core.util.Util::splitOn (134 bytes)

VM state:not at safepoint (normal execution)

VM Mutex/Monitor currently owned by a thread:  ([mutex/lock_event])
[0x00000153747a3190] CodeCache_lock - owner thread: 0x0000000000000000
[0x0000015374935320] Heap_lock - owner thread: 0x0000015313b93800

Heap address: 0x00000000c0000000, size: 1024 MB, Compressed Oops mode: 32-bit
Narrow klass base: 0x0000000000000000, Narrow klass shift: 3
Compressed class space size: 1073741824 Address: 0x0000000100000000

Heap:
 PSYoungGen      total 23552K, used 1511K [0x00000000eab00000, 0x00000000ec480000, 0x0000000100000000)
  eden space 22016K, 0% used [0x00000000eab00000,0x00000000eab29c10,0x00000000ec080000)
  from space 1536K, 87% used [0x00000000ec300000,0x00000000ec450010,0x00000000ec480000)
  to   space 1536K, 0% used [0x00000000ec180000,0x00000000ec180000,0x00000000ec300000)
 ParOldGen       total 68608K, used 15303K [0x00000000c0000000, 0x00000000c4300000, 0x00000000eab00000)
  object space 68608K, 22% used [0x00000000c0000000,0x00000000c0ef1dc0,0x00000000c4300000)
 Metaspace       used 38071K, capacity 40521K, committed 40792K, reserved 1085440K
  class space    used 3875K, capacity 4811K, committed 4952K, reserved 1048576K

Card table byte_map: [0x000001537e960000,0x000001537eb70000] _byte_map_base: 0x000001537e360000

Marking Bits: (ParMarkBitMap*) 0x00007fff8cdc6e90
 Begin Bits: [0x000001530f000000, 0x0000015310000000)
 End Bits:   [0x0000015310000000, 0x0000015311000000)

Polling page: 0x000001537e750000

Metaspace:

Usage:
  Non-class:     34.87 MB capacity,    33.39 MB ( 96%) used,     1.40 MB (  4%) free+waste,    85.00 KB ( <1%) overhead. 
      Class:      4.70 MB capacity,     3.79 MB ( 81%) used,   892.76 KB ( 19%) free+waste,    42.38 KB ( <1%) overhead. 
       Both:     39.57 MB capacity,    37.18 MB ( 94%) used,     2.27 MB (  6%) free+waste,   127.38 KB ( <1%) overhead. 

Virtual space:
  Non-class space:       36.00 MB reserved,      35.00 MB ( 97%) committed 
      Class space:        1.00 GB reserved,       4.84 MB ( <1%) committed 
             Both:        1.04 GB reserved,      39.84 MB (  4%) committed 

Chunk freelists:
   Non-Class:  2.00 KB
       Class:  21.00 KB
        Both:  23.00 KB

MaxMetaspaceSize: 17179869184.00 GB
CompressedClassSpaceSize: 1.00 GB

CodeHeap 'non-profiled nmethods': size=120000Kb used=1305Kb max_used=1305Kb free=118695Kb
 bounds [0x0000015307ad0000, 0x0000015307d40000, 0x000001530f000000]
CodeHeap 'profiled nmethods': size=120000Kb used=7047Kb max_used=7047Kb free=112952Kb
 bounds [0x00000153005a0000, 0x0000015300c90000, 0x0000015307ad0000]
CodeHeap 'non-nmethods': size=5760Kb used=1191Kb max_used=1231Kb free=4569Kb
 bounds [0x0000015300000000, 0x0000015300270000, 0x00000153005a0000]
 total_blobs=3879 nmethods=3333 adapters=458
 compilation: enabled
              stopped_count=0, restarted_count=0
 full_count=0

Compilation events (20 events):
Event: 6.529 Thread 0x00000153119d6000 3762       2       java.util.regex.ASCII::isSpace (8 bytes)
Event: 6.529 Thread 0x00000153119d6000 nmethod 3762 0x0000015300c7f290 code [0x0000015300c7f440, 0x0000015300c7f578]
Event: 6.529 Thread 0x00000153119d6000 3763       2       java.util.regex.ASCII::isType (15 bytes)
Event: 6.529 Thread 0x00000153119d6000 nmethod 3763 0x0000015300c7f690 code [0x0000015300c7f840, 0x0000015300c7f978]
Event: 6.529 Thread 0x00000153119d6000 3765       2       java.util.regex.Pattern$CharPropertyGreedy::match (122 bytes)
Event: 6.530 Thread 0x00000153119d6000 nmethod 3765 0x0000015300c7fa90 code [0x0000015300c7fc80, 0x0000015300c80038]
Event: 6.530 Thread 0x00000153119d6000 3764       2       java.util.regex.ASCII::getType (17 bytes)
Event: 6.530 Thread 0x00000153119d6000 nmethod 3764 0x0000015300c80210 code [0x0000015300c803c0, 0x0000015300c804f8]
Event: 6.530 Thread 0x00000153119d6000 3766   !   2       java.util.regex.Pattern::matcher (44 bytes)
Event: 6.531 Thread 0x00000153119d6000 nmethod 3766 0x0000015300c80610 code [0x0000015300c807e0, 0x0000015300c80b58]
Event: 6.531 Thread 0x00000153119d6000 3768       2       java.util.regex.Pattern$BmpCharPropertyGreedy::match (89 bytes)
Event: 6.531 Thread 0x00000153119d6000 nmethod 3768 0x0000015300c80c90 code [0x0000015300c80e80, 0x0000015300c811a8]
Event: 6.531 Thread 0x00000153119d6000 3767       2       java.util.regex.Pattern$GroupTail::match (111 bytes)
Event: 6.532 Thread 0x00000153119d6000 nmethod 3767 0x0000015300c81390 code [0x0000015300c81560, 0x0000015300c817e8]
Event: 6.532 Thread 0x0000015312bd5800 nmethod 3595 0x0000015307c13f90 code [0x0000015307c141a0, 0x0000015307c14ac8]
Event: 6.532 Thread 0x0000015312bd5800 3674       4       sun.nio.cs.UTF_8$Decoder::decodeArrayLoop (691 bytes)
Event: 6.547 Thread 0x00000153119d6000 3770       2       org.eclipse.jdt.internal.core.util.HashtableOfArrayToObject::put (114 bytes)
Event: 6.548 Thread 0x0000015312bd5800 nmethod 3674 0x0000015307c15110 code [0x0000015307c152e0, 0x0000015307c15978]
Event: 6.548 Thread 0x0000015312bd5800 3691       4       jdk.internal.jrtfs.JrtPath::initOffsets (146 bytes)
Event: 6.548 Thread 0x00000153119d6000 nmethod 3770 0x0000015300c81a10 code [0x0000015300c81c20, 0x0000015300c820e8]

GC Heap History (20 events):
Event: 3.454 GC heap before
{Heap before GC invocations=4 (full 0):
 PSYoungGen      total 29696K, used 10840K [0x00000000eab00000, 0x00000000ecc00000, 0x0000000100000000)
  eden space 25600K, 26% used [0x00000000eab00000,0x00000000eb198898,0x00000000ec400000)
  from space 4096K, 99% used [0x00000000ec400000,0x00000000ec7fda40,0x00000000ec800000)
  to   space 4096K, 0% used [0x00000000ec800000,0x00000000ec800000,0x00000000ecc00000)
 ParOldGen       total 68608K, used 2750K [0x00000000c0000000, 0x00000000c4300000, 0x00000000eab00000)
  object space 68608K, 4% used [0x00000000c0000000,0x00000000c02af9d0,0x00000000c4300000)
 Metaspace       used 20111K, capacity 21187K, committed 21248K, reserved 1069056K
  class space    used 1904K, capacity 2276K, committed 2304K, reserved 1048576K
}
Event: 3.469 GC heap after
{Heap after GC invocations=4 (full 0):
 PSYoungGen      total 29696K, used 4070K [0x00000000eab00000, 0x00000000ecc00000, 0x0000000100000000)
  eden space 25600K, 0% used [0x00000000eab00000,0x00000000eab00000,0x00000000ec400000)
  from space 4096K, 99% used [0x00000000ec800000,0x00000000ecbf9a50,0x00000000ecc00000)
  to   space 4096K, 0% used [0x00000000ec400000,0x00000000ec400000,0x00000000ec800000)
 ParOldGen       total 68608K, used 3082K [0x00000000c0000000, 0x00000000c4300000, 0x00000000eab00000)
  object space 68608K, 4% used [0x00000000c0000000,0x00000000c03029f0,0x00000000c4300000)
 Metaspace       used 20111K, capacity 21187K, committed 21248K, reserved 1069056K
  class space    used 1904K, capacity 2276K, committed 2304K, reserved 1048576K
}
Event: 3.469 GC heap before
{Heap before GC invocations=5 (full 1):
 PSYoungGen      total 29696K, used 4070K [0x00000000eab00000, 0x00000000ecc00000, 0x0000000100000000)
  eden space 25600K, 0% used [0x00000000eab00000,0x00000000eab00000,0x00000000ec400000)
  from space 4096K, 99% used [0x00000000ec800000,0x00000000ecbf9a50,0x00000000ecc00000)
  to   space 4096K, 0% used [0x00000000ec400000,0x00000000ec400000,0x00000000ec800000)
 ParOldGen       total 68608K, used 3082K [0x00000000c0000000, 0x00000000c4300000, 0x00000000eab00000)
  object space 68608K, 4% used [0x00000000c0000000,0x00000000c03029f0,0x00000000c4300000)
 Metaspace       used 20111K, capacity 21187K, committed 21248K, reserved 1069056K
  class space    used 1904K, capacity 2276K, committed 2304K, reserved 1048576K
}
Event: 3.537 GC heap after
{Heap after GC invocations=5 (full 1):
 PSYoungGen      total 29696K, used 0K [0x00000000eab00000, 0x00000000ecc00000, 0x0000000100000000)
  eden space 25600K, 0% used [0x00000000eab00000,0x00000000eab00000,0x00000000ec400000)
  from space 4096K, 0% used [0x00000000ec800000,0x00000000ec800000,0x00000000ecc00000)
  to   space 4096K, 0% used [0x00000000ec400000,0x00000000ec400000,0x00000000ec800000)
 ParOldGen       total 68608K, used 7054K [0x00000000c0000000, 0x00000000c4300000, 0x00000000eab00000)
  object space 68608K, 10% used [0x00000000c0000000,0x00000000c06e3898,0x00000000c4300000)
 Metaspace       used 20111K, capacity 21187K, committed 21248K, reserved 1069056K
  class space    used 1904K, capacity 2276K, committed 2304K, reserved 1048576K
}
Event: 4.064 GC heap before
{Heap before GC invocations=6 (full 1):
 PSYoungGen      total 29696K, used 25600K [0x00000000eab00000, 0x00000000ecc00000, 0x0000000100000000)
  eden space 25600K, 100% used [0x00000000eab00000,0x00000000ec400000,0x00000000ec400000)
  from space 4096K, 0% used [0x00000000ec800000,0x00000000ec800000,0x00000000ecc00000)
  to   space 4096K, 0% used [0x00000000ec400000,0x00000000ec400000,0x00000000ec800000)
 ParOldGen       total 68608K, used 7054K [0x00000000c0000000, 0x00000000c4300000, 0x00000000eab00000)
  object space 68608K, 10% used [0x00000000c0000000,0x00000000c06e3898,0x00000000c4300000)
 Metaspace       used 23802K, capacity 25062K, committed 25216K, reserved 1071104K
  class space    used 2188K, capacity 2675K, committed 2688K, reserved 1048576K
}
Event: 4.067 GC heap after
{Heap after GC invocations=6 (full 1):
 PSYoungGen      total 26624K, used 1220K [0x00000000eab00000, 0x00000000ec880000, 0x0000000100000000)
  eden space 25088K, 0% used [0x00000000eab00000,0x00000000eab00000,0x00000000ec380000)
  from space 1536K, 79% used [0x00000000ec400000,0x00000000ec5313b0,0x00000000ec580000)
  to   space 2560K, 0% used [0x00000000ec600000,0x00000000ec600000,0x00000000ec880000)
 ParOldGen       total 68608K, used 7062K [0x00000000c0000000, 0x00000000c4300000, 0x00000000eab00000)
  object space 68608K, 10% used [0x00000000c0000000,0x00000000c06e5898,0x00000000c4300000)
 Metaspace       used 23802K, capacity 25062K, committed 25216K, reserved 1071104K
  class space    used 2188K, capacity 2675K, committed 2688K, reserved 1048576K
}
Event: 4.557 GC heap before
{Heap before GC invocations=7 (full 1):
 PSYoungGen      total 26624K, used 26308K [0x00000000eab00000, 0x00000000ec880000, 0x0000000100000000)
  eden space 25088K, 100% used [0x00000000eab00000,0x00000000ec380000,0x00000000ec380000)
  from space 1536K, 79% used [0x00000000ec400000,0x00000000ec5313b0,0x00000000ec580000)
  to   space 2560K, 0% used [0x00000000ec600000,0x00000000ec600000,0x00000000ec880000)
 ParOldGen       total 68608K, used 7062K [0x00000000c0000000, 0x00000000c4300000, 0x00000000eab00000)
  object space 68608K, 10% used [0x00000000c0000000,0x00000000c06e5898,0x00000000c4300000)
 Metaspace       used 26656K, capacity 28467K, committed 28544K, reserved 1075200K
  class space    used 2515K, capacity 3182K, committed 3200K, reserved 1048576K
}
Event: 4.559 GC heap after
{Heap after GC invocations=7 (full 1):
 PSYoungGen      total 25600K, used 2554K [0x00000000eab00000, 0x00000000ecc00000, 0x0000000100000000)
  eden space 23040K, 0% used [0x00000000eab00000,0x00000000eab00000,0x00000000ec180000)
  from space 2560K, 99% used [0x00000000ec600000,0x00000000ec87eb20,0x00000000ec880000)
  to   space 4608K, 0% used [0x00000000ec180000,0x00000000ec180000,0x00000000ec600000)
 ParOldGen       total 68608K, used 8177K [0x00000000c0000000, 0x00000000c4300000, 0x00000000eab00000)
  object space 68608K, 11% used [0x00000000c0000000,0x00000000c07fc510,0x00000000c4300000)
 Metaspace       used 26656K, capacity 28467K, committed 28544K, reserved 1075200K
  class space    used 2515K, capacity 3182K, committed 3200K, reserved 1048576K
}
Event: 5.071 GC heap before
{Heap before GC invocations=8 (full 1):
 PSYoungGen      total 25600K, used 25594K [0x00000000eab00000, 0x00000000ecc00000, 0x0000000100000000)
  eden space 23040K, 100% used [0x00000000eab00000,0x00000000ec180000,0x00000000ec180000)
  from space 2560K, 99% used [0x00000000ec600000,0x00000000ec87eb20,0x00000000ec880000)
  to   space 4608K, 0% used [0x00000000ec180000,0x00000000ec180000,0x00000000ec600000)
 ParOldGen       total 68608K, used 8177K [0x00000000c0000000, 0x00000000c4300000, 0x00000000eab00000)
  object space 68608K, 11% used [0x00000000c0000000,0x00000000c07fc510,0x00000000c4300000)
 Metaspace       used 30324K, capacity 32544K, committed 32768K, reserved 1079296K
  class space    used 2954K, capacity 3774K, committed 3840K, reserved 1048576K
}
Event: 5.073 GC heap after
{Heap after GC invocations=8 (full 1):
 PSYoungGen      total 26624K, used 3971K [0x00000000eab00000, 0x00000000eca00000, 0x0000000100000000)
  eden space 22528K, 0% used [0x00000000eab00000,0x00000000eab00000,0x00000000ec100000)
  from space 4096K, 96% used [0x00000000ec180000,0x00000000ec560f28,0x00000000ec580000)
  to   space 4608K, 0% used [0x00000000ec580000,0x00000000ec580000,0x00000000eca00000)
 ParOldGen       total 68608K, used 8185K [0x00000000c0000000, 0x00000000c4300000, 0x00000000eab00000)
  object space 68608K, 11% used [0x00000000c0000000,0x00000000c07fe510,0x00000000c4300000)
 Metaspace       used 30324K, capacity 32544K, committed 32768K, reserved 1079296K
  class space    used 2954K, capacity 3774K, committed 3840K, reserved 1048576K
}
Event: 5.595 GC heap before
{Heap before GC invocations=9 (full 1):
 PSYoungGen      total 26624K, used 26499K [0x00000000eab00000, 0x00000000eca00000, 0x0000000100000000)
  eden space 22528K, 99% used [0x00000000eab00000,0x00000000ec0ffff8,0x00000000ec100000)
  from space 4096K, 96% used [0x00000000ec180000,0x00000000ec560f28,0x00000000ec580000)
  to   space 4608K, 0% used [0x00000000ec580000,0x00000000ec580000,0x00000000eca00000)
 ParOldGen       total 68608K, used 8185K [0x00000000c0000000, 0x00000000c4300000, 0x00000000eab00000)
  object space 68608K, 11% used [0x00000000c0000000,0x00000000c07fe510,0x00000000c4300000)
 Metaspace       used 33020K, capacity 35336K, committed 35416K, reserved 1081344K
  class space    used 3277K, capacity 4111K, committed 4184K, reserved 1048576K
}
Event: 5.600 GC heap after
{Heap after GC invocations=9 (full 1):
 PSYoungGen      total 26624K, used 4604K [0x00000000eab00000, 0x00000000eca80000, 0x0000000100000000)
  eden space 22016K, 0% used [0x00000000eab00000,0x00000000eab00000,0x00000000ec080000)
  from space 4608K, 99% used [0x00000000ec580000,0x00000000ec9ff148,0x00000000eca00000)
  to   space 5120K, 0% used [0x00000000ec080000,0x00000000ec080000,0x00000000ec580000)
 ParOldGen       total 68608K, used 8369K [0x00000000c0000000, 0x00000000c4300000, 0x00000000eab00000)
  object space 68608K, 12% used [0x00000000c0000000,0x00000000c082c510,0x00000000c4300000)
 Metaspace       used 33020K, capacity 35336K, committed 35416K, reserved 1081344K
  class space    used 3277K, capacity 4111K, committed 4184K, reserved 1048576K
}
Event: 5.602 GC heap before
{Heap before GC invocations=10 (full 1):
 PSYoungGen      total 26624K, used 4837K [0x00000000eab00000, 0x00000000eca80000, 0x0000000100000000)
  eden space 22016K, 1% used [0x00000000eab00000,0x00000000eab3a660,0x00000000ec080000)
  from space 4608K, 99% used [0x00000000ec580000,0x00000000ec9ff148,0x00000000eca00000)
  to   space 5120K, 0% used [0x00000000ec080000,0x00000000ec080000,0x00000000ec580000)
 ParOldGen       total 68608K, used 8369K [0x00000000c0000000, 0x00000000c4300000, 0x00000000eab00000)
  object space 68608K, 12% used [0x00000000c0000000,0x00000000c082c510,0x00000000c4300000)
 Metaspace       used 33061K, capacity 35368K, committed 35416K, reserved 1081344K
  class space    used 3284K, capacity 4143K, committed 4184K, reserved 1048576K
}
Event: 5.611 GC heap after
{Heap after GC invocations=10 (full 1):
 PSYoungGen      total 24576K, used 2151K [0x00000000eab00000, 0x00000000ec780000, 0x0000000100000000)
  eden space 22016K, 0% used [0x00000000eab00000,0x00000000eab00000,0x00000000ec080000)
  from space 2560K, 84% used [0x00000000ec080000,0x00000000ec299cb8,0x00000000ec300000)
  to   space 3584K, 0% used [0x00000000ec400000,0x00000000ec400000,0x00000000ec780000)
 ParOldGen       total 68608K, used 10845K [0x00000000c0000000, 0x00000000c4300000, 0x00000000eab00000)
  object space 68608K, 15% used [0x00000000c0000000,0x00000000c0a974a0,0x00000000c4300000)
 Metaspace       used 33061K, capacity 35368K, committed 35416K, reserved 1081344K
  class space    used 3284K, capacity 4143K, committed 4184K, reserved 1048576K
}
Event: 5.611 GC heap before
{Heap before GC invocations=11 (full 2):
 PSYoungGen      total 24576K, used 2151K [0x00000000eab00000, 0x00000000ec780000, 0x0000000100000000)
  eden space 22016K, 0% used [0x00000000eab00000,0x00000000eab00000,0x00000000ec080000)
  from space 2560K, 84% used [0x00000000ec080000,0x00000000ec299cb8,0x00000000ec300000)
  to   space 3584K, 0% used [0x00000000ec400000,0x00000000ec400000,0x00000000ec780000)
 ParOldGen       total 68608K, used 10845K [0x00000000c0000000, 0x00000000c4300000, 0x00000000eab00000)
  object space 68608K, 15% used [0x00000000c0000000,0x00000000c0a974a0,0x00000000c4300000)
 Metaspace       used 33061K, capacity 35368K, committed 35416K, reserved 1081344K
  class space    used 3284K, capacity 4143K, committed 4184K, reserved 1048576K
}
Event: 5.706 GC heap after
{Heap after GC invocations=11 (full 2):
 PSYoungGen      total 24576K, used 0K [0x00000000eab00000, 0x00000000ec780000, 0x0000000100000000)
  eden space 22016K, 0% used [0x00000000eab00000,0x00000000eab00000,0x00000000ec080000)
  from space 2560K, 0% used [0x00000000ec080000,0x00000000ec080000,0x00000000ec300000)
  to   space 3584K, 0% used [0x00000000ec400000,0x00000000ec400000,0x00000000ec780000)
 ParOldGen       total 68608K, used 12674K [0x00000000c0000000, 0x00000000c4300000, 0x00000000eab00000)
  object space 68608K, 18% used [0x00000000c0000000,0x00000000c0c60af0,0x00000000c4300000)
 Metaspace       used 33061K, capacity 35368K, committed 35416K, reserved 1081344K
  class space    used 3284K, capacity 4143K, committed 4184K, reserved 1048576K
}
Event: 6.115 GC heap before
{Heap before GC invocations=12 (full 2):
 PSYoungGen      total 24576K, used 22016K [0x00000000eab00000, 0x00000000ec780000, 0x0000000100000000)
  eden space 22016K, 100% used [0x00000000eab00000,0x00000000ec080000,0x00000000ec080000)
  from space 2560K, 0% used [0x00000000ec080000,0x00000000ec080000,0x00000000ec300000)
  to   space 3584K, 0% used [0x00000000ec400000,0x00000000ec400000,0x00000000ec780000)
 ParOldGen       total 68608K, used 12674K [0x00000000c0000000, 0x00000000c4300000, 0x00000000eab00000)
  object space 68608K, 18% used [0x00000000c0000000,0x00000000c0c60af0,0x00000000c4300000)
 Metaspace       used 35865K, capacity 38206K, committed 38360K, reserved 1083392K
  class space    used 3615K, capacity 4534K, committed 4568K, reserved 1048576K
}
Event: 6.118 GC heap after
{Heap after GC invocations=12 (full 2):
 PSYoungGen      total 23552K, used 1524K [0x00000000eab00000, 0x00000000ec580000, 0x0000000100000000)
  eden space 22016K, 0% used [0x00000000eab00000,0x00000000eab00000,0x00000000ec080000)
  from space 1536K, 99% used [0x00000000ec400000,0x00000000ec57d270,0x00000000ec580000)
  to   space 2048K, 0% used [0x00000000ec180000,0x00000000ec180000,0x00000000ec380000)
 ParOldGen       total 68608K, used 12682K [0x00000000c0000000, 0x00000000c4300000, 0x00000000eab00000)
  object space 68608K, 18% used [0x00000000c0000000,0x00000000c0c62af0,0x00000000c4300000)
 Metaspace       used 35865K, capacity 38206K, committed 38360K, reserved 1083392K
  class space    used 3615K, capacity 4534K, committed 4568K, reserved 1048576K
}
Event: 6.397 GC heap before
{Heap before GC invocations=13 (full 2):
 PSYoungGen      total 23552K, used 23540K [0x00000000eab00000, 0x00000000ec580000, 0x0000000100000000)
  eden space 22016K, 100% used [0x00000000eab00000,0x00000000ec080000,0x00000000ec080000)
  from space 1536K, 99% used [0x00000000ec400000,0x00000000ec57d270,0x00000000ec580000)
  to   space 2048K, 0% used [0x00000000ec180000,0x00000000ec180000,0x00000000ec380000)
 ParOldGen       total 68608K, used 12682K [0x00000000c0000000, 0x00000000c4300000, 0x00000000eab00000)
  object space 68608K, 18% used [0x00000000c0000000,0x00000000c0c62af0,0x00000000c4300000)
 Metaspace       used 37499K, capacity 39820K, committed 40152K, reserved 1085440K
  class space    used 3790K, capacity 4704K, committed 4824K, reserved 1048576K
}
Event: 6.429 GC heap after
{Heap after GC invocations=13 (full 2):
 PSYoungGen      total 23552K, used 1404K [0x00000000eab00000, 0x00000000ec480000, 0x0000000100000000)
  eden space 22016K, 0% used [0x00000000eab00000,0x00000000eab00000,0x00000000ec080000)
  from space 1536K, 91% used [0x00000000ec180000,0x00000000ec2df270,0x00000000ec300000)
  to   space 1536K, 0% used [0x00000000ec300000,0x00000000ec300000,0x00000000ec480000)
 ParOldGen       total 68608K, used 14079K [0x00000000c0000000, 0x00000000c4300000, 0x00000000eab00000)
  object space 68608K, 20% used [0x00000000c0000000,0x00000000c0dbfda0,0x00000000c4300000)
 Metaspace       used 37499K, capacity 39820K, committed 40152K, reserved 1085440K
  class space    used 3790K, capacity 4704K, committed 4824K, reserved 1048576K
}

Deoptimization events (20 events):
Event: 6.386 Thread 0x0000015313c1f800 Uncommon trap: trap_request=0xffffffc6 fr.pc=0x0000015307bf37b0 relative=0x00000000000001d0
Event: 6.386 Thread 0x0000015313c1f800 Uncommon trap: reason=bimorphic_or_optimized_type_check action=maybe_recompile pc=0x0000015307bf37b0 method=java.io.BufferedInputStream.read1([BII)I @ 39 c2
Event: 6.386 Thread 0x0000015313c1f800 DEOPT PACKING pc=0x0000015307bf37b0 sp=0x00000002942fd710
Event: 6.386 Thread 0x0000015313c1f800 DEOPT UNPACKING pc=0x0000015300026caf sp=0x00000002942fd6b8 mode 2
Event: 6.390 Thread 0x0000015313c1f800 Uncommon trap: trap_request=0xffffff4d fr.pc=0x0000015307be87b0 relative=0x0000000000000110
Event: 6.390 Thread 0x0000015313c1f800 Uncommon trap: reason=unstable_if action=reinterpret pc=0x0000015307be87b0 method=java.util.ArrayList.indexOfRange(Ljava/lang/Object;II)I @ 7 c2
Event: 6.390 Thread 0x0000015313c1f800 DEOPT PACKING pc=0x0000015307be87b0 sp=0x00000002942fe0b0
Event: 6.390 Thread 0x0000015313c1f800 DEOPT UNPACKING pc=0x0000015300026caf sp=0x00000002942fdf70 mode 2
Event: 6.394 Thread 0x0000015313c1f800 Uncommon trap: trap_request=0xffffffc6 fr.pc=0x0000015307bf37b0 relative=0x00000000000001d0
Event: 6.394 Thread 0x0000015313c1f800 Uncommon trap: reason=bimorphic_or_optimized_type_check action=maybe_recompile pc=0x0000015307bf37b0 method=java.io.BufferedInputStream.read1([BII)I @ 39 c2
Event: 6.394 Thread 0x0000015313c1f800 DEOPT PACKING pc=0x0000015307bf37b0 sp=0x00000002942fd670
Event: 6.394 Thread 0x0000015313c1f800 DEOPT UNPACKING pc=0x0000015300026caf sp=0x00000002942fd618 mode 2
Event: 6.444 Thread 0x0000015313c1f800 Uncommon trap: trap_request=0xffffff4d fr.pc=0x0000015307bc2698 relative=0x00000000000000f8
Event: 6.444 Thread 0x0000015313c1f800 Uncommon trap: reason=unstable_if action=reinterpret pc=0x0000015307bc2698 method=java.util.ArrayList.indexOfRange(Ljava/lang/Object;II)I @ 7 c2
Event: 6.444 Thread 0x0000015313c1f800 DEOPT PACKING pc=0x0000015307bc2698 sp=0x00000002942fe050
Event: 6.444 Thread 0x0000015313c1f800 DEOPT UNPACKING pc=0x0000015300026caf sp=0x00000002942fdf78 mode 2
Event: 6.480 Thread 0x0000015313c1f800 Uncommon trap: trap_request=0xffffff4d fr.pc=0x0000015307bb3d8c relative=0x00000000000000ec
Event: 6.480 Thread 0x0000015313c1f800 Uncommon trap: reason=unstable_if action=reinterpret pc=0x0000015307bb3d8c method=java.util.ArrayList.indexOfRange(Ljava/lang/Object;II)I @ 7 c2
Event: 6.480 Thread 0x0000015313c1f800 DEOPT PACKING pc=0x0000015307bb3d8c sp=0x00000002942fe050
Event: 6.480 Thread 0x0000015313c1f800 DEOPT UNPACKING pc=0x0000015300026caf sp=0x00000002942fdfd0 mode 2

Classes redefined (0 events):
No events

Internal exceptions (20 events):
Event: 3.737 Thread 0x0000015312eed800 Exception <a 'java/lang/IncompatibleClassChangeError'{0x00000000eb07e280}: Found class java.lang.Object, but interface was expected> (0x00000000eb07e280) thrown at [./src/hotspot/share/interpreter/linkResolver.cpp, line 839]
Event: 4.153 Thread 0x0000015312eed800 Exception <a 'java/lang/ClassNotFoundException'{0x00000000eb1281f8}: com/sun/org/apache/xerces/internal/impl/msg/spi/DOMMessagesProvider> (0x00000000eb1281f8) thrown at [./src/hotspot/share/classfile/systemDictionary.cpp, line 231]
Event: 4.156 Thread 0x0000015312eed800 Exception <a 'java/lang/ClassNotFoundException'{0x00000000eb158330}: com/sun/org/apache/xerces/internal/impl/msg/spi/XMLSerializerMessagesProvider> (0x00000000eb158330) thrown at [./src/hotspot/share/classfile/systemDictionary.cpp, line 231]
Event: 4.158 Thread 0x0000015312eed800 Exception <a 'java/lang/ClassNotFoundException'{0x00000000eb163a90}: com/sun/org/apache/xerces/internal/impl/msg/spi/XMLMessagesProvider> (0x00000000eb163a90) thrown at [./src/hotspot/share/classfile/systemDictionary.cpp, line 231]
Event: 4.284 Thread 0x0000015312eed800 Exception <a 'java/lang/ClassNotFoundException'{0x00000000eb670038}: com/sun/org/apache/xml/internal/serializer/spi/XMLEntitiesProvider> (0x00000000eb670038) thrown at [./src/hotspot/share/classfile/systemDictionary.cpp, line 231]
Event: 4.567 Thread 0x0000015312eed800 Exception <a 'java/lang/NoSuchMethodError'{0x00000000eab54e58}: 'void java.lang.invoke.DirectMethodHandle$Holder.invokeSpecial(java.lang.Object, java.lang.Object, java.lang.Object, int)'> (0x00000000eab54e58) thrown at [./src/hotspot/share/interpreter/linkResolver.cpp, line 773]
Event: 4.668 Thread 0x0000015312eed800 Exception <a 'java/lang/NoSuchMethodError'{0x00000000eaf17120}: <clinit>> (0x00000000eaf17120) thrown at [./src/hotspot/share/prims/jni.cpp, line 1362]
Event: 4.674 Thread 0x0000015312eed800 Exception <a 'java/lang/NoSuchMethodError'{0x00000000eaf60a08}: <clinit>> (0x00000000eaf60a08) thrown at [./src/hotspot/share/prims/jni.cpp, line 1362]
Event: 4.788 Thread 0x0000015312eed800 Exception <a 'java/io/FileNotFoundException'{0x00000000eb456568}> (0x00000000eb456568) thrown at [./src/hotspot/share/prims/jni.cpp, line 615]
Event: 4.803 Thread 0x0000015312eed800 Exception <a 'java/io/FileNotFoundException'{0x00000000eb4c1760}> (0x00000000eb4c1760) thrown at [./src/hotspot/share/prims/jni.cpp, line 615]
Event: 4.815 Thread 0x0000015312eed800 Exception <a 'java/io/FileNotFoundException'{0x00000000eb536800}> (0x00000000eb536800) thrown at [./src/hotspot/share/prims/jni.cpp, line 615]
Event: 4.965 Thread 0x0000015312eed800 Implicit null exception at 0x0000015307be4602 to 0x0000015307be5434
Event: 5.402 Thread 0x0000015314016800 Exception <a 'java/io/FileNotFoundException'{0x00000000eb9cdee0}> (0x00000000eb9cdee0) thrown at [./src/hotspot/share/prims/jni.cpp, line 615]
Event: 5.480 Thread 0x0000015314016800 Exception <a 'java/lang/NoSuchMethodError'{0x00000000ebd43360}: 'void java.lang.invoke.DirectMethodHandle$Holder.invokeStatic(java.lang.Object, java.lang.Object, java.lang.Object, java.lang.Object, java.lang.Object, java.lang.Object)'> (0x00000000ebd43360) thrown at [./src/hotspot/share/interpreter/linkResolver.cpp, line 773]
Event: 5.589 Thread 0x0000015313c7a800 Exception <a 'java/lang/NoSuchMethodError'{0x00000000ec05a0a8}: 'org.slf4j.impl.StaticMDCBinder org.slf4j.impl.StaticMDCBinder.getSingleton()'> (0x00000000ec05a0a8) thrown at [./src/hotspot/share/interpreter/linkResolver.cpp, line 773]
Event: 5.850 Thread 0x0000015313b93800 Exception <a 'java/lang/NoSuchMethodError'{0x00000000eb103610}: 'int java.lang.invoke.DirectMethodHandle$Holder.invokeInterface(java.lang.Object, java.lang.Object)'> (0x00000000eb103610) thrown at [./src/hotspot/share/interpreter/linkResolver.cpp, line 773]
Event: 5.850 Thread 0x0000015313b93800 Exception <a 'java/lang/IncompatibleClassChangeError'{0x00000000eb10eaf8}: Found class java.lang.Object, but interface was expected> (0x00000000eb10eaf8) thrown at [./src/hotspot/share/interpreter/linkResolver.cpp, line 839]
Event: 6.488 Thread 0x0000015313b93800 Exception <a 'java/io/FileNotFoundException'{0x00000000eb40cce8}> (0x00000000eb40cce8) thrown at [./src/hotspot/share/prims/jni.cpp, line 615]
Event: 6.489 Thread 0x0000015313b93800 Exception <a 'java/io/FileNotFoundException'{0x00000000eb40e8a0}> (0x00000000eb40e8a0) thrown at [./src/hotspot/share/prims/jni.cpp, line 615]
Event: 6.492 Thread 0x0000015313b93800 Exception <a 'java/lang/NoSuchMethodError'{0x00000000eb4a2408}: 'void java.lang.invoke.DirectMethodHandle$Holder.invokeStaticInit(java.lang.Object, java.lang.Object, java.lang.Object)'> (0x00000000eb4a2408) thrown at [./src/hotspot/share/interpreter/linkResolver.cpp, line 773]

Events (20 events):
Event: 6.480 loading class org/eclipse/core/runtime/content/IContentType
Event: 6.480 loading class org/eclipse/core/runtime/content/IContentType done
Event: 6.482 Executing VM operation: BulkRevokeBias
Event: 6.483 Executing VM operation: BulkRevokeBias done
Event: 6.489 loading class org/eclipse/core/runtime/preferences/IEclipsePreferences
Event: 6.489 loading class org/eclipse/core/runtime/preferences/IEclipsePreferences done
Event: 6.489 loading class org/eclipse/core/runtime/preferences/IEclipsePreferences
Event: 6.489 loading class org/eclipse/core/runtime/preferences/IEclipsePreferences done
Event: 6.489 loading class org/eclipse/core/runtime/preferences/IEclipsePreferences
Event: 6.489 loading class org/eclipse/core/runtime/preferences/IEclipsePreferences done
Event: 6.489 loading class org/eclipse/core/runtime/preferences/IEclipsePreferences
Event: 6.489 loading class org/eclipse/core/runtime/preferences/IEclipsePreferences done
Event: 6.492 loading class org/eclipse/osgi/service/debug/DebugOptions
Event: 6.492 loading class org/eclipse/osgi/service/debug/DebugOptions done
Event: 6.492 loading class org/eclipse/osgi/service/debug/DebugOptions
Event: 6.492 loading class org/eclipse/osgi/service/debug/DebugOptions done
Event: 6.493 loading class org/eclipse/core/runtime/ServiceCaller$ReferenceAndService
Event: 6.493 loading class org/eclipse/core/runtime/ServiceCaller$ReferenceAndService done
Event: 6.494 Executing VM operation: RevokeBias
Event: 6.494 Executing VM operation: RevokeBias done


Dynamic libraries:
0x00007ff7eb960000 - 0x00007ff7eb96d000 	C:\Program Files\AdoptOpenJDK\jdk-11.0.8.10-hotspot\bin\java.exe
0x00007fffcb970000 - 0x00007fffcbb65000 	C:\WINDOWS\SYSTEM32\ntdll.dll
0x00007fff8f6e0000 - 0x00007fff8f6f5000 	C:\Program Files\Avast Software\Avast\aswhook.dll
0x00007fffc99c0000 - 0x00007fffc9a7e000 	C:\WINDOWS\System32\KERNEL32.DLL
0x00007fffc9090000 - 0x00007fffc9359000 	C:\WINDOWS\System32\KERNELBASE.dll
0x00007fffc98c0000 - 0x00007fffc99c0000 	C:\WINDOWS\System32\ucrtbase.dll
0x00007fffc3fa0000 - 0x00007fffc3fb7000 	C:\Program Files\AdoptOpenJDK\jdk-11.0.8.10-hotspot\bin\jli.dll
0x00007fffc4bd0000 - 0x00007fffc4be5000 	C:\Program Files\AdoptOpenJDK\jdk-11.0.8.10-hotspot\bin\VCRUNTIME140.dll
0x00007fffc9a80000 - 0x00007fffc9c21000 	C:\WINDOWS\System32\USER32.dll
0x00007fffb98a0000 - 0x00007fffb9b3a000 	C:\WINDOWS\WinSxS\amd64_microsoft.windows.common-controls_6595b64144ccf1df_6.0.19041.1110_none_60b5254171f9507e\COMCTL32.dll
0x00007fffcb880000 - 0x00007fffcb91e000 	C:\WINDOWS\System32\msvcrt.dll
0x00007fffc9890000 - 0x00007fffc98b2000 	C:\WINDOWS\System32\win32u.dll
0x00007fffcb0f0000 - 0x00007fffcb11b000 	C:\WINDOWS\System32\GDI32.dll
0x00007fffc9780000 - 0x00007fffc988b000 	C:\WINDOWS\System32\gdi32full.dll
0x00007fffc9470000 - 0x00007fffc950d000 	C:\WINDOWS\System32\msvcp_win.dll
0x00007fffcb850000 - 0x00007fffcb880000 	C:\WINDOWS\System32\IMM32.DLL
0x00007fffc3b90000 - 0x00007fffc3c2b000 	C:\Program Files\AdoptOpenJDK\jdk-11.0.8.10-hotspot\bin\msvcp140.dll
0x00007fff8c3c0000 - 0x00007fff8ce7d000 	C:\Program Files\AdoptOpenJDK\jdk-11.0.8.10-hotspot\bin\server\jvm.dll
0x00007fffcaee0000 - 0x00007fffcaf8c000 	C:\WINDOWS\System32\ADVAPI32.dll
0x00007fffca190000 - 0x00007fffca22b000 	C:\WINDOWS\System32\sechost.dll
0x00007fffcb180000 - 0x00007fffcb2aa000 	C:\WINDOWS\System32\RPCRT4.dll
0x00007fffcb920000 - 0x00007fffcb928000 	C:\WINDOWS\System32\PSAPI.DLL
0x00007fffc0dd0000 - 0x00007fffc0df7000 	C:\WINDOWS\SYSTEM32\WINMM.dll
0x00007fffb7c50000 - 0x00007fffb7c59000 	C:\WINDOWS\SYSTEM32\WSOCK32.dll
0x00007fffca500000 - 0x00007fffca56b000 	C:\WINDOWS\System32\WS2_32.dll
0x00007fffc2070000 - 0x00007fffc207a000 	C:\WINDOWS\SYSTEM32\VERSION.dll
0x00007fffc6f90000 - 0x00007fffc6fa2000 	C:\WINDOWS\SYSTEM32\kernel.appcore.dll
0x00007fffc55e0000 - 0x00007fffc55f0000 	C:\Program Files\AdoptOpenJDK\jdk-11.0.8.10-hotspot\bin\verify.dll
0x00007fffbaf00000 - 0x00007fffbb0e4000 	C:\WINDOWS\SYSTEM32\DBGHELP.DLL
0x00007fffbfb40000 - 0x00007fffbfb6c000 	C:\WINDOWS\SYSTEM32\dbgcore.DLL
0x00007fffc9540000 - 0x00007fffc95c3000 	C:\WINDOWS\System32\bcryptPrimitives.dll
0x00007fffc3b60000 - 0x00007fffc3b88000 	C:\Program Files\AdoptOpenJDK\jdk-11.0.8.10-hotspot\bin\java.dll
0x00007fffc4c50000 - 0x00007fffc4c5a000 	C:\Program Files\AdoptOpenJDK\jdk-11.0.8.10-hotspot\bin\jimage.dll
0x00007fffc3f90000 - 0x00007fffc3f9e000 	C:\Program Files\AdoptOpenJDK\jdk-11.0.8.10-hotspot\bin\instrument.dll
0x00007fffc3b40000 - 0x00007fffc3b57000 	C:\Program Files\AdoptOpenJDK\jdk-11.0.8.10-hotspot\bin\zip.dll
0x00007fffca7a0000 - 0x00007fffcaedf000 	C:\WINDOWS\System32\SHELL32.dll
0x00007fffc7190000 - 0x00007fffc7920000 	C:\WINDOWS\SYSTEM32\windows.storage.dll
0x00007fffcb4f0000 - 0x00007fffcb845000 	C:\WINDOWS\System32\combase.dll
0x00007fffc8ae0000 - 0x00007fffc8b0c000 	C:\WINDOWS\SYSTEM32\Wldp.dll
0x00007fffcb2b0000 - 0x00007fffcb35e000 	C:\WINDOWS\System32\SHCORE.dll
0x00007fffca410000 - 0x00007fffca465000 	C:\WINDOWS\System32\shlwapi.dll
0x00007fffc8fd0000 - 0x00007fffc8fef000 	C:\WINDOWS\SYSTEM32\profapi.dll
0x00007fffc3b20000 - 0x00007fffc3b39000 	C:\Program Files\AdoptOpenJDK\jdk-11.0.8.10-hotspot\bin\net.dll
0x00007fffbfbb0000 - 0x00007fffbfcb8000 	C:\WINDOWS\SYSTEM32\WINHTTP.dll
0x00007fffc8840000 - 0x00007fffc88aa000 	C:\WINDOWS\system32\mswsock.dll
0x00007fffc3b00000 - 0x00007fffc3b12000 	C:\Program Files\AdoptOpenJDK\jdk-11.0.8.10-hotspot\bin\nio.dll
0x00007fffc8a30000 - 0x00007fffc8a48000 	C:\WINDOWS\SYSTEM32\CRYPTSP.dll
0x00007fffc8150000 - 0x00007fffc8184000 	C:\WINDOWS\system32\rsaenh.dll
0x00007fffc9510000 - 0x00007fffc9537000 	C:\WINDOWS\System32\bcrypt.dll
0x00007fffc8f90000 - 0x00007fffc8fbe000 	C:\WINDOWS\SYSTEM32\USERENV.dll
0x00007fffc8a50000 - 0x00007fffc8a5c000 	C:\WINDOWS\SYSTEM32\CRYPTBASE.dll
0x00007fffc84e0000 - 0x00007fffc851b000 	C:\WINDOWS\SYSTEM32\IPHLPAPI.DLL
0x00007fffc9d00000 - 0x00007fffc9d08000 	C:\WINDOWS\System32\NSI.dll
0x00007fffc0f30000 - 0x00007fffc0f47000 	C:\WINDOWS\SYSTEM32\dhcpcsvc6.DLL
0x00007fffc0d90000 - 0x00007fffc0dad000 	C:\WINDOWS\SYSTEM32\dhcpcsvc.DLL
0x00007fffc8530000 - 0x00007fffc85fc000 	C:\WINDOWS\SYSTEM32\DNSAPI.dll
0x00007fffc2330000 - 0x00007fffc236e000 	C:\Users\ACER\AppData\Roaming\Code\User\globalStorage\redhat.java\0.82.0\config_win\org.eclipse.equinox.launcher\org.eclipse.equinox.launcher.win32.win32.x86_64_1.2.300.v20210828-0802\eclipse_11506.dll
0x00007fffcafa0000 - 0x00007fffcb0ca000 	C:\WINDOWS\System32\ole32.dll
0x00007fffbfcf0000 - 0x00007fffbfd01000 	C:\Users\ACER\AppData\Roaming\Code\User\globalStorage\redhat.java\0.82.0\config_win\org.eclipse.osgi\22\0\.cp\jWinHttp-1.0.0.dll

dbghelp: loaded successfully - version: 4.0.5 - missing functions: none
symbol engine: initialized successfully - sym options: 0x614 - pdb path: .;C:\Program Files\AdoptOpenJDK\jdk-11.0.8.10-hotspot\bin;C:\WINDOWS\SYSTEM32;C:\Program Files\Avast Software\Avast;C:\WINDOWS\WinSxS\amd64_microsoft.windows.common-controls_6595b64144ccf1df_6.0.19041.1110_none_60b5254171f9507e;C:\Program Files\AdoptOpenJDK\jdk-11.0.8.10-hotspot\bin\server;C:\Users\ACER\AppData\Roaming\Code\User\globalStorage\redhat.java\0.82.0\config_win\org.eclipse.equinox.launcher\org.eclipse.equinox.launcher.win32.win32.x86_64_1.2.300.v20210828-0802;C:\Users\ACER\AppData\Roaming\Code\User\globalStorage\redhat.java\0.82.0\config_win\org.eclipse.osgi\22\0\.cp

VM Arguments:
jvm_args: --add-modules=ALL-SYSTEM --add-opens=java.base/java.util=ALL-UNNAMED --add-opens=java.base/java.lang=ALL-UNNAMED -Declipse.application=org.eclipse.jdt.ls.core.id1 -Dosgi.bundles.defaultStartLevel=4 -Declipse.product=org.eclipse.jdt.ls.core.product -Dfile.encoding=utf8 -DwatchParentProcess=false -XX:+UseParallelGC -XX:GCTimeRatio=4 -XX:AdaptiveSizePolicyWeight=90 -Dsun.zip.disableMemoryMapping=true -Xmx1G -Xms100m -javaagent:c:\Users\ACER\.vscode\extensions\gabrielbb.vscode-lombok-1.0.1\server\lombok.jar -Xverify:none 
java_command: c:\Users\ACER\.vscode\extensions\redhat.java-0.82.0\server\plugins\org.eclipse.equinox.launcher_1.6.300.v20210813-1054.jar -configuration c:\Users\ACER\AppData\Roaming\Code\User\globalStorage\redhat.java\0.82.0\config_win -data c:\Users\ACER\AppData\Roaming\Code\User\workspaceStorage\7fee58ba46a44ecf2c9121a9ffec2780\redhat.java\jdt_ws
java_class_path (initial): c:\Users\ACER\.vscode\extensions\redhat.java-0.82.0\server\plugins\org.eclipse.equinox.launcher_1.6.300.v20210813-1054.jar
Launcher Type: SUN_STANDARD

[Global flags]
    uintx AdaptiveSizePolicyWeight                 = 90                                        {product} {command line}
     bool BytecodeVerificationLocal                = false                                     {product} {command line}
     bool BytecodeVerificationRemote               = false                                     {product} {command line}
     intx CICompilerCount                          = 4                                         {product} {ergonomic}
    uintx GCTimeRatio                              = 4                                         {product} {command line}
   size_t InitialHeapSize                          = 104857600                                 {product} {command line}
   size_t MaxHeapSize                              = 1073741824                                {product} {command line}
   size_t MaxNewSize                               = 357564416                                 {product} {ergonomic}
   size_t MinHeapDeltaBytes                        = 524288                                    {product} {ergonomic}
   size_t NewSize                                  = 34603008                                  {product} {ergonomic}
    uintx NonNMethodCodeHeapSize                   = 5836300                                {pd product} {ergonomic}
    uintx NonProfiledCodeHeapSize                  = 122910970                              {pd product} {ergonomic}
   size_t OldSize                                  = 70254592                                  {product} {ergonomic}
    uintx ProfiledCodeHeapSize                     = 122910970                              {pd product} {ergonomic}
    uintx ReservedCodeCacheSize                    = 251658240                              {pd product} {ergonomic}
     bool SegmentedCodeCache                       = true                                      {product} {ergonomic}
     bool UseCompressedClassPointers               = true                                 {lp64_product} {ergonomic}
     bool UseCompressedOops                        = true                                 {lp64_product} {ergonomic}
     bool UseLargePagesIndividualAllocation        = false                                  {pd product} {ergonomic}
     bool UseParallelGC                            = true                                      {product} {command line}

Logging:
Log output configuration:
 #0: stdout all=warning uptime,level,tags
 #1: stderr all=off uptime,level,tags

Environment Variables:
JAVA_HOME=C:\Program Files\AdoptOpenJDK\jdk-11.0.8.10-hotspot\
PATH=C:\Program Files\Python\Python39\Scripts\;C:\Program Files\Python\Python39\;C:\Program Files\Common Files\Oracle\Java\javapath;C:\Program Files\AdoptOpenJDK\jdk-11.0.8.10-hotspot\bin;C:\ProgramData\Oracle\Java\javapath;C:\Windows\system32;C:\Windows;C:\Windows\System32\Wbem;C:\Windows\System32\WindowsPowerShell\v1.0\;C:\Windows\System32\OpenSSH\;C:\Program Files (x86)\NVIDIA Corporation\PhysX\Common;C:\Program Files\NVIDIA Corporation\NVIDIA NvDLISR;C:\xampp\php;C:\ProgramData\ComposerSetup\bin;C:\Program Files\AccessData\Forensic Tools\7.1\bin\XSL-Formatter\bin;C:\WINDOWS\system32;C:\WINDOWS;C:\WINDOWS\System32\Wbem;C:\WINDOWS\System32\WindowsPowerShell\v1.0\;C:\WINDOWS\System32\OpenSSH\;C:\Program Files\Git\cmd;C:\Program Files\Microsoft SQL Server\Client SDK\ODBC\170\Tools\Binn\;C:\Program Files (x86)\Microsoft SQL Server\150\Tools\Binn\;C:\Program Files\Microsoft SQL Server\150\Tools\Binn\;C:\Program Files\Microsoft SQL Server\150\DTS\Binn\;C:\Program Files (x86)\Microsoft SQL Server\150\DTS\Binn\;C:\Program Files\Azure Data Studio\bin;C:\Program Files\Microsoft SQL Server\130\Tools\Binn\;C:\Program Files (x86)\Microsoft SQL Server\110\DTS\Binn\;C:\Program Files (x86)\Microsoft SQL Server\120\DTS\Binn\;C:\Program Files (x86)\Microsoft SQL Server\130\DTS\Binn\;C:\Program Files (x86)\Microsoft SQL Server\140\DTS\Binn\;C:\Program Files\nodejs\;C:\Users\ACER\AppData\Local\Microsoft\WindowsApps;C:\Users\ACER\AppData\Local\Programs\Microsoft VS Code\bin;C:\Program Files\JetBrains\PyCharm Community Edition 2020.3\bin;;C:\Users\ACER\AppData\Roaming\Composer\vendor\bin;C:\Program Files\Azure Data Studio\bin;C:\Users\ACER\AppData\Local\GitHubDesktop\bin;C:\Users\ACER\AppData\Roaming\npm
USERNAME=ACER
OS=Windows_NT
PROCESSOR_IDENTIFIER=AMD64 Family 23 Model 24 Stepping 1, AuthenticAMD



---------------  S Y S T E M  ---------------

OS: Windows 10 , 64 bit Build 19041 (10.0.19041.1202)
OS uptime: 0 days 0:47 hours

CPU:total 8 (initial active 8) (8 cores per cpu, 2 threads per core) family 23 model 24 stepping 1, cmov, cx8, fxsr, mmx, sse, sse2, sse3, ssse3, sse4.1, sse4.2, popcnt, avx, avx2, aes, clmul, mmxext, 3dnowpref, lzcnt, sse4a, ht, tsc, tscinvbit, tscinv, bmi1, bmi2, adx, sha, fma

Memory: 4k page, system-wide physical 10178M (579M free)
TotalPageFile size 40898M (AvailPageFile size 6M)
current process WorkingSet (physical memory assigned to process): 170M, peak: 172M
current process commit charge ("private bytes"): 274M, peak: 278M

vm_info: OpenJDK 64-Bit Server VM (11.0.8+10) for windows-amd64 JRE (11.0.8+10), built on Jul 15 2020 11:45:54 by "" with MS VC++ 15.9 (VS2017)

END.
