#
# There is insufficient memory for the Java Runtime Environment to continue.
# Native memory allocation (malloc) failed to allocate 1641616 bytes for Chunk::new
# Possible reasons:
#   The system is out of physical RAM or swap space
#   The process is running with CompressedOops enabled, and the Java Heap may be blocking the growth of the native heap
# Possible solutions:
#   Reduce memory load on the system
#   Increase physical memory or swap space
#   Check if swap backing store is full
#   Decrease Java heap size (-Xmx/-Xms)
#   Decrease number of Java threads
#   Decrease Java thread stack sizes (-Xss)
#   Set larger code cache with -XX:ReservedCodeCacheSize=
#   JVM is running with Unscaled Compressed Oops mode in which the Java heap is
#     placed in the first 4GB address space. The Java Heap base address is the
#     maximum limit for the native heap growth. Please use -XX:HeapBaseMinAddress
#     to set the Java Heap base and to place the Java Heap above 4GB virtual address.
# This output file may be truncated or incomplete.
#
#  Out of Memory Error (./src/hotspot/share/memory/arena.cpp:197), pid=17460, tid=5468
#
# JRE version: OpenJDK Runtime Environment AdoptOpenJDK (11.0.8+10) (build 11.0.8+10)
# Java VM: OpenJDK 64-Bit Server VM AdoptOpenJDK (11.0.8+10, mixed mode, tiered, compressed oops, parallel gc, windows-amd64)
# No core dump will be written. Minidumps are not enabled by default on client versions of Windows
#

---------------  S U M M A R Y ------------

Command Line: --add-modules=ALL-SYSTEM --add-opens=java.base/java.util=ALL-UNNAMED --add-opens=java.base/java.lang=ALL-UNNAMED -Declipse.application=org.eclipse.jdt.ls.core.id1 -Dosgi.bundles.defaultStartLevel=4 -Declipse.product=org.eclipse.jdt.ls.core.product -Dfile.encoding=utf8 -DwatchParentProcess=false -XX:+UseParallelGC -XX:GCTimeRatio=4 -XX:AdaptiveSizePolicyWeight=90 -Dsun.zip.disableMemoryMapping=true -Xmx1G -Xms100m -javaagent:c:\Users\ACER\.vscode\extensions\gabrielbb.vscode-lombok-1.0.1\server\lombok.jar -Xverify:none c:\Users\ACER\.vscode\extensions\redhat.java-0.82.0\server\plugins\org.eclipse.equinox.launcher_1.6.300.v20210813-1054.jar -configuration c:\Users\ACER\AppData\Roaming\Code\User\globalStorage\redhat.java\0.82.0\config_ss_win -data c:\Users\ACER\AppData\Roaming\Code\User\workspaceStorage\7fee58ba46a44ecf2c9121a9ffec2780\redhat.java\ss_ws

Host: AMD Ryzen 5 3550H with Radeon Vega Mobile Gfx  , 8 cores, 9G,  Windows 10 , 64 bit Build 19041 (10.0.19041.1202)
Time: Sun Oct  3 19:26:44 2021 Malay Peninsula Standard Time elapsed time: 10 seconds (0d 0h 0m 10s)

---------------  T H R E A D  ---------------

Current thread (0x000001dcae15d800):  JavaThread "C2 CompilerThread0" daemon [_thread_in_native, id=5468, stack(0x00000063ffe00000,0x00000063fff00000)]


Current CompileTask:
C2:  10967 3794       4       org.objectweb.asm.ClassReader::readMethod (1052 bytes)

Stack: [0x00000063ffe00000,0x00000063fff00000]
Native frames: (J=compiled Java code, j=interpreted, Vv=VM code, C=native code)
V  [jvm.dll+0x5dfa5a]
V  [jvm.dll+0x7175ce]
V  [jvm.dll+0x718c9f]
V  [jvm.dll+0x719363]
V  [jvm.dll+0x240e48]
V  [jvm.dll+0xb96ac]
V  [jvm.dll+0xb9dac]
V  [jvm.dll+0x346342]
V  [jvm.dll+0x193831]
V  [jvm.dll+0x1faa32]
V  [jvm.dll+0x1f9adf]
V  [jvm.dll+0x17e4ec]
V  [jvm.dll+0x208f27]
V  [jvm.dll+0x20710b]
V  [jvm.dll+0x6dc339]
V  [jvm.dll+0x6d53e4]
V  [jvm.dll+0x5de996]
C  [ucrtbase.dll+0x21bb2]
C  [KERNEL32.DLL+0x17034]
C  [ntdll.dll+0x52651]


---------------  P R O C E S S  ---------------

Threads class SMR info:
_java_thread_list=0x000001dcb1ad8000, length=22, elements={
0x000001dc940f4000, 0x000001dc941c1800, 0x000001dcae148800, 0x000001dcaf1e4800,
0x000001dcae15c000, 0x000001dcae15d800, 0x000001dcaf195000, 0x000001dcaf19d000,
0x000001dcaf32f800, 0x000001dcaf521000, 0x000001dcb0dce800, 0x000001dcb0b4f800,
0x000001dcb1347800, 0x000001dcb1344000, 0x000001dcb1348800, 0x000001dcb1343800,
0x000001dcb1342800, 0x000001dcb1346000, 0x000001dcb1345000, 0x000001dcb1346800,
0x000001dcb1342000, 0x000001dcb0651800
}

Java Threads: ( => current thread )
  0x000001dc940f4000 JavaThread "main" [_thread_blocked, id=13172, stack(0x00000063ff700000,0x00000063ff800000)]
  0x000001dc941c1800 JavaThread "Reference Handler" daemon [_thread_blocked, id=4472, stack(0x00000063ffa00000,0x00000063ffb00000)]
  0x000001dcae148800 JavaThread "Finalizer" daemon [_thread_blocked, id=18704, stack(0x00000063ffb00000,0x00000063ffc00000)]
  0x000001dcaf1e4800 JavaThread "Signal Dispatcher" daemon [_thread_blocked, id=15744, stack(0x00000063ffc00000,0x00000063ffd00000)]
  0x000001dcae15c000 JavaThread "Attach Listener" daemon [_thread_blocked, id=5404, stack(0x00000063ffd00000,0x00000063ffe00000)]
=>0x000001dcae15d800 JavaThread "C2 CompilerThread0" daemon [_thread_in_native, id=5468, stack(0x00000063ffe00000,0x00000063fff00000)]
  0x000001dcaf195000 JavaThread "C1 CompilerThread0" daemon [_thread_blocked, id=19056, stack(0x00000063fff00000,0x0000006400000000)]
  0x000001dcaf19d000 JavaThread "Sweeper thread" daemon [_thread_blocked, id=19940, stack(0x0000006380000000,0x0000006380100000)]
  0x000001dcaf32f800 JavaThread "Common-Cleaner" daemon [_thread_blocked, id=7704, stack(0x0000006380100000,0x0000006380200000)]
  0x000001dcaf521000 JavaThread "Service Thread" daemon [_thread_blocked, id=19148, stack(0x0000006380300000,0x0000006380400000)]
  0x000001dcb0dce800 JavaThread "Active Thread: Equinox Container: 4aa771c7-55c9-4b69-89da-1783da78c313" [_thread_blocked, id=19668, stack(0x0000006380500000,0x0000006380600000)]
  0x000001dcb0b4f800 JavaThread "Framework Event Dispatcher: Equinox Container: 4aa771c7-55c9-4b69-89da-1783da78c313" daemon [_thread_blocked, id=14948, stack(0x0000006380700000,0x0000006380800000)]
  0x000001dcb1347800 JavaThread "Start Level: Equinox Container: 4aa771c7-55c9-4b69-89da-1783da78c313" daemon [_thread_blocked, id=15336, stack(0x0000006380800000,0x0000006380900000)]
  0x000001dcb1344000 JavaThread "SCR Component Actor" daemon [_thread_blocked, id=13680, stack(0x0000006380900000,0x0000006380a00000)]
  0x000001dcb1348800 JavaThread "Worker-JM" [_thread_blocked, id=9032, stack(0x0000006380d00000,0x0000006380e00000)]
  0x000001dcb1343800 JavaThread "Worker-0" [_thread_blocked, id=3452, stack(0x0000006381000000,0x0000006381100000)]
  0x000001dcb1342800 JavaThread "Worker-1" [_thread_blocked, id=9804, stack(0x0000006381100000,0x0000006381200000)]
  0x000001dcb1346000 JavaThread "pool-1-thread-1" [_thread_in_native, id=19752, stack(0x0000006381300000,0x0000006381400000)]
  0x000001dcb1345000 JavaThread "Worker-2" [_thread_blocked, id=2496, stack(0x0000006381500000,0x0000006381600000)]
  0x000001dcb1346800 JavaThread "ForkJoinPool.commonPool-worker-3" daemon [_thread_blocked, id=14980, stack(0x0000006380c00000,0x0000006380d00000)]
  0x000001dcb1342000 JavaThread "ForkJoinPool.commonPool-worker-5" daemon [_thread_blocked, id=15872, stack(0x0000006381400000,0x0000006381500000)]
  0x000001dcb0651800 JavaThread "C2 CompilerThread1" daemon [_thread_in_native, id=17240, stack(0x0000006381600000,0x0000006381700000)]

Other Threads:
  0x000001dcaf192000 VMThread "VM Thread" [stack: 0x00000063ff900000,0x00000063ffa00000] [id=15512]
  0x000001dcaf53f800 WatcherThread [stack: 0x0000006380400000,0x0000006380500000] [id=9276]
  0x000001dc9410c800 GCTaskThread "ParGC Thread#0" [stack: 0x00000063ff800000,0x00000063ff900000] [id=2964]
  0x000001dcb0d22000 GCTaskThread "ParGC Thread#1" [stack: 0x0000006380600000,0x0000006380700000] [id=13576]
  0x000001dcb1338800 GCTaskThread "ParGC Thread#2" [stack: 0x0000006380a00000,0x0000006380b00000] [id=20320]
  0x000001dcb1339800 GCTaskThread "ParGC Thread#3" [stack: 0x0000006380b00000,0x0000006380c00000] [id=20032]
  0x000001dcb13bb800 GCTaskThread "ParGC Thread#4" [stack: 0x0000006380e00000,0x0000006380f00000] [id=18868]
  0x000001dcb13bc000 GCTaskThread "ParGC Thread#5" [stack: 0x0000006380f00000,0x0000006381000000] [id=2808]
  0x000001dcb11ad800 GCTaskThread "ParGC Thread#6" [stack: 0x0000006380200000,0x0000006380300000] [id=19756]
  0x000001dcb11a2000 GCTaskThread "ParGC Thread#7" [stack: 0x0000006381200000,0x0000006381300000] [id=20412]

Threads with active compile tasks:
C2 CompilerThread0  11315 3794       4       org.objectweb.asm.ClassReader::readMethod (1052 bytes)
C2 CompilerThread1  11315 3781       4       org.objectweb.asm.ClassWriter::visitMethod (57 bytes)

VM state:not at safepoint (normal execution)

VM Mutex/Monitor currently owned by a thread: None

Heap address: 0x00000000c0000000, size: 1024 MB, Compressed Oops mode: 32-bit
Narrow klass base: 0x0000000000000000, Narrow klass shift: 3
Compressed class space size: 1073741824 Address: 0x0000000100000000

Heap:
 PSYoungGen      total 20992K, used 3620K [0x00000000eab00000, 0x00000000ec380000, 0x0000000100000000)
  eden space 18432K, 18% used [0x00000000eab00000,0x00000000eae49310,0x00000000ebd00000)
  from space 2560K, 10% used [0x00000000ebf00000,0x00000000ebf40000,0x00000000ec180000)
  to   space 1024K, 0% used [0x00000000ec280000,0x00000000ec280000,0x00000000ec380000)
 ParOldGen       total 68608K, used 26362K [0x00000000c0000000, 0x00000000c4300000, 0x00000000eab00000)
  object space 68608K, 38% used [0x00000000c0000000,0x00000000c19be838,0x00000000c4300000)
 Metaspace       used 40106K, capacity 42176K, committed 42456K, reserved 1087488K
  class space    used 3781K, capacity 4530K, committed 4608K, reserved 1048576K

Card table byte_map: [0x000001dc93ae0000,0x000001dc93cf0000] _byte_map_base: 0x000001dc934e0000

Marking Bits: (ParMarkBitMap*) 0x00007fff8cdc6e90
 Begin Bits: [0x000001dcab760000, 0x000001dcac760000)
 End Bits:   [0x000001dcac760000, 0x000001dcad760000)

Polling page: 0x000001dc938d0000

Metaspace:

Usage:
  Non-class:     36.76 MB capacity,    35.47 MB ( 96%) used,     1.21 MB (  3%) free+waste,    82.81 KB ( <1%) overhead. 
      Class:      4.42 MB capacity,     3.69 MB ( 83%) used,   710.40 KB ( 16%) free+waste,    38.38 KB ( <1%) overhead. 
       Both:     41.19 MB capacity,    39.17 MB ( 95%) used,     1.90 MB (  5%) free+waste,   121.19 KB ( <1%) overhead. 

Virtual space:
  Non-class space:       38.00 MB reserved,      36.96 MB ( 97%) committed 
      Class space:        1.00 GB reserved,       4.50 MB ( <1%) committed 
             Both:        1.04 GB reserved,      41.46 MB (  4%) committed 

Chunk freelists:
   Non-Class:  10.00 KB
       Class:  14.00 KB
        Both:  24.00 KB

MaxMetaspaceSize: 17179869184.00 GB
CompressedClassSpaceSize: 1.00 GB

CodeHeap 'non-profiled nmethods': size=120000Kb used=1781Kb max_used=1781Kb free=118218Kb
 bounds [0x000001dca4230000, 0x000001dca44a0000, 0x000001dcab760000]
CodeHeap 'profiled nmethods': size=120000Kb used=8315Kb max_used=8315Kb free=111684Kb
 bounds [0x000001dc9cd00000, 0x000001dc9d530000, 0x000001dca4230000]
CodeHeap 'non-nmethods': size=5760Kb used=1213Kb max_used=1258Kb free=4546Kb
 bounds [0x000001dc9c760000, 0x000001dc9c9d0000, 0x000001dc9cd00000]
 total_blobs=4224 nmethods=3633 adapters=504
 compilation: enabled
              stopped_count=0, restarted_count=0
 full_count=0

Compilation events (20 events):
Event: 10.714 Thread 0x000001dcaf195000 3913       1       org.eclipse.jdt.internal.compiler.lookup.WildcardBinding::isWildcard (2 bytes)
Event: 10.715 Thread 0x000001dcaf195000 nmethod 3913 0x000001dca43d6d10 code [0x000001dca43d6ec0, 0x000001dca43d6f78]
Event: 10.715 Thread 0x000001dcaf195000 3914       1       org.eclipse.jdt.internal.compiler.lookup.WildcardBinding::actualType (5 bytes)
Event: 10.715 Thread 0x000001dcaf195000 nmethod 3914 0x000001dca43d7010 code [0x000001dca43d71c0, 0x000001dca43d7278]
Event: 10.715 Thread 0x000001dcaf195000 3915       1       org.eclipse.jdt.internal.compiler.lookup.WildcardBinding::rank (5 bytes)
Event: 10.715 Thread 0x000001dcaf195000 nmethod 3915 0x000001dca43d7310 code [0x000001dca43d74c0, 0x000001dca43d7578]
Event: 10.715 Thread 0x000001dcaf195000 3916       1       org.eclipse.jdt.internal.compiler.lookup.WildcardBinding::boundKind (5 bytes)
Event: 10.715 Thread 0x000001dcaf195000 nmethod 3916 0x000001dca43d7610 code [0x000001dca43d77c0, 0x000001dca43d7878]
Event: 10.715 Thread 0x000001dcaf195000 3917       1       org.eclipse.jdt.internal.compiler.lookup.WildcardBinding::bound (5 bytes)
Event: 10.715 Thread 0x000001dcaf195000 nmethod 3917 0x000001dca43d7910 code [0x000001dca43d7ac0, 0x000001dca43d7b78]
Event: 10.715 Thread 0x000001dcaf195000 3918       1       org.eclipse.jdt.internal.compiler.lookup.WildcardBinding::additionalBounds (5 bytes)
Event: 10.715 Thread 0x000001dcaf195000 nmethod 3918 0x000001dca43d7c10 code [0x000001dca43d7dc0, 0x000001dca43d7e78]
Event: 10.729 Thread 0x000001dcaf195000 3920       3       java.lang.Class::getInterfaces (6 bytes)
Event: 10.729 Thread 0x000001dcaf195000 nmethod 3920 0x000001dc9d520c10 code [0x000001dc9d520dc0, 0x000001dc9d520ee8]
Event: 10.730 Thread 0x000001dcaf195000 3921       1       java.lang.reflect.AccessibleObject::isAccessible (5 bytes)
Event: 10.730 Thread 0x000001dcaf195000 nmethod 3921 0x000001dca43d8390 code [0x000001dca43d8540, 0x000001dca43d85f8]
Event: 10.730 Thread 0x000001dcaf195000 3922       3       jdk.internal.loader.AbstractClassLoaderValue$Sub::hashCode (19 bytes)
Event: 10.731 Thread 0x000001dcaf195000 nmethod 3922 0x000001dc9d520f90 code [0x000001dc9d521160, 0x000001dc9d5214b8]
Event: 10.841 Thread 0x000001dcaf195000 3923       1       org.eclipse.core.internal.jobs.InternalJob::getStartTime (5 bytes)
Event: 10.842 Thread 0x000001dcaf195000 nmethod 3923 0x000001dca43d8690 code [0x000001dca43d8840, 0x000001dca43d88f8]

GC Heap History (20 events):
Event: 7.480 GC heap before
{Heap before GC invocations=12 (full 1):
 PSYoungGen      total 26112K, used 25728K [0x00000000eab00000, 0x00000000eca80000, 0x0000000100000000)
  eden space 22016K, 100% used [0x00000000eab00000,0x00000000ec080000,0x00000000ec080000)
  from space 4096K, 90% used [0x00000000ec680000,0x00000000eca20010,0x00000000eca80000)
  to   space 4608K, 0% used [0x00000000ec180000,0x00000000ec180000,0x00000000ec600000)
 ParOldGen       total 68608K, used 12125K [0x00000000c0000000, 0x00000000c4300000, 0x00000000eab00000)
  object space 68608K, 17% used [0x00000000c0000000,0x00000000c0bd7598,0x00000000c4300000)
 Metaspace       used 31229K, capacity 33023K, committed 33152K, reserved 1079296K
  class space    used 3001K, capacity 3677K, committed 3712K, reserved 1048576K
}
Event: 7.503 GC heap after
{Heap after GC invocations=12 (full 1):
 PSYoungGen      total 24576K, used 2272K [0x00000000eab00000, 0x00000000ec700000, 0x0000000100000000)
  eden space 22016K, 0% used [0x00000000eab00000,0x00000000eab00000,0x00000000ec080000)
  from space 2560K, 88% used [0x00000000ec180000,0x00000000ec3b8010,0x00000000ec400000)
  to   space 3072K, 0% used [0x00000000ec400000,0x00000000ec400000,0x00000000ec700000)
 ParOldGen       total 68608K, used 15784K [0x00000000c0000000, 0x00000000c4300000, 0x00000000eab00000)
  object space 68608K, 23% used [0x00000000c0000000,0x00000000c0f6a0c0,0x00000000c4300000)
 Metaspace       used 31229K, capacity 33023K, committed 33152K, reserved 1079296K
  class space    used 3001K, capacity 3677K, committed 3712K, reserved 1048576K
}
Event: 7.596 GC heap before
{Heap before GC invocations=13 (full 1):
 PSYoungGen      total 24576K, used 24288K [0x00000000eab00000, 0x00000000ec700000, 0x0000000100000000)
  eden space 22016K, 100% used [0x00000000eab00000,0x00000000ec080000,0x00000000ec080000)
  from space 2560K, 88% used [0x00000000ec180000,0x00000000ec3b8010,0x00000000ec400000)
  to   space 3072K, 0% used [0x00000000ec400000,0x00000000ec400000,0x00000000ec700000)
 ParOldGen       total 68608K, used 15784K [0x00000000c0000000, 0x00000000c4300000, 0x00000000eab00000)
  object space 68608K, 23% used [0x00000000c0000000,0x00000000c0f6a0c0,0x00000000c4300000)
 Metaspace       used 31230K, capacity 33023K, committed 33152K, reserved 1079296K
  class space    used 3001K, capacity 3677K, committed 3712K, reserved 1048576K
}
Event: 7.631 GC heap after
{Heap after GC invocations=13 (full 1):
 PSYoungGen      total 24576K, used 2176K [0x00000000eab00000, 0x00000000ec680000, 0x0000000100000000)
  eden space 22016K, 0% used [0x00000000eab00000,0x00000000eab00000,0x00000000ec080000)
  from space 2560K, 85% used [0x00000000ec400000,0x00000000ec620010,0x00000000ec680000)
  to   space 2560K, 0% used [0x00000000ec180000,0x00000000ec180000,0x00000000ec400000)
 ParOldGen       total 68608K, used 18031K [0x00000000c0000000, 0x00000000c4300000, 0x00000000eab00000)
  object space 68608K, 26% used [0x00000000c0000000,0x00000000c119bf20,0x00000000c4300000)
 Metaspace       used 31230K, capacity 33023K, committed 33152K, reserved 1079296K
  class space    used 3001K, capacity 3677K, committed 3712K, reserved 1048576K
}
Event: 7.800 GC heap before
{Heap before GC invocations=14 (full 1):
 PSYoungGen      total 24576K, used 24192K [0x00000000eab00000, 0x00000000ec680000, 0x0000000100000000)
  eden space 22016K, 100% used [0x00000000eab00000,0x00000000ec080000,0x00000000ec080000)
  from space 2560K, 85% used [0x00000000ec400000,0x00000000ec620010,0x00000000ec680000)
  to   space 2560K, 0% used [0x00000000ec180000,0x00000000ec180000,0x00000000ec400000)
 ParOldGen       total 68608K, used 18031K [0x00000000c0000000, 0x00000000c4300000, 0x00000000eab00000)
  object space 68608K, 26% used [0x00000000c0000000,0x00000000c119bf20,0x00000000c4300000)
 Metaspace       used 31230K, capacity 33023K, committed 33152K, reserved 1079296K
  class space    used 3001K, capacity 3677K, committed 3712K, reserved 1048576K
}
Event: 7.815 GC heap after
{Heap after GC invocations=14 (full 1):
 PSYoungGen      total 24064K, used 1888K [0x00000000eab00000, 0x00000000ec480000, 0x0000000100000000)
  eden space 22016K, 0% used [0x00000000eab00000,0x00000000eab00000,0x00000000ec080000)
  from space 2048K, 92% used [0x00000000ec180000,0x00000000ec358000,0x00000000ec380000)
  to   space 1024K, 0% used [0x00000000ec380000,0x00000000ec380000,0x00000000ec480000)
 ParOldGen       total 68608K, used 20167K [0x00000000c0000000, 0x00000000c4300000, 0x00000000eab00000)
  object space 68608K, 29% used [0x00000000c0000000,0x00000000c13b1f30,0x00000000c4300000)
 Metaspace       used 31230K, capacity 33023K, committed 33152K, reserved 1079296K
  class space    used 3001K, capacity 3677K, committed 3712K, reserved 1048576K
}
Event: 8.285 GC heap before
{Heap before GC invocations=15 (full 1):
 PSYoungGen      total 24064K, used 23904K [0x00000000eab00000, 0x00000000ec480000, 0x0000000100000000)
  eden space 22016K, 100% used [0x00000000eab00000,0x00000000ec080000,0x00000000ec080000)
  from space 2048K, 92% used [0x00000000ec180000,0x00000000ec358000,0x00000000ec380000)
  to   space 1024K, 0% used [0x00000000ec380000,0x00000000ec380000,0x00000000ec480000)
 ParOldGen       total 68608K, used 20167K [0x00000000c0000000, 0x00000000c4300000, 0x00000000eab00000)
  object space 68608K, 29% used [0x00000000c0000000,0x00000000c13b1f30,0x00000000c4300000)
 Metaspace       used 31805K, capacity 33787K, committed 34048K, reserved 1079296K
  class space    used 3041K, capacity 3782K, committed 3840K, reserved 1048576K
}
Event: 8.295 GC heap after
{Heap after GC invocations=15 (full 1):
 PSYoungGen      total 19456K, used 1024K [0x00000000eab00000, 0x00000000ecd80000, 0x0000000100000000)
  eden space 18432K, 0% used [0x00000000eab00000,0x00000000eab00000,0x00000000ebd00000)
  from space 1024K, 100% used [0x00000000ec380000,0x00000000ec480000,0x00000000ec480000)
  to   space 6656K, 0% used [0x00000000ebd00000,0x00000000ebd00000,0x00000000ec380000)
 ParOldGen       total 68608K, used 24770K [0x00000000c0000000, 0x00000000c4300000, 0x00000000eab00000)
  object space 68608K, 36% used [0x00000000c0000000,0x00000000c1830988,0x00000000c4300000)
 Metaspace       used 31805K, capacity 33787K, committed 34048K, reserved 1079296K
  class space    used 3041K, capacity 3782K, committed 3840K, reserved 1048576K
}
Event: 8.510 GC heap before
{Heap before GC invocations=16 (full 1):
 PSYoungGen      total 19456K, used 17210K [0x00000000eab00000, 0x00000000ecd80000, 0x0000000100000000)
  eden space 18432K, 87% used [0x00000000eab00000,0x00000000ebaceb68,0x00000000ebd00000)
  from space 1024K, 100% used [0x00000000ec380000,0x00000000ec480000,0x00000000ec480000)
  to   space 6656K, 0% used [0x00000000ebd00000,0x00000000ebd00000,0x00000000ec380000)
 ParOldGen       total 68608K, used 24770K [0x00000000c0000000, 0x00000000c4300000, 0x00000000eab00000)
  object space 68608K, 36% used [0x00000000c0000000,0x00000000c1830988,0x00000000c4300000)
 Metaspace       used 33289K, capacity 35247K, committed 35416K, reserved 1081344K
  class space    used 3152K, capacity 3882K, committed 3968K, reserved 1048576K
}
Event: 8.512 GC heap after
{Heap after GC invocations=16 (full 1):
 PSYoungGen      total 25088K, used 965K [0x00000000eab00000, 0x00000000ec680000, 0x0000000100000000)
  eden space 18432K, 0% used [0x00000000eab00000,0x00000000eab00000,0x00000000ebd00000)
  from space 6656K, 14% used [0x00000000ebd00000,0x00000000ebdf1450,0x00000000ec380000)
  to   space 3072K, 0% used [0x00000000ec380000,0x00000000ec380000,0x00000000ec680000)
 ParOldGen       total 68608K, used 25834K [0x00000000c0000000, 0x00000000c4300000, 0x00000000eab00000)
  object space 68608K, 37% used [0x00000000c0000000,0x00000000c193a988,0x00000000c4300000)
 Metaspace       used 33289K, capacity 35247K, committed 35416K, reserved 1081344K
  class space    used 3152K, capacity 3882K, committed 3968K, reserved 1048576K
}
Event: 8.512 GC heap before
{Heap before GC invocations=17 (full 2):
 PSYoungGen      total 25088K, used 965K [0x00000000eab00000, 0x00000000ec680000, 0x0000000100000000)
  eden space 18432K, 0% used [0x00000000eab00000,0x00000000eab00000,0x00000000ebd00000)
  from space 6656K, 14% used [0x00000000ebd00000,0x00000000ebdf1450,0x00000000ec380000)
  to   space 3072K, 0% used [0x00000000ec380000,0x00000000ec380000,0x00000000ec680000)
 ParOldGen       total 68608K, used 25834K [0x00000000c0000000, 0x00000000c4300000, 0x00000000eab00000)
  object space 68608K, 37% used [0x00000000c0000000,0x00000000c193a988,0x00000000c4300000)
 Metaspace       used 33289K, capacity 35247K, committed 35416K, reserved 1081344K
  class space    used 3152K, capacity 3882K, committed 3968K, reserved 1048576K
}
Event: 8.670 GC heap after
{Heap after GC invocations=17 (full 2):
 PSYoungGen      total 25088K, used 0K [0x00000000eab00000, 0x00000000ec680000, 0x0000000100000000)
  eden space 18432K, 0% used [0x00000000eab00000,0x00000000eab00000,0x00000000ebd00000)
  from space 6656K, 0% used [0x00000000ebd00000,0x00000000ebd00000,0x00000000ec380000)
  to   space 3072K, 0% used [0x00000000ec380000,0x00000000ec380000,0x00000000ec680000)
 ParOldGen       total 68608K, used 24365K [0x00000000c0000000, 0x00000000c4300000, 0x00000000eab00000)
  object space 68608K, 35% used [0x00000000c0000000,0x00000000c17cb648,0x00000000c4300000)
 Metaspace       used 33289K, capacity 35247K, committed 35416K, reserved 1081344K
  class space    used 3152K, capacity 3882K, committed 3968K, reserved 1048576K
}
Event: 9.032 GC heap before
{Heap before GC invocations=18 (full 2):
 PSYoungGen      total 25088K, used 18432K [0x00000000eab00000, 0x00000000ec680000, 0x0000000100000000)
  eden space 18432K, 100% used [0x00000000eab00000,0x00000000ebd00000,0x00000000ebd00000)
  from space 6656K, 0% used [0x00000000ebd00000,0x00000000ebd00000,0x00000000ec380000)
  to   space 3072K, 0% used [0x00000000ec380000,0x00000000ec380000,0x00000000ec680000)
 ParOldGen       total 68608K, used 24365K [0x00000000c0000000, 0x00000000c4300000, 0x00000000eab00000)
  object space 68608K, 35% used [0x00000000c0000000,0x00000000c17cb648,0x00000000c4300000)
 Metaspace       used 34186K, capacity 36183K, committed 36568K, reserved 1081344K
  class space    used 3258K, capacity 3983K, committed 4096K, reserved 1048576K
}
Event: 9.033 GC heap after
{Heap after GC invocations=18 (full 2):
 PSYoungGen      total 18944K, used 288K [0x00000000eab00000, 0x00000000ec400000, 0x0000000100000000)
  eden space 18432K, 0% used [0x00000000eab00000,0x00000000eab00000,0x00000000ebd00000)
  from space 512K, 56% used [0x00000000ec380000,0x00000000ec3c8000,0x00000000ec400000)
  to   space 1024K, 0% used [0x00000000ec200000,0x00000000ec200000,0x00000000ec300000)
 ParOldGen       total 68608K, used 24373K [0x00000000c0000000, 0x00000000c4300000, 0x00000000eab00000)
  object space 68608K, 35% used [0x00000000c0000000,0x00000000c17cd648,0x00000000c4300000)
 Metaspace       used 34186K, capacity 36183K, committed 36568K, reserved 1081344K
  class space    used 3258K, capacity 3983K, committed 4096K, reserved 1048576K
}
Event: 10.052 GC heap before
{Heap before GC invocations=19 (full 2):
 PSYoungGen      total 18944K, used 18720K [0x00000000eab00000, 0x00000000ec400000, 0x0000000100000000)
  eden space 18432K, 100% used [0x00000000eab00000,0x00000000ebd00000,0x00000000ebd00000)
  from space 512K, 56% used [0x00000000ec380000,0x00000000ec3c8000,0x00000000ec400000)
  to   space 1024K, 0% used [0x00000000ec200000,0x00000000ec200000,0x00000000ec300000)
 ParOldGen       total 68608K, used 24373K [0x00000000c0000000, 0x00000000c4300000, 0x00000000eab00000)
  object space 68608K, 35% used [0x00000000c0000000,0x00000000c17cd648,0x00000000c4300000)
 Metaspace       used 36659K, capacity 38719K, committed 38872K, reserved 1083392K
  class space    used 3488K, capacity 4232K, committed 4352K, reserved 1048576K
}
Event: 10.055 GC heap after
{Heap after GC invocations=19 (full 2):
 PSYoungGen      total 19456K, used 992K [0x00000000eab00000, 0x00000000ec400000, 0x0000000100000000)
  eden space 18432K, 0% used [0x00000000eab00000,0x00000000eab00000,0x00000000ebd00000)
  from space 1024K, 96% used [0x00000000ec200000,0x00000000ec2f8030,0x00000000ec300000)
  to   space 1024K, 0% used [0x00000000ec300000,0x00000000ec300000,0x00000000ec400000)
 ParOldGen       total 68608K, used 24701K [0x00000000c0000000, 0x00000000c4300000, 0x00000000eab00000)
  object space 68608K, 36% used [0x00000000c0000000,0x00000000c181f648,0x00000000c4300000)
 Metaspace       used 36659K, capacity 38719K, committed 38872K, reserved 1083392K
  class space    used 3488K, capacity 4232K, committed 4352K, reserved 1048576K
}
Event: 10.404 GC heap before
{Heap before GC invocations=20 (full 2):
 PSYoungGen      total 19456K, used 19424K [0x00000000eab00000, 0x00000000ec400000, 0x0000000100000000)
  eden space 18432K, 100% used [0x00000000eab00000,0x00000000ebd00000,0x00000000ebd00000)
  from space 1024K, 96% used [0x00000000ec200000,0x00000000ec2f8030,0x00000000ec300000)
  to   space 1024K, 0% used [0x00000000ec300000,0x00000000ec300000,0x00000000ec400000)
 ParOldGen       total 68608K, used 24701K [0x00000000c0000000, 0x00000000c4300000, 0x00000000eab00000)
  object space 68608K, 36% used [0x00000000c0000000,0x00000000c181f648,0x00000000c4300000)
 Metaspace       used 38142K, capacity 40236K, committed 40408K, reserved 1085440K
  class space    used 3596K, capacity 4332K, committed 4352K, reserved 1048576K
}
Event: 10.407 GC heap after
{Heap after GC invocations=20 (full 2):
 PSYoungGen      total 19456K, used 1010K [0x00000000eab00000, 0x00000000ec400000, 0x0000000100000000)
  eden space 18432K, 0% used [0x00000000eab00000,0x00000000eab00000,0x00000000ebd00000)
  from space 1024K, 98% used [0x00000000ec300000,0x00000000ec3fc988,0x00000000ec400000)
  to   space 2560K, 0% used [0x00000000ebf00000,0x00000000ebf00000,0x00000000ec180000)
 ParOldGen       total 68608K, used 25900K [0x00000000c0000000, 0x00000000c4300000, 0x00000000eab00000)
  object space 68608K, 37% used [0x00000000c0000000,0x00000000c194b378,0x00000000c4300000)
 Metaspace       used 38142K, capacity 40236K, committed 40408K, reserved 1085440K
  class space    used 3596K, capacity 4332K, committed 4352K, reserved 1048576K
}
Event: 10.636 GC heap before
{Heap before GC invocations=21 (full 2):
 PSYoungGen      total 19456K, used 19442K [0x00000000eab00000, 0x00000000ec400000, 0x0000000100000000)
  eden space 18432K, 100% used [0x00000000eab00000,0x00000000ebd00000,0x00000000ebd00000)
  from space 1024K, 98% used [0x00000000ec300000,0x00000000ec3fc988,0x00000000ec400000)
  to   space 2560K, 0% used [0x00000000ebf00000,0x00000000ebf00000,0x00000000ec180000)
 ParOldGen       total 68608K, used 25900K [0x00000000c0000000, 0x00000000c4300000, 0x00000000eab00000)
  object space 68608K, 37% used [0x00000000c0000000,0x00000000c194b378,0x00000000c4300000)
 Metaspace       used 39853K, capacity 41947K, committed 42200K, reserved 1087488K
  class space    used 3762K, capacity 4497K, committed 4608K, reserved 1048576K
}
Event: 10.638 GC heap after
{Heap after GC invocations=21 (full 2):
 PSYoungGen      total 20992K, used 256K [0x00000000eab00000, 0x00000000ec380000, 0x0000000100000000)
  eden space 18432K, 0% used [0x00000000eab00000,0x00000000eab00000,0x00000000ebd00000)
  from space 2560K, 10% used [0x00000000ebf00000,0x00000000ebf40000,0x00000000ec180000)
  to   space 1024K, 0% used [0x00000000ec280000,0x00000000ec280000,0x00000000ec380000)
 ParOldGen       total 68608K, used 26362K [0x00000000c0000000, 0x00000000c4300000, 0x00000000eab00000)
  object space 68608K, 38% used [0x00000000c0000000,0x00000000c19be838,0x00000000c4300000)
 Metaspace       used 39853K, capacity 41947K, committed 42200K, reserved 1087488K
  class space    used 3762K, capacity 4497K, committed 4608K, reserved 1048576K
}

Deoptimization events (20 events):
Event: 10.629 Thread 0x000001dcb1342000 Uncommon trap: trap_request=0xffffffde fr.pc=0x000001dca42ecb9c relative=0x0000000000000bdc
Event: 10.629 Thread 0x000001dcb1342000 Uncommon trap: reason=class_check action=maybe_recompile pc=0x000001dca42ecb9c method=java.util.concurrent.ConcurrentHashMap.putVal(Ljava/lang/Object;Ljava/lang/Object;Z)Ljava/lang/Object; @ 242 c2
Event: 10.629 Thread 0x000001dcb1342000 DEOPT PACKING pc=0x000001dca42ecb9c sp=0x00000063814fe7c0
Event: 10.629 Thread 0x000001dcb1342000 DEOPT UNPACKING pc=0x000001dc9c786caf sp=0x00000063814fe740 mode 2
Event: 10.629 Thread 0x000001dcb1342000 Uncommon trap: trap_request=0xffffff4d fr.pc=0x000001dca4299540 relative=0x0000000000000180
Event: 10.629 Thread 0x000001dcb1342000 Uncommon trap: reason=unstable_if action=reinterpret pc=0x000001dca4299540 method=java.util.concurrent.ConcurrentHashMap.get(Ljava/lang/Object;)Ljava/lang/Object; @ 152 c2
Event: 10.629 Thread 0x000001dcb1342000 DEOPT PACKING pc=0x000001dca4299540 sp=0x00000063814fe810
Event: 10.629 Thread 0x000001dcb1342000 DEOPT UNPACKING pc=0x000001dc9c786caf sp=0x00000063814fe788 mode 2
Event: 10.629 Thread 0x000001dcb1342000 Uncommon trap: trap_request=0xffffffde fr.pc=0x000001dca42ecb9c relative=0x0000000000000bdc
Event: 10.629 Thread 0x000001dcb1342000 Uncommon trap: reason=class_check action=maybe_recompile pc=0x000001dca42ecb9c method=java.util.concurrent.ConcurrentHashMap.putVal(Ljava/lang/Object;Ljava/lang/Object;Z)Ljava/lang/Object; @ 242 c2
Event: 10.629 Thread 0x000001dcb1342000 DEOPT PACKING pc=0x000001dca42ecb9c sp=0x00000063814fe740
Event: 10.629 Thread 0x000001dcb1342000 DEOPT UNPACKING pc=0x000001dc9c786caf sp=0x00000063814fe6c0 mode 2
Event: 10.629 Thread 0x000001dcb1342000 Uncommon trap: trap_request=0xffffffde fr.pc=0x000001dca42ecb9c relative=0x0000000000000bdc
Event: 10.629 Thread 0x000001dcb1342000 Uncommon trap: reason=class_check action=maybe_recompile pc=0x000001dca42ecb9c method=java.util.concurrent.ConcurrentHashMap.putVal(Ljava/lang/Object;Ljava/lang/Object;Z)Ljava/lang/Object; @ 242 c2
Event: 10.629 Thread 0x000001dcb1342000 DEOPT PACKING pc=0x000001dca42ecb9c sp=0x00000063814fe6d0
Event: 10.629 Thread 0x000001dcb1342000 DEOPT UNPACKING pc=0x000001dc9c786caf sp=0x00000063814fe650 mode 2
Event: 10.629 Thread 0x000001dcb1342000 Uncommon trap: trap_request=0xffffffde fr.pc=0x000001dca42ecb9c relative=0x0000000000000bdc
Event: 10.629 Thread 0x000001dcb1342000 Uncommon trap: reason=class_check action=maybe_recompile pc=0x000001dca42ecb9c method=java.util.concurrent.ConcurrentHashMap.putVal(Ljava/lang/Object;Ljava/lang/Object;Z)Ljava/lang/Object; @ 242 c2
Event: 10.629 Thread 0x000001dcb1342000 DEOPT PACKING pc=0x000001dca42ecb9c sp=0x00000063814fe5f0
Event: 10.629 Thread 0x000001dcb1342000 DEOPT UNPACKING pc=0x000001dc9c786caf sp=0x00000063814fe570 mode 2

Classes redefined (0 events):
No events

Internal exceptions (20 events):
Event: 4.546 Thread 0x000001dcb1347800 Exception <a 'java/lang/ClassNotFoundException'{0x00000000eb1e7fb0}: com/sun/org/apache/xml/internal/serializer/spi/XMLEntitiesProvider> (0x00000000eb1e7fb0) thrown at [./src/hotspot/share/classfile/systemDictionary.cpp, line 231]
Event: 4.742 Thread 0x000001dcb1347800 Exception <a 'java/io/FileNotFoundException'{0x00000000eb62ee30}> (0x00000000eb62ee30) thrown at [./src/hotspot/share/prims/jni.cpp, line 615]
Event: 4.760 Thread 0x000001dcb1347800 Exception <a 'java/io/FileNotFoundException'{0x00000000eb699ec0}> (0x00000000eb699ec0) thrown at [./src/hotspot/share/prims/jni.cpp, line 615]
Event: 4.778 Thread 0x000001dcb1347800 Exception <a 'java/io/FileNotFoundException'{0x00000000eb710270}> (0x00000000eb710270) thrown at [./src/hotspot/share/prims/jni.cpp, line 615]
Event: 5.325 Thread 0x000001dcb1346000 Exception <a 'java/io/FileNotFoundException'{0x00000000eaef65f8}> (0x00000000eaef65f8) thrown at [./src/hotspot/share/prims/jni.cpp, line 615]
Event: 6.380 Thread 0x000001dcb1343800 Exception <a 'java/io/FileNotFoundException'{0x00000000eb27c5c8}> (0x00000000eb27c5c8) thrown at [./src/hotspot/share/prims/jni.cpp, line 615]
Event: 6.382 Thread 0x000001dcb1343800 Exception <a 'java/io/FileNotFoundException'{0x00000000eb27e140}> (0x00000000eb27e140) thrown at [./src/hotspot/share/prims/jni.cpp, line 615]
Event: 6.401 Thread 0x000001dcb1343800 Exception <a 'java/lang/NoSuchMethodError'{0x00000000eb2919b0}: 'void java.lang.invoke.DirectMethodHandle$Holder.invokeStaticInit(java.lang.Object, java.lang.Object, java.lang.Object)'> (0x00000000eb2919b0) thrown at [./src/hotspot/share/interpreter/linkResolver.cpp, line 773]
Event: 8.115 Thread 0x000001dcb1346000 Exception <a 'java/lang/NoSuchMethodError'{0x00000000ebba43a8}: 'java.lang.Object java.lang.invoke.DirectMethodHandle$Holder.invokeInterface(java.lang.Object, java.lang.Object, java.lang.Object)'> (0x00000000ebba43a8) thrown at [./src/hotspot/share/interpreter/linkResolver.cpp, line 773]
Event: 8.499 Thread 0x000001dcb1346000 Exception <a 'java/lang/ArrayIndexOutOfBoundsException'{0x00000000eba47008}: Index 324 out of bounds for length 324> (0x00000000eba47008) thrown at [./src/hotspot/share/interpreter/interpreterRuntime.cpp, line 459]
Event: 9.012 Thread 0x000001dcb1346000 Implicit null exception at 0x000001dca428e482 to 0x000001dca428f2c4
Event: 9.686 Thread 0x000001dcb1346800 Exception <a 'java/lang/ArrayIndexOutOfBoundsException'{0x00000000eb660c10}: Index 324 out of bounds for length 324> (0x00000000eb660c10) thrown at [./src/hotspot/share/interpreter/interpreterRuntime.cpp, line 459]
Event: 9.686 Thread 0x000001dcb1346800 Exception <a 'java/lang/ArrayIndexOutOfBoundsException'{0x00000000eb660f30}: Index 325 out of bounds for length 324> (0x00000000eb660f30) thrown at [./src/hotspot/share/interpreter/interpreterRuntime.cpp, line 459]
Event: 9.686 Thread 0x000001dcb1346800 Exception <a 'java/lang/ArrayIndexOutOfBoundsException'{0x00000000eb661250}: Index 325 out of bounds for length 324> (0x00000000eb661250) thrown at [./src/hotspot/share/interpreter/interpreterRuntime.cpp, line 459]
Event: 9.915 Thread 0x000001dcb1342000 Exception <a 'java/lang/ArrayIndexOutOfBoundsException'{0x00000000eba88378}: Index 324 out of bounds for length 324> (0x00000000eba88378) thrown at [./src/hotspot/share/interpreter/interpreterRuntime.cpp, line 459]
Event: 10.022 Thread 0x000001dcb1342000 Exception <a 'java/lang/NoSuchMethodError'{0x00000000ebc761a0}: 'int java.lang.invoke.DirectMethodHandle$Holder.invokeVirtual(java.lang.Object, java.lang.Object, java.lang.Object)'> (0x00000000ebc761a0) thrown at [./src/hotspot/share/interpreter/linkResolver.cpp, line 773]
Event: 10.158 Thread 0x000001dcb1342000 Exception <a 'java/io/FileNotFoundException'{0x00000000ead052e0}> (0x00000000ead052e0) thrown at [./src/hotspot/share/prims/jni.cpp, line 615]
Event: 10.169 Thread 0x000001dcb1342000 Exception <a 'java/io/FileNotFoundException'{0x00000000ead7a068}> (0x00000000ead7a068) thrown at [./src/hotspot/share/prims/jni.cpp, line 615]
Event: 10.642 Thread 0x000001dcb1342800 Exception <a 'java/lang/ArrayIndexOutOfBoundsException'{0x00000000eab663a8}: Index 324 out of bounds for length 324> (0x00000000eab663a8) thrown at [./src/hotspot/share/interpreter/interpreterRuntime.cpp, line 459]
Event: 10.684 Thread 0x000001dcb1342800 Exception <a 'java/lang/ArrayIndexOutOfBoundsException'{0x00000000eacf70e8}: Index 324 out of bounds for length 324> (0x00000000eacf70e8) thrown at [./src/hotspot/share/interpreter/interpreterRuntime.cpp, line 459]

Events (20 events):
Event: 10.658 Executing VM operation: RevokeBias
Event: 10.658 Executing VM operation: RevokeBias done
Event: 10.663 Executing VM operation: RevokeBias
Event: 10.664 Executing VM operation: RevokeBias done
Event: 10.673 Executing VM operation: RevokeBias
Event: 10.673 Executing VM operation: RevokeBias done
Event: 10.677 Executing VM operation: RevokeBias
Event: 10.677 Executing VM operation: RevokeBias done
Event: 10.677 Executing VM operation: RevokeBias
Event: 10.677 Executing VM operation: RevokeBias done
Event: 10.677 Executing VM operation: RevokeBias
Event: 10.677 Executing VM operation: RevokeBias done
Event: 10.677 Executing VM operation: RevokeBias
Event: 10.677 Executing VM operation: RevokeBias done
Event: 10.678 Executing VM operation: RevokeBias
Event: 10.678 Executing VM operation: RevokeBias done
Event: 10.678 Executing VM operation: RevokeBias
Event: 10.678 Executing VM operation: RevokeBias done
Event: 10.678 Executing VM operation: RevokeBias
Event: 10.679 Executing VM operation: RevokeBias done


Dynamic libraries:
0x00007ff7eb960000 - 0x00007ff7eb96d000 	C:\Program Files\AdoptOpenJDK\jdk-11.0.8.10-hotspot\bin\java.exe
0x00007fffcb970000 - 0x00007fffcbb65000 	C:\WINDOWS\SYSTEM32\ntdll.dll
0x00007fff8f6e0000 - 0x00007fff8f6f5000 	C:\Program Files\Avast Software\Avast\aswhook.dll
0x00007fffc99c0000 - 0x00007fffc9a7e000 	C:\WINDOWS\System32\KERNEL32.DLL
0x00007fffc9090000 - 0x00007fffc9359000 	C:\WINDOWS\System32\KERNELBASE.dll
0x00007fffc98c0000 - 0x00007fffc99c0000 	C:\WINDOWS\System32\ucrtbase.dll
0x00007fffc4bd0000 - 0x00007fffc4be5000 	C:\Program Files\AdoptOpenJDK\jdk-11.0.8.10-hotspot\bin\VCRUNTIME140.dll
0x00007fffc3fa0000 - 0x00007fffc3fb7000 	C:\Program Files\AdoptOpenJDK\jdk-11.0.8.10-hotspot\bin\jli.dll
0x00007fffc9a80000 - 0x00007fffc9c21000 	C:\WINDOWS\System32\USER32.dll
0x00007fffb98a0000 - 0x00007fffb9b3a000 	C:\WINDOWS\WinSxS\amd64_microsoft.windows.common-controls_6595b64144ccf1df_6.0.19041.1110_none_60b5254171f9507e\COMCTL32.dll
0x00007fffcb880000 - 0x00007fffcb91e000 	C:\WINDOWS\System32\msvcrt.dll
0x00007fffc9890000 - 0x00007fffc98b2000 	C:\WINDOWS\System32\win32u.dll
0x00007fffcb0f0000 - 0x00007fffcb11b000 	C:\WINDOWS\System32\GDI32.dll
0x00007fffc9780000 - 0x00007fffc988b000 	C:\WINDOWS\System32\gdi32full.dll
0x00007fffc9470000 - 0x00007fffc950d000 	C:\WINDOWS\System32\msvcp_win.dll
0x00007fffcb850000 - 0x00007fffcb880000 	C:\WINDOWS\System32\IMM32.DLL
0x00007fffc3b90000 - 0x00007fffc3c2b000 	C:\Program Files\AdoptOpenJDK\jdk-11.0.8.10-hotspot\bin\msvcp140.dll
0x00007fff8c3c0000 - 0x00007fff8ce7d000 	C:\Program Files\AdoptOpenJDK\jdk-11.0.8.10-hotspot\bin\server\jvm.dll
0x00007fffcaee0000 - 0x00007fffcaf8c000 	C:\WINDOWS\System32\ADVAPI32.dll
0x00007fffca190000 - 0x00007fffca22b000 	C:\WINDOWS\System32\sechost.dll
0x00007fffcb180000 - 0x00007fffcb2aa000 	C:\WINDOWS\System32\RPCRT4.dll
0x00007fffcb920000 - 0x00007fffcb928000 	C:\WINDOWS\System32\PSAPI.DLL
0x00007fffc2070000 - 0x00007fffc207a000 	C:\WINDOWS\SYSTEM32\VERSION.dll
0x00007fffb7c50000 - 0x00007fffb7c59000 	C:\WINDOWS\SYSTEM32\WSOCK32.dll
0x00007fffc0dd0000 - 0x00007fffc0df7000 	C:\WINDOWS\SYSTEM32\WINMM.dll
0x00007fffca500000 - 0x00007fffca56b000 	C:\WINDOWS\System32\WS2_32.dll
0x00007fffc6f90000 - 0x00007fffc6fa2000 	C:\WINDOWS\SYSTEM32\kernel.appcore.dll
0x00007fffc55e0000 - 0x00007fffc55f0000 	C:\Program Files\AdoptOpenJDK\jdk-11.0.8.10-hotspot\bin\verify.dll
0x00007fffbaf00000 - 0x00007fffbb0e4000 	C:\WINDOWS\SYSTEM32\DBGHELP.DLL
0x00007fffbfb40000 - 0x00007fffbfb6c000 	C:\WINDOWS\SYSTEM32\dbgcore.DLL
0x00007fffc9540000 - 0x00007fffc95c3000 	C:\WINDOWS\System32\bcryptPrimitives.dll
0x00007fffc3b60000 - 0x00007fffc3b88000 	C:\Program Files\AdoptOpenJDK\jdk-11.0.8.10-hotspot\bin\java.dll
0x00007fffc4c50000 - 0x00007fffc4c5a000 	C:\Program Files\AdoptOpenJDK\jdk-11.0.8.10-hotspot\bin\jimage.dll
0x00007fffc3f90000 - 0x00007fffc3f9e000 	C:\Program Files\AdoptOpenJDK\jdk-11.0.8.10-hotspot\bin\instrument.dll
0x00007fffc3b40000 - 0x00007fffc3b57000 	C:\Program Files\AdoptOpenJDK\jdk-11.0.8.10-hotspot\bin\zip.dll
0x00007fffca7a0000 - 0x00007fffcaedf000 	C:\WINDOWS\System32\SHELL32.dll
0x00007fffc7190000 - 0x00007fffc7920000 	C:\WINDOWS\SYSTEM32\windows.storage.dll
0x00007fffcb4f0000 - 0x00007fffcb845000 	C:\WINDOWS\System32\combase.dll
0x00007fffc8ae0000 - 0x00007fffc8b0c000 	C:\WINDOWS\SYSTEM32\Wldp.dll
0x00007fffcb2b0000 - 0x00007fffcb35e000 	C:\WINDOWS\System32\SHCORE.dll
0x00007fffca410000 - 0x00007fffca465000 	C:\WINDOWS\System32\shlwapi.dll
0x00007fffc8fd0000 - 0x00007fffc8fef000 	C:\WINDOWS\SYSTEM32\profapi.dll
0x00007fffc3b20000 - 0x00007fffc3b39000 	C:\Program Files\AdoptOpenJDK\jdk-11.0.8.10-hotspot\bin\net.dll
0x00007fffbfbb0000 - 0x00007fffbfcb8000 	C:\WINDOWS\SYSTEM32\WINHTTP.dll
0x00007fffc8840000 - 0x00007fffc88aa000 	C:\WINDOWS\system32\mswsock.dll
0x00007fffc3b00000 - 0x00007fffc3b12000 	C:\Program Files\AdoptOpenJDK\jdk-11.0.8.10-hotspot\bin\nio.dll
0x00007fffc8a30000 - 0x00007fffc8a48000 	C:\WINDOWS\SYSTEM32\CRYPTSP.dll
0x00007fffc8150000 - 0x00007fffc8184000 	C:\WINDOWS\system32\rsaenh.dll
0x00007fffc9510000 - 0x00007fffc9537000 	C:\WINDOWS\System32\bcrypt.dll
0x00007fffc8f90000 - 0x00007fffc8fbe000 	C:\WINDOWS\SYSTEM32\USERENV.dll
0x00007fffc8a50000 - 0x00007fffc8a5c000 	C:\WINDOWS\SYSTEM32\CRYPTBASE.dll
0x00007fffc84e0000 - 0x00007fffc851b000 	C:\WINDOWS\SYSTEM32\IPHLPAPI.DLL
0x00007fffc9d00000 - 0x00007fffc9d08000 	C:\WINDOWS\System32\NSI.dll
0x00007fffc0f30000 - 0x00007fffc0f47000 	C:\WINDOWS\SYSTEM32\dhcpcsvc6.DLL
0x00007fffc0d90000 - 0x00007fffc0dad000 	C:\WINDOWS\SYSTEM32\dhcpcsvc.DLL
0x00007fffc8530000 - 0x00007fffc85fc000 	C:\WINDOWS\SYSTEM32\DNSAPI.dll
0x00007fffc3a60000 - 0x00007fffc3a9e000 	C:\Users\ACER\AppData\Roaming\Code\User\globalStorage\redhat.java\0.82.0\config_ss_win\org.eclipse.equinox.launcher\org.eclipse.equinox.launcher.win32.win32.x86_64_1.2.300.v20210828-0802\eclipse_11506.dll
0x00007fffcafa0000 - 0x00007fffcb0ca000 	C:\WINDOWS\System32\ole32.dll
0x00007fffc3a20000 - 0x00007fffc3a31000 	C:\Users\ACER\AppData\Roaming\Code\User\globalStorage\redhat.java\0.82.0\config_ss_win\org.eclipse.osgi\16\0\.cp\jWinHttp-1.0.0.dll

dbghelp: loaded successfully - version: 4.0.5 - missing functions: none
symbol engine: initialized successfully - sym options: 0x614 - pdb path: .;C:\Program Files\AdoptOpenJDK\jdk-11.0.8.10-hotspot\bin;C:\WINDOWS\SYSTEM32;C:\Program Files\Avast Software\Avast;C:\WINDOWS\WinSxS\amd64_microsoft.windows.common-controls_6595b64144ccf1df_6.0.19041.1110_none_60b5254171f9507e;C:\Program Files\AdoptOpenJDK\jdk-11.0.8.10-hotspot\bin\server;C:\Users\ACER\AppData\Roaming\Code\User\globalStorage\redhat.java\0.82.0\config_ss_win\org.eclipse.equinox.launcher\org.eclipse.equinox.launcher.win32.win32.x86_64_1.2.300.v20210828-0802;C:\Users\ACER\AppData\Roaming\Code\User\globalStorage\redhat.java\0.82.0\config_ss_win\org.eclipse.osgi\16\0\.cp

VM Arguments:
jvm_args: --add-modules=ALL-SYSTEM --add-opens=java.base/java.util=ALL-UNNAMED --add-opens=java.base/java.lang=ALL-UNNAMED -Declipse.application=org.eclipse.jdt.ls.core.id1 -Dosgi.bundles.defaultStartLevel=4 -Declipse.product=org.eclipse.jdt.ls.core.product -Dfile.encoding=utf8 -DwatchParentProcess=false -XX:+UseParallelGC -XX:GCTimeRatio=4 -XX:AdaptiveSizePolicyWeight=90 -Dsun.zip.disableMemoryMapping=true -Xmx1G -Xms100m -javaagent:c:\Users\ACER\.vscode\extensions\gabrielbb.vscode-lombok-1.0.1\server\lombok.jar -Xverify:none 
java_command: c:\Users\ACER\.vscode\extensions\redhat.java-0.82.0\server\plugins\org.eclipse.equinox.launcher_1.6.300.v20210813-1054.jar -configuration c:\Users\ACER\AppData\Roaming\Code\User\globalStorage\redhat.java\0.82.0\config_ss_win -data c:\Users\ACER\AppData\Roaming\Code\User\workspaceStorage\7fee58ba46a44ecf2c9121a9ffec2780\redhat.java\ss_ws
java_class_path (initial): c:\Users\ACER\.vscode\extensions\redhat.java-0.82.0\server\plugins\org.eclipse.equinox.launcher_1.6.300.v20210813-1054.jar
Launcher Type: SUN_STANDARD

[Global flags]
    uintx AdaptiveSizePolicyWeight                 = 90                                        {product} {command line}
     bool BytecodeVerificationLocal                = false                                     {product} {command line}
     bool BytecodeVerificationRemote               = false                                     {product} {command line}
     intx CICompilerCount                          = 4                                         {product} {ergonomic}
    uintx GCTimeRatio                              = 4                                         {product} {command line}
   size_t InitialHeapSize                          = 104857600                                 {product} {command line}
   size_t MaxHeapSize                              = 1073741824                                {product} {command line}
   size_t MaxNewSize                               = 357564416                                 {product} {ergonomic}
   size_t MinHeapDeltaBytes                        = 524288                                    {product} {ergonomic}
   size_t NewSize                                  = 34603008                                  {product} {ergonomic}
    uintx NonNMethodCodeHeapSize                   = 5836300                                {pd product} {ergonomic}
    uintx NonProfiledCodeHeapSize                  = 122910970                              {pd product} {ergonomic}
   size_t OldSize                                  = 70254592                                  {product} {ergonomic}
    uintx ProfiledCodeHeapSize                     = 122910970                              {pd product} {ergonomic}
    uintx ReservedCodeCacheSize                    = 251658240                              {pd product} {ergonomic}
     bool SegmentedCodeCache                       = true                                      {product} {ergonomic}
     bool UseCompressedClassPointers               = true                                 {lp64_product} {ergonomic}
     bool UseCompressedOops                        = true                                 {lp64_product} {ergonomic}
     bool UseLargePagesIndividualAllocation        = false                                  {pd product} {ergonomic}
     bool UseParallelGC                            = true                                      {product} {command line}

Logging:
Log output configuration:
 #0: stdout all=warning uptime,level,tags
 #1: stderr all=off uptime,level,tags

Environment Variables:
JAVA_HOME=C:\Program Files\AdoptOpenJDK\jdk-11.0.8.10-hotspot\
PATH=C:\Program Files\Python\Python39\Scripts\;C:\Program Files\Python\Python39\;C:\Program Files\Common Files\Oracle\Java\javapath;C:\Program Files\AdoptOpenJDK\jdk-11.0.8.10-hotspot\bin;C:\ProgramData\Oracle\Java\javapath;C:\Windows\system32;C:\Windows;C:\Windows\System32\Wbem;C:\Windows\System32\WindowsPowerShell\v1.0\;C:\Windows\System32\OpenSSH\;C:\Program Files (x86)\NVIDIA Corporation\PhysX\Common;C:\Program Files\NVIDIA Corporation\NVIDIA NvDLISR;C:\xampp\php;C:\ProgramData\ComposerSetup\bin;C:\Program Files\AccessData\Forensic Tools\7.1\bin\XSL-Formatter\bin;C:\WINDOWS\system32;C:\WINDOWS;C:\WINDOWS\System32\Wbem;C:\WINDOWS\System32\WindowsPowerShell\v1.0\;C:\WINDOWS\System32\OpenSSH\;C:\Program Files\Git\cmd;C:\Program Files\Microsoft SQL Server\Client SDK\ODBC\170\Tools\Binn\;C:\Program Files (x86)\Microsoft SQL Server\150\Tools\Binn\;C:\Program Files\Microsoft SQL Server\150\Tools\Binn\;C:\Program Files\Microsoft SQL Server\150\DTS\Binn\;C:\Program Files (x86)\Microsoft SQL Server\150\DTS\Binn\;C:\Program Files\Azure Data Studio\bin;C:\Program Files\Microsoft SQL Server\130\Tools\Binn\;C:\Program Files (x86)\Microsoft SQL Server\110\DTS\Binn\;C:\Program Files (x86)\Microsoft SQL Server\120\DTS\Binn\;C:\Program Files (x86)\Microsoft SQL Server\130\DTS\Binn\;C:\Program Files (x86)\Microsoft SQL Server\140\DTS\Binn\;C:\Program Files\nodejs\;C:\Users\ACER\AppData\Local\Microsoft\WindowsApps;C:\Users\ACER\AppData\Local\Programs\Microsoft VS Code\bin;C:\Program Files\JetBrains\PyCharm Community Edition 2020.3\bin;;C:\Users\ACER\AppData\Roaming\Composer\vendor\bin;C:\Program Files\Azure Data Studio\bin;C:\Users\ACER\AppData\Local\GitHubDesktop\bin;C:\Users\ACER\AppData\Roaming\npm
USERNAME=ACER
OS=Windows_NT
PROCESSOR_IDENTIFIER=AMD64 Family 23 Model 24 Stepping 1, AuthenticAMD



---------------  S Y S T E M  ---------------

OS: Windows 10 , 64 bit Build 19041 (10.0.19041.1202)
OS uptime: 0 days 0:47 hours

CPU:total 8 (initial active 8) (8 cores per cpu, 2 threads per core) family 23 model 24 stepping 1, cmov, cx8, fxsr, mmx, sse, sse2, sse3, ssse3, sse4.1, sse4.2, popcnt, avx, avx2, aes, clmul, mmxext, 3dnowpref, lzcnt, sse4a, ht, tsc, tscinvbit, tscinv, bmi1, bmi2, adx, sha, fma

Memory: 4k page, system-wide physical 10178M (487M free)
TotalPageFile size 40898M (AvailPageFile size 5M)
current process WorkingSet (physical memory assigned to process): 176M, peak: 179M
current process commit charge ("private bytes"): 268M, peak: 271M

vm_info: OpenJDK 64-Bit Server VM (11.0.8+10) for windows-amd64 JRE (11.0.8+10), built on Jul 15 2020 11:45:54 by "" with MS VC++ 15.9 (VS2017)

END.
