#
# There is insufficient memory for the Java Runtime Environment to continue.
# Native memory allocation (malloc) failed to allocate 2056016 bytes for Chunk::new
# Possible reasons:
#   The system is out of physical RAM or swap space
#   The process is running with CompressedOops enabled, and the Java Heap may be blocking the growth of the native heap
# Possible solutions:
#   Reduce memory load on the system
#   Increase physical memory or swap space
#   Check if swap backing store is full
#   Decrease Java heap size (-Xmx/-Xms)
#   Decrease number of Java threads
#   Decrease Java thread stack sizes (-Xss)
#   Set larger code cache with -XX:ReservedCodeCacheSize=
#   JVM is running with Unscaled Compressed Oops mode in which the Java heap is
#     placed in the first 4GB address space. The Java Heap base address is the
#     maximum limit for the native heap growth. Please use -XX:HeapBaseMinAddress
#     to set the Java Heap base and to place the Java Heap above 4GB virtual address.
# This output file may be truncated or incomplete.
#
#  Out of Memory Error (./src/hotspot/share/memory/arena.cpp:197), pid=17788, tid=5652
#
# JRE version: OpenJDK Runtime Environment AdoptOpenJDK (11.0.8+10) (build 11.0.8+10)
# Java VM: OpenJDK 64-Bit Server VM AdoptOpenJDK (11.0.8+10, mixed mode, tiered, compressed oops, parallel gc, windows-amd64)
# No core dump will be written. Minidumps are not enabled by default on client versions of Windows
#

---------------  S U M M A R Y ------------

Command Line: --add-modules=ALL-SYSTEM --add-opens=java.base/java.util=ALL-UNNAMED --add-opens=java.base/java.lang=ALL-UNNAMED -Declipse.application=org.eclipse.jdt.ls.core.id1 -Dosgi.bundles.defaultStartLevel=4 -Declipse.product=org.eclipse.jdt.ls.core.product -Dfile.encoding=utf8 -DwatchParentProcess=false -XX:+UseParallelGC -XX:GCTimeRatio=4 -XX:AdaptiveSizePolicyWeight=90 -Dsun.zip.disableMemoryMapping=true -Xmx1G -Xms100m -javaagent:c:\Users\ACER\.vscode\extensions\gabrielbb.vscode-lombok-1.0.1\server\lombok.jar -Xverify:none c:\Users\ACER\.vscode\extensions\redhat.java-0.82.0\server\plugins\org.eclipse.equinox.launcher_1.6.300.v20210813-1054.jar -configuration c:\Users\ACER\AppData\Roaming\Code\User\globalStorage\redhat.java\0.82.0\config_win -data c:\Users\ACER\AppData\Roaming\Code\User\workspaceStorage\7fee58ba46a44ecf2c9121a9ffec2780\redhat.java\jdt_ws

Host: AMD Ryzen 5 3550H with Radeon Vega Mobile Gfx  , 8 cores, 9G,  Windows 10 , 64 bit Build 19041 (10.0.19041.1202)
Time: Sun Oct  3 19:26:32 2021 Malay Peninsula Standard Time elapsed time: 8 seconds (0d 0h 0m 8s)

---------------  T H R E A D  ---------------

Current thread (0x000002ea63fa9000):  JavaThread "C2 CompilerThread1" daemon [_thread_in_native, id=5652, stack(0x000000eeb0600000,0x000000eeb0700000)]


Current CompileTask:
C2:   8776 4210   !   4       org.eclipse.osgi.internal.loader.BundleLoader::findRequiredSource (283 bytes)

Stack: [0x000000eeb0600000,0x000000eeb0700000]
Native frames: (J=compiled Java code, j=interpreted, Vv=VM code, C=native code)
V  [jvm.dll+0x5dfa5a]
V  [jvm.dll+0x7175ce]
V  [jvm.dll+0x718c9f]
V  [jvm.dll+0x719363]
V  [jvm.dll+0x240e48]
V  [jvm.dll+0xb96ac]
V  [jvm.dll+0xb9dac]
V  [jvm.dll+0x346342]
V  [jvm.dll+0x314173]
V  [jvm.dll+0x3134ba]
V  [jvm.dll+0x1fa925]
V  [jvm.dll+0x1f9adf]
V  [jvm.dll+0x17e4ec]
V  [jvm.dll+0x208f27]
V  [jvm.dll+0x20710b]
V  [jvm.dll+0x6dc339]
V  [jvm.dll+0x6d53e4]
V  [jvm.dll+0x5de996]
C  [ucrtbase.dll+0x21bb2]
C  [KERNEL32.DLL+0x17034]
C  [ntdll.dll+0x52651]


---------------  P R O C E S S  ---------------

Threads class SMR info:
_java_thread_list=0x000002ea683fcb00, length=24, elements={
0x000002ea45237000, 0x000002ea611ce800, 0x000002ea611d8800, 0x000002ea62274800,
0x000002ea62275800, 0x000002ea62224000, 0x000002ea62227000, 0x000002ea6222d000,
0x000002ea623c2000, 0x000002ea625a2800, 0x000002ea63677800, 0x000002ea64610800,
0x000002ea64255000, 0x000002ea63efa800, 0x000002ea643e2800, 0x000002ea644c6000,
0x000002ea644a8800, 0x000002ea64576000, 0x000002ea44f61000, 0x000002ea64b39800,
0x000002ea64b3a800, 0x000002ea63fa9000, 0x000002ea64b3c000, 0x000002ea64b3b000
}

Java Threads: ( => current thread )
  0x000002ea45237000 JavaThread "main" [_thread_blocked, id=17124, stack(0x000000eeae600000,0x000000eeae700000)]
  0x000002ea611ce800 JavaThread "Reference Handler" daemon [_thread_blocked, id=14672, stack(0x000000eeae900000,0x000000eeaea00000)]
  0x000002ea611d8800 JavaThread "Finalizer" daemon [_thread_blocked, id=17548, stack(0x000000eeaea00000,0x000000eeaeb00000)]
  0x000002ea62274800 JavaThread "Signal Dispatcher" daemon [_thread_blocked, id=1568, stack(0x000000eeaeb00000,0x000000eeaec00000)]
  0x000002ea62275800 JavaThread "Attach Listener" daemon [_thread_blocked, id=17888, stack(0x000000eeaec00000,0x000000eeaed00000)]
  0x000002ea62224000 JavaThread "C2 CompilerThread0" daemon [_thread_in_native, id=14748, stack(0x000000eeaed00000,0x000000eeaee00000)]
  0x000002ea62227000 JavaThread "C1 CompilerThread0" daemon [_thread_blocked, id=6324, stack(0x000000eeaee00000,0x000000eeaef00000)]
  0x000002ea6222d000 JavaThread "Sweeper thread" daemon [_thread_blocked, id=18724, stack(0x000000eeaef00000,0x000000eeaf000000)]
  0x000002ea623c2000 JavaThread "Common-Cleaner" daemon [_thread_blocked, id=5648, stack(0x000000eeaf000000,0x000000eeaf100000)]
  0x000002ea625a2800 JavaThread "Service Thread" daemon [_thread_blocked, id=4188, stack(0x000000eeaf200000,0x000000eeaf300000)]
  0x000002ea63677800 JavaThread "Active Thread: Equinox Container: 9e8dc6f5-e7e2-4834-9f19-b1222b9d0d94" [_thread_blocked, id=8968, stack(0x000000eeaf500000,0x000000eeaf600000)]
  0x000002ea64610800 JavaThread "Framework Event Dispatcher: Equinox Container: 9e8dc6f5-e7e2-4834-9f19-b1222b9d0d94" daemon [_thread_blocked, id=16236, stack(0x000000eeaf600000,0x000000eeaf700000)]
  0x000002ea64255000 JavaThread "Start Level: Equinox Container: 9e8dc6f5-e7e2-4834-9f19-b1222b9d0d94" daemon [_thread_blocked, id=9152, stack(0x000000eeaf700000,0x000000eeaf800000)]
  0x000002ea63efa800 JavaThread "SCR Component Actor" daemon [_thread_blocked, id=19760, stack(0x000000eeafa00000,0x000000eeafb00000)]
  0x000002ea643e2800 JavaThread "Worker-JM" [_thread_blocked, id=20452, stack(0x000000eeafc00000,0x000000eeafd00000)]
  0x000002ea644c6000 JavaThread "Worker-0" [_thread_blocked, id=12048, stack(0x000000eeaff00000,0x000000eeb0000000)]
  0x000002ea644a8800 JavaThread "Worker-1: Refreshing workspace" [_thread_blocked, id=5860, stack(0x000000eeb0000000,0x000000eeb0100000)]
  0x000002ea64576000 JavaThread "Worker-2: Repository registry initialization" [_thread_blocked, id=16320, stack(0x000000eeb0300000,0x000000eeb0400000)]
  0x000002ea44f61000 JavaThread "Java indexing" daemon [_thread_blocked, id=12320, stack(0x000000eeb0400000,0x000000eeb0500000)]
  0x000002ea64b39800 JavaThread "Bundle File Closer" daemon [_thread_blocked, id=20024, stack(0x000000eeaf100000,0x000000eeaf200000)]
  0x000002ea64b3a800 JavaThread "logback configurator timer" daemon [_thread_blocked, id=19956, stack(0x000000eeb0500000,0x000000eeb0600000)]
=>0x000002ea63fa9000 JavaThread "C2 CompilerThread1" daemon [_thread_in_native, id=5652, stack(0x000000eeb0600000,0x000000eeb0700000)]
  0x000002ea64b3c000 JavaThread "pool-2-thread-1" [_thread_blocked, id=12052, stack(0x000000eeb0700000,0x000000eeb0800000)]
  0x000002ea64b3b000 JavaThread "Worker-3" [_thread_blocked, id=12684, stack(0x000000eeb0800000,0x000000eeb0900000)]

Other Threads:
  0x000002ea62222000 VMThread "VM Thread" [stack: 0x000000eeae800000,0x000000eeae900000] [id=17484]
  0x000002ea625a3800 WatcherThread [stack: 0x000000eeaf300000,0x000000eeaf400000] [id=9860]
  0x000002ea4524f800 GCTaskThread "ParGC Thread#0" [stack: 0x000000eeae700000,0x000000eeae800000] [id=17384]
  0x000002ea63a9b800 GCTaskThread "ParGC Thread#1" [stack: 0x000000eeaf400000,0x000000eeaf500000] [id=13260]
  0x000002ea640e9000 GCTaskThread "ParGC Thread#2" [stack: 0x000000eeaf800000,0x000000eeaf900000] [id=3888]
  0x000002ea63db4800 GCTaskThread "ParGC Thread#3" [stack: 0x000000eeaf900000,0x000000eeafa00000] [id=9356]
  0x000002ea63db8800 GCTaskThread "ParGC Thread#4" [stack: 0x000000eeafd00000,0x000000eeafe00000] [id=20456]
  0x000002ea63db5800 GCTaskThread "ParGC Thread#5" [stack: 0x000000eeafe00000,0x000000eeaff00000] [id=20464]
  0x000002ea63db9000 GCTaskThread "ParGC Thread#6" [stack: 0x000000eeb0100000,0x000000eeb0200000] [id=14844]
  0x000002ea63db6000 GCTaskThread "ParGC Thread#7" [stack: 0x000000eeb0200000,0x000000eeb0300000] [id=10860]

Threads with active compile tasks:
C2 CompilerThread0   8898 4526  s    4       jdk.internal.jimage.ImageReader$SharedImageReader::findNode (36 bytes)
C2 CompilerThread1   8898 4210   !   4       org.eclipse.osgi.internal.loader.BundleLoader::findRequiredSource (283 bytes)

VM state:at safepoint (normal execution)

VM Mutex/Monitor currently owned by a thread:  ([mutex/lock_event])
[0x000002ea45233660] Threads_lock - owner thread: 0x000002ea62222000
[0x000002ea45233ae0] Heap_lock - owner thread: 0x000002ea644a8800

Heap address: 0x00000000c0000000, size: 1024 MB, Compressed Oops mode: 32-bit
Narrow klass base: 0x0000000000000000, Narrow klass shift: 3
Compressed class space size: 1073741824 Address: 0x0000000100000000

Heap:
 PSYoungGen      total 23552K, used 23399K [0x00000000eab00000, 0x00000000ec480000, 0x0000000100000000)
  eden space 22016K, 100% used [0x00000000eab00000,0x00000000ec080000,0x00000000ec080000)
  from space 1536K, 90% used [0x00000000ec280000,0x00000000ec3d9df0,0x00000000ec400000)
  to   space 512K, 100% used [0x00000000ec400000,0x00000000ec480000,0x00000000ec480000)
 ParOldGen       total 68608K, used 19861K [0x00000000c0000000, 0x00000000c4300000, 0x00000000eab00000)
  object space 68608K, 28% used [0x00000000c0000000,0x00000000c136b450,0x00000000c4300000)
 Metaspace       used 45324K, capacity 48068K, committed 48344K, reserved 1091584K
  class space    used 4764K, capacity 5755K, committed 5848K, reserved 1048576K

Card table byte_map: [0x000002ea5e260000,0x000002ea5e470000] _byte_map_base: 0x000002ea5dc60000

Marking Bits: (ParMarkBitMap*) 0x00007fff8cdc6e90
 Begin Bits: [0x000002ea5e5d0000, 0x000002ea5f5d0000)
 End Bits:   [0x000002ea5f5d0000, 0x000002ea605d0000)

Polling page: 0x000002ea45310000

Metaspace:

Usage:
  Non-class:     41.32 MB capacity,    39.61 MB ( 96%) used,     1.62 MB (  4%) free+waste,    94.56 KB ( <1%) overhead. 
      Class:      5.62 MB capacity,     4.65 MB ( 83%) used,   944.02 KB ( 16%) free+waste,    46.13 KB ( <1%) overhead. 
       Both:     46.94 MB capacity,    44.26 MB ( 94%) used,     2.54 MB (  5%) free+waste,   140.69 KB ( <1%) overhead. 

Virtual space:
  Non-class space:       42.00 MB reserved,      41.50 MB ( 99%) committed 
      Class space:        1.00 GB reserved,       5.71 MB ( <1%) committed 
             Both:        1.04 GB reserved,      47.21 MB (  4%) committed 

Chunk freelists:
   Non-Class:  55.00 KB
       Class:  5.00 KB
        Both:  60.00 KB

MaxMetaspaceSize: 17179869184.00 GB
CompressedClassSpaceSize: 1.00 GB

CodeHeap 'non-profiled nmethods': size=120000Kb used=1816Kb max_used=1816Kb free=118183Kb
 bounds [0x000002ea56b50000, 0x000002ea56dc0000, 0x000002ea5e080000]
CodeHeap 'profiled nmethods': size=120000Kb used=8896Kb max_used=8896Kb free=111103Kb
 bounds [0x000002ea4f620000, 0x000002ea4fee0000, 0x000002ea56b50000]
CodeHeap 'non-nmethods': size=5760Kb used=1198Kb max_used=1240Kb free=4561Kb
 bounds [0x000002ea4f080000, 0x000002ea4f2f0000, 0x000002ea4f620000]
 total_blobs=4720 nmethods=4152 adapters=481
 compilation: enabled
              stopped_count=0, restarted_count=0
 full_count=0

Compilation events (20 events):
Event: 8.705 Thread 0x000002ea62227000 4510       3       java.lang.invoke.MethodHandleNatives::canBeCalledVirtual (93 bytes)
Event: 8.706 Thread 0x000002ea62227000 nmethod 4510 0x000002ea4febdc90 code [0x000002ea4febdea0, 0x000002ea4febe418]
Event: 8.709 Thread 0x000002ea62227000 4511       1       org.eclipse.jdt.internal.core.JavaElement::getParent (5 bytes)
Event: 8.709 Thread 0x000002ea62227000 nmethod 4511 0x000002ea56d08f90 code [0x000002ea56d09140, 0x000002ea56d091f8]
Event: 8.709 Thread 0x000002ea62227000 4512       3       org.eclipse.jdt.internal.compiler.classfmt.ClassFileStruct::u2At (35 bytes)
Event: 8.710 Thread 0x000002ea62227000 nmethod 4512 0x000002ea4febe610 code [0x000002ea4febe7c0, 0x000002ea4febe918]
Event: 8.715 Thread 0x000002ea62224000 nmethod 4444 0x000002ea56d09290 code [0x000002ea56d09660, 0x000002ea56d0ca98]
Event: 8.715 Thread 0x000002ea62224000 4492       4       jdk.internal.jrtfs.JrtPath::normalize (97 bytes)
Event: 8.716 Thread 0x000002ea62227000 4514  s    2       jdk.internal.jimage.ImageReader$SharedImageReader::findNode (36 bytes)
Event: 8.716 Thread 0x000002ea62227000 nmethod 4514 0x000002ea4febea10 code [0x000002ea4febec00, 0x000002ea4febef58]
Event: 8.720 Thread 0x000002ea62227000 4515       3       org.eclipse.jdt.internal.compiler.util.JrtFileSystem$2::preVisitDirectory (10 bytes)
Event: 8.720 Thread 0x000002ea62227000 nmethod 4515 0x000002ea4febf090 code [0x000002ea4febf260, 0x000002ea4febf4a8]
Event: 8.720 Thread 0x000002ea62227000 4516       3       org.eclipse.jdt.internal.compiler.util.JrtFileSystem$2::preVisitDirectory (136 bytes)
Event: 8.721 Thread 0x000002ea62227000 nmethod 4516 0x000002ea4febf590 code [0x000002ea4febf800, 0x000002ea4fec0268]
Event: 8.722 Thread 0x000002ea62227000 4517       3       org.eclipse.jdt.internal.compiler.impl.CompilerOptions::versionToJdkLevel (6 bytes)
Event: 8.723 Thread 0x000002ea62227000 nmethod 4517 0x000002ea4fec0590 code [0x000002ea4fec0740, 0x000002ea4fec0848]
Event: 8.726 Thread 0x000002ea62224000 nmethod 4492 0x000002ea56d0ea90 code [0x000002ea56d0ec60, 0x000002ea56d0f208]
Event: 8.726 Thread 0x000002ea62224000 4502       4       jdk.internal.jrtfs.JrtPath::initOffsets (146 bytes)
Event: 8.739 Thread 0x000002ea62227000 4518   !   3       java.lang.ref.ReferenceQueue::remove (125 bytes)
Event: 8.740 Thread 0x000002ea62227000 nmethod 4518 0x000002ea4fec0910 code [0x000002ea4fec0b40, 0x000002ea4fec1378]

GC Heap History (20 events):
Event: 5.444 GC heap before
{Heap before GC invocations=8 (full 1):
 PSYoungGen      total 27136K, used 27125K [0x00000000eab00000, 0x00000000ecb00000, 0x0000000100000000)
  eden space 24064K, 100% used [0x00000000eab00000,0x00000000ec280000,0x00000000ec280000)
  from space 3072K, 99% used [0x00000000ec680000,0x00000000ec97d7b8,0x00000000ec980000)
  to   space 4096K, 0% used [0x00000000ec280000,0x00000000ec280000,0x00000000ec680000)
 ParOldGen       total 68608K, used 7451K [0x00000000c0000000, 0x00000000c4300000, 0x00000000eab00000)
  object space 68608K, 10% used [0x00000000c0000000,0x00000000c0746fd0,0x00000000c4300000)
 Metaspace       used 30207K, capacity 32237K, committed 32384K, reserved 1077248K
  class space    used 2904K, capacity 3665K, committed 3712K, reserved 1048576K
}
Event: 5.449 GC heap after
{Heap after GC invocations=8 (full 1):
 PSYoungGen      total 27648K, used 4068K [0x00000000eab00000, 0x00000000ece00000, 0x0000000100000000)
  eden space 23552K, 0% used [0x00000000eab00000,0x00000000eab00000,0x00000000ec200000)
  from space 4096K, 99% used [0x00000000ec280000,0x00000000ec6793b8,0x00000000ec680000)
  to   space 6144K, 0% used [0x00000000ec800000,0x00000000ec800000,0x00000000ece00000)
 ParOldGen       total 68608K, used 8845K [0x00000000c0000000, 0x00000000c4300000, 0x00000000eab00000)
  object space 68608K, 12% used [0x00000000c0000000,0x00000000c08a3570,0x00000000c4300000)
 Metaspace       used 30207K, capacity 32237K, committed 32384K, reserved 1077248K
  class space    used 2904K, capacity 3665K, committed 3712K, reserved 1048576K
}
Event: 5.777 GC heap before
{Heap before GC invocations=9 (full 1):
 PSYoungGen      total 27648K, used 27620K [0x00000000eab00000, 0x00000000ece00000, 0x0000000100000000)
  eden space 23552K, 100% used [0x00000000eab00000,0x00000000ec200000,0x00000000ec200000)
  from space 4096K, 99% used [0x00000000ec280000,0x00000000ec6793b8,0x00000000ec680000)
  to   space 6144K, 0% used [0x00000000ec800000,0x00000000ec800000,0x00000000ece00000)
 ParOldGen       total 68608K, used 8845K [0x00000000c0000000, 0x00000000c4300000, 0x00000000eab00000)
  object space 68608K, 12% used [0x00000000c0000000,0x00000000c08a3570,0x00000000c4300000)
 Metaspace       used 33124K, capacity 35373K, committed 35416K, reserved 1081344K
  class space    used 3322K, capacity 4150K, committed 4184K, reserved 1048576K
}
Event: 5.789 GC heap after
{Heap after GC invocations=9 (full 1):
 PSYoungGen      total 28160K, used 4822K [0x00000000eab00000, 0x00000000ecd00000, 0x0000000100000000)
  eden space 23040K, 0% used [0x00000000eab00000,0x00000000eab00000,0x00000000ec180000)
  from space 5120K, 94% used [0x00000000ec800000,0x00000000eccb5940,0x00000000ecd00000)
  to   space 5120K, 0% used [0x00000000ec300000,0x00000000ec300000,0x00000000ec800000)
 ParOldGen       total 68608K, used 8853K [0x00000000c0000000, 0x00000000c4300000, 0x00000000eab00000)
  object space 68608K, 12% used [0x00000000c0000000,0x00000000c08a5570,0x00000000c4300000)
 Metaspace       used 33124K, capacity 35373K, committed 35416K, reserved 1081344K
  class space    used 3322K, capacity 4150K, committed 4184K, reserved 1048576K
}
Event: 5.798 GC heap before
{Heap before GC invocations=10 (full 1):
 PSYoungGen      total 28160K, used 5453K [0x00000000eab00000, 0x00000000ecd00000, 0x0000000100000000)
  eden space 23040K, 2% used [0x00000000eab00000,0x00000000eab9db70,0x00000000ec180000)
  from space 5120K, 94% used [0x00000000ec800000,0x00000000eccb5940,0x00000000ecd00000)
  to   space 5120K, 0% used [0x00000000ec300000,0x00000000ec300000,0x00000000ec800000)
 ParOldGen       total 68608K, used 8853K [0x00000000c0000000, 0x00000000c4300000, 0x00000000eab00000)
  object space 68608K, 12% used [0x00000000c0000000,0x00000000c08a5570,0x00000000c4300000)
 Metaspace       used 33163K, capacity 35375K, committed 35416K, reserved 1081344K
  class space    used 3327K, capacity 4152K, committed 4184K, reserved 1048576K
}
Event: 5.804 GC heap after
{Heap after GC invocations=10 (full 1):
 PSYoungGen      total 26112K, used 2753K [0x00000000eab00000, 0x00000000ec880000, 0x0000000100000000)
  eden space 23040K, 0% used [0x00000000eab00000,0x00000000eab00000,0x00000000ec180000)
  from space 3072K, 89% used [0x00000000ec300000,0x00000000ec5b0640,0x00000000ec600000)
  to   space 2560K, 0% used [0x00000000ec600000,0x00000000ec600000,0x00000000ec880000)
 ParOldGen       total 68608K, used 10915K [0x00000000c0000000, 0x00000000c4300000, 0x00000000eab00000)
  object space 68608K, 15% used [0x00000000c0000000,0x00000000c0aa8c98,0x00000000c4300000)
 Metaspace       used 33163K, capacity 35375K, committed 35416K, reserved 1081344K
  class space    used 3327K, capacity 4152K, committed 4184K, reserved 1048576K
}
Event: 5.804 GC heap before
{Heap before GC invocations=11 (full 2):
 PSYoungGen      total 26112K, used 2753K [0x00000000eab00000, 0x00000000ec880000, 0x0000000100000000)
  eden space 23040K, 0% used [0x00000000eab00000,0x00000000eab00000,0x00000000ec180000)
  from space 3072K, 89% used [0x00000000ec300000,0x00000000ec5b0640,0x00000000ec600000)
  to   space 2560K, 0% used [0x00000000ec600000,0x00000000ec600000,0x00000000ec880000)
 ParOldGen       total 68608K, used 10915K [0x00000000c0000000, 0x00000000c4300000, 0x00000000eab00000)
  object space 68608K, 15% used [0x00000000c0000000,0x00000000c0aa8c98,0x00000000c4300000)
 Metaspace       used 33163K, capacity 35375K, committed 35416K, reserved 1081344K
  class space    used 3327K, capacity 4152K, committed 4184K, reserved 1048576K
}
Event: 5.922 GC heap after
{Heap after GC invocations=11 (full 2):
 PSYoungGen      total 26112K, used 0K [0x00000000eab00000, 0x00000000ec880000, 0x0000000100000000)
  eden space 23040K, 0% used [0x00000000eab00000,0x00000000eab00000,0x00000000ec180000)
  from space 3072K, 0% used [0x00000000ec300000,0x00000000ec300000,0x00000000ec600000)
  to   space 2560K, 0% used [0x00000000ec600000,0x00000000ec600000,0x00000000ec880000)
 ParOldGen       total 68608K, used 13299K [0x00000000c0000000, 0x00000000c4300000, 0x00000000eab00000)
  object space 68608K, 19% used [0x00000000c0000000,0x00000000c0cfcee0,0x00000000c4300000)
 Metaspace       used 33163K, capacity 35375K, committed 35416K, reserved 1081344K
  class space    used 3327K, capacity 4152K, committed 4184K, reserved 1048576K
}
Event: 6.280 GC heap before
{Heap before GC invocations=12 (full 2):
 PSYoungGen      total 26112K, used 23040K [0x00000000eab00000, 0x00000000ec880000, 0x0000000100000000)
  eden space 23040K, 100% used [0x00000000eab00000,0x00000000ec180000,0x00000000ec180000)
  from space 3072K, 0% used [0x00000000ec300000,0x00000000ec300000,0x00000000ec600000)
  to   space 2560K, 0% used [0x00000000ec600000,0x00000000ec600000,0x00000000ec880000)
 ParOldGen       total 68608K, used 13299K [0x00000000c0000000, 0x00000000c4300000, 0x00000000eab00000)
  object space 68608K, 19% used [0x00000000c0000000,0x00000000c0cfcee0,0x00000000c4300000)
 Metaspace       used 35291K, capacity 37721K, committed 37976K, reserved 1083392K
  class space    used 3583K, capacity 4403K, committed 4440K, reserved 1048576K
}
Event: 6.282 GC heap after
{Heap after GC invocations=12 (full 2):
 PSYoungGen      total 24576K, used 1540K [0x00000000eab00000, 0x00000000ec800000, 0x0000000100000000)
  eden space 22528K, 0% used [0x00000000eab00000,0x00000000eab00000,0x00000000ec100000)
  from space 2048K, 75% used [0x00000000ec600000,0x00000000ec781208,0x00000000ec800000)
  to   space 2560K, 0% used [0x00000000ec300000,0x00000000ec300000,0x00000000ec580000)
 ParOldGen       total 68608K, used 13307K [0x00000000c0000000, 0x00000000c4300000, 0x00000000eab00000)
  object space 68608K, 19% used [0x00000000c0000000,0x00000000c0cfeee0,0x00000000c4300000)
 Metaspace       used 35291K, capacity 37721K, committed 37976K, reserved 1083392K
  class space    used 3583K, capacity 4403K, committed 4440K, reserved 1048576K
}
Event: 6.826 GC heap before
{Heap before GC invocations=13 (full 2):
 PSYoungGen      total 24576K, used 24068K [0x00000000eab00000, 0x00000000ec800000, 0x0000000100000000)
  eden space 22528K, 100% used [0x00000000eab00000,0x00000000ec100000,0x00000000ec100000)
  from space 2048K, 75% used [0x00000000ec600000,0x00000000ec781208,0x00000000ec800000)
  to   space 2560K, 0% used [0x00000000ec300000,0x00000000ec300000,0x00000000ec580000)
 ParOldGen       total 68608K, used 13307K [0x00000000c0000000, 0x00000000c4300000, 0x00000000eab00000)
  object space 68608K, 19% used [0x00000000c0000000,0x00000000c0cfeee0,0x00000000c4300000)
 Metaspace       used 36729K, capacity 39223K, committed 39512K, reserved 1083392K
  class space    used 3750K, capacity 4582K, committed 4696K, reserved 1048576K
}
Event: 6.846 GC heap after
{Heap after GC invocations=13 (full 2):
 PSYoungGen      total 23040K, used 757K [0x00000000eab00000, 0x00000000ec680000, 0x0000000100000000)
  eden space 22016K, 0% used [0x00000000eab00000,0x00000000eab00000,0x00000000ec080000)
  from space 1024K, 73% used [0x00000000ec300000,0x00000000ec3bd6e0,0x00000000ec400000)
  to   space 1536K, 0% used [0x00000000ec500000,0x00000000ec500000,0x00000000ec680000)
 ParOldGen       total 68608K, used 14634K [0x00000000c0000000, 0x00000000c4300000, 0x00000000eab00000)
  object space 68608K, 21% used [0x00000000c0000000,0x00000000c0e4a8f0,0x00000000c4300000)
 Metaspace       used 36729K, capacity 39223K, committed 39512K, reserved 1083392K
  class space    used 3750K, capacity 4582K, committed 4696K, reserved 1048576K
}
Event: 7.454 GC heap before
{Heap before GC invocations=14 (full 2):
 PSYoungGen      total 23040K, used 22773K [0x00000000eab00000, 0x00000000ec680000, 0x0000000100000000)
  eden space 22016K, 100% used [0x00000000eab00000,0x00000000ec080000,0x00000000ec080000)
  from space 1024K, 73% used [0x00000000ec300000,0x00000000ec3bd6e0,0x00000000ec400000)
  to   space 1536K, 0% used [0x00000000ec500000,0x00000000ec500000,0x00000000ec680000)
 ParOldGen       total 68608K, used 14634K [0x00000000c0000000, 0x00000000c4300000, 0x00000000eab00000)
  object space 68608K, 21% used [0x00000000c0000000,0x00000000c0e4a8f0,0x00000000c4300000)
 Metaspace       used 38558K, capacity 41144K, committed 41304K, reserved 1085440K
  class space    used 3980K, capacity 4863K, committed 4952K, reserved 1048576K
}
Event: 7.462 GC heap after
{Heap after GC invocations=14 (full 2):
 PSYoungGen      total 23040K, used 704K [0x00000000eab00000, 0x00000000ec600000, 0x0000000100000000)
  eden space 22016K, 0% used [0x00000000eab00000,0x00000000eab00000,0x00000000ec080000)
  from space 1024K, 68% used [0x00000000ec500000,0x00000000ec5b0000,0x00000000ec600000)
  to   space 1024K, 0% used [0x00000000ec300000,0x00000000ec300000,0x00000000ec400000)
 ParOldGen       total 68608K, used 15198K [0x00000000c0000000, 0x00000000c4300000, 0x00000000eab00000)
  object space 68608K, 22% used [0x00000000c0000000,0x00000000c0ed7a98,0x00000000c4300000)
 Metaspace       used 38558K, capacity 41144K, committed 41304K, reserved 1085440K
  class space    used 3980K, capacity 4863K, committed 4952K, reserved 1048576K
}
Event: 8.078 GC heap before
{Heap before GC invocations=15 (full 2):
 PSYoungGen      total 23040K, used 22720K [0x00000000eab00000, 0x00000000ec600000, 0x0000000100000000)
  eden space 22016K, 100% used [0x00000000eab00000,0x00000000ec080000,0x00000000ec080000)
  from space 1024K, 68% used [0x00000000ec500000,0x00000000ec5b0000,0x00000000ec600000)
  to   space 1024K, 0% used [0x00000000ec300000,0x00000000ec300000,0x00000000ec400000)
 ParOldGen       total 68608K, used 15198K [0x00000000c0000000, 0x00000000c4300000, 0x00000000eab00000)
  object space 68608K, 22% used [0x00000000c0000000,0x00000000c0ed7a98,0x00000000c4300000)
 Metaspace       used 40794K, capacity 43352K, committed 43736K, reserved 1087488K
  class space    used 4266K, capacity 5188K, committed 5336K, reserved 1048576K
}
Event: 8.083 GC heap after
{Heap after GC invocations=15 (full 2):
 PSYoungGen      total 23040K, used 1024K [0x00000000eab00000, 0x00000000ec580000, 0x0000000100000000)
  eden space 22016K, 0% used [0x00000000eab00000,0x00000000eab00000,0x00000000ec080000)
  from space 1024K, 100% used [0x00000000ec300000,0x00000000ec400000,0x00000000ec400000)
  to   space 1536K, 0% used [0x00000000ec400000,0x00000000ec400000,0x00000000ec580000)
 ParOldGen       total 68608K, used 16038K [0x00000000c0000000, 0x00000000c4300000, 0x00000000eab00000)
  object space 68608K, 23% used [0x00000000c0000000,0x00000000c0fa9ab8,0x00000000c4300000)
 Metaspace       used 40794K, capacity 43352K, committed 43736K, reserved 1087488K
  class space    used 4266K, capacity 5188K, committed 5336K, reserved 1048576K
}
Event: 8.527 GC heap before
{Heap before GC invocations=16 (full 2):
 PSYoungGen      total 23040K, used 23040K [0x00000000eab00000, 0x00000000ec580000, 0x0000000100000000)
  eden space 22016K, 100% used [0x00000000eab00000,0x00000000ec080000,0x00000000ec080000)
  from space 1024K, 100% used [0x00000000ec300000,0x00000000ec400000,0x00000000ec400000)
  to   space 1536K, 0% used [0x00000000ec400000,0x00000000ec400000,0x00000000ec580000)
 ParOldGen       total 68608K, used 16038K [0x00000000c0000000, 0x00000000c4300000, 0x00000000eab00000)
  object space 68608K, 23% used [0x00000000c0000000,0x00000000c0fa9ab8,0x00000000c4300000)
 Metaspace       used 43190K, capacity 45888K, committed 46040K, reserved 1089536K
  class space    used 4506K, capacity 5476K, committed 5592K, reserved 1048576K
}
Event: 8.533 GC heap after
{Heap after GC invocations=16 (full 2):
 PSYoungGen      total 23552K, used 1360K [0x00000000eab00000, 0x00000000ec580000, 0x0000000100000000)
  eden space 22016K, 0% used [0x00000000eab00000,0x00000000eab00000,0x00000000ec080000)
  from space 1536K, 88% used [0x00000000ec400000,0x00000000ec554010,0x00000000ec580000)
  to   space 1536K, 0% used [0x00000000ec280000,0x00000000ec280000,0x00000000ec400000)
 ParOldGen       total 68608K, used 17064K [0x00000000c0000000, 0x00000000c4300000, 0x00000000eab00000)
  object space 68608K, 24% used [0x00000000c0000000,0x00000000c10aa2c8,0x00000000c4300000)
 Metaspace       used 43190K, capacity 45888K, committed 46040K, reserved 1089536K
  class space    used 4506K, capacity 5476K, committed 5592K, reserved 1048576K
}
Event: 8.727 GC heap before
{Heap before GC invocations=17 (full 2):
 PSYoungGen      total 23552K, used 23376K [0x00000000eab00000, 0x00000000ec580000, 0x0000000100000000)
  eden space 22016K, 100% used [0x00000000eab00000,0x00000000ec080000,0x00000000ec080000)
  from space 1536K, 88% used [0x00000000ec400000,0x00000000ec554010,0x00000000ec580000)
  to   space 1536K, 0% used [0x00000000ec280000,0x00000000ec280000,0x00000000ec400000)
 ParOldGen       total 68608K, used 17064K [0x00000000c0000000, 0x00000000c4300000, 0x00000000eab00000)
  object space 68608K, 24% used [0x00000000c0000000,0x00000000c10aa2c8,0x00000000c4300000)
 Metaspace       used 44663K, capacity 47363K, committed 47448K, reserved 1091584K
  class space    used 4688K, capacity 5691K, committed 5720K, reserved 1048576K
}
Event: 8.739 GC heap after
{Heap after GC invocations=17 (full 2):
 PSYoungGen      total 23552K, used 1383K [0x00000000eab00000, 0x00000000ec480000, 0x0000000100000000)
  eden space 22016K, 0% used [0x00000000eab00000,0x00000000eab00000,0x00000000ec080000)
  from space 1536K, 90% used [0x00000000ec280000,0x00000000ec3d9df0,0x00000000ec400000)
  to   space 512K, 0% used [0x00000000ec400000,0x00000000ec400000,0x00000000ec480000)
 ParOldGen       total 68608K, used 18355K [0x00000000c0000000, 0x00000000c4300000, 0x00000000eab00000)
  object space 68608K, 26% used [0x00000000c0000000,0x00000000c11ecc60,0x00000000c4300000)
 Metaspace       used 44663K, capacity 47363K, committed 47448K, reserved 1091584K
  class space    used 4688K, capacity 5691K, committed 5720K, reserved 1048576K
}

Deoptimization events (20 events):
Event: 8.613 Thread 0x000002ea644a8800 Uncommon trap: trap_request=0xffffff4d fr.pc=0x000002ea56c6de3c relative=0x000000000000017c
Event: 8.613 Thread 0x000002ea644a8800 Uncommon trap: reason=unstable_if action=reinterpret pc=0x000002ea56c6de3c method=java.util.WeakHashMap.expungeStaleEntries()V @ 9 c2
Event: 8.613 Thread 0x000002ea644a8800 DEOPT PACKING pc=0x000002ea56c6de3c sp=0x000000eeb00fa4b0
Event: 8.613 Thread 0x000002ea644a8800 DEOPT UNPACKING pc=0x000002ea4f0a6caf sp=0x000000eeb00fa438 mode 2
Event: 8.714 Thread 0x000002ea644a8800 Uncommon trap: trap_request=0xffffffc6 fr.pc=0x000002ea56d09ca0 relative=0x0000000000000640
Event: 8.715 Thread 0x000002ea644a8800 Uncommon trap: reason=bimorphic_or_optimized_type_check action=maybe_recompile pc=0x000002ea56d09ca0 method=jdk.internal.jimage.ImageReader$SharedImageReader.findNode(Ljava/lang/String;)Ljdk/internal/jimage/ImageReader$Node; @ 22 c2
Event: 8.715 Thread 0x000002ea644a8800 DEOPT PACKING pc=0x000002ea56d09ca0 sp=0x000000eeb00fd020
Event: 8.715 Thread 0x000002ea644a8800 DEOPT UNPACKING pc=0x000002ea4f0a6caf sp=0x000000eeb00fd038 mode 2
Event: 8.715 Thread 0x000002ea644a8800 Uncommon trap: trap_request=0xffffffc6 fr.pc=0x000002ea56d09ca0 relative=0x0000000000000640
Event: 8.715 Thread 0x000002ea644a8800 Uncommon trap: reason=bimorphic_or_optimized_type_check action=maybe_recompile pc=0x000002ea56d09ca0 method=jdk.internal.jimage.ImageReader$SharedImageReader.findNode(Ljava/lang/String;)Ljdk/internal/jimage/ImageReader$Node; @ 22 c2
Event: 8.715 Thread 0x000002ea644a8800 DEOPT PACKING pc=0x000002ea56d09ca0 sp=0x000000eeb00fd020
Event: 8.715 Thread 0x000002ea644a8800 DEOPT UNPACKING pc=0x000002ea4f0a6caf sp=0x000000eeb00fd038 mode 2
Event: 8.715 Thread 0x000002ea644a8800 Uncommon trap: trap_request=0xffffffc6 fr.pc=0x000002ea56d09ca0 relative=0x0000000000000640
Event: 8.715 Thread 0x000002ea644a8800 Uncommon trap: reason=bimorphic_or_optimized_type_check action=maybe_recompile pc=0x000002ea56d09ca0 method=jdk.internal.jimage.ImageReader$SharedImageReader.findNode(Ljava/lang/String;)Ljdk/internal/jimage/ImageReader$Node; @ 22 c2
Event: 8.715 Thread 0x000002ea644a8800 DEOPT PACKING pc=0x000002ea56d09ca0 sp=0x000000eeb00fd020
Event: 8.715 Thread 0x000002ea644a8800 DEOPT UNPACKING pc=0x000002ea4f0a6caf sp=0x000000eeb00fd038 mode 2
Event: 8.716 Thread 0x000002ea644a8800 Uncommon trap: trap_request=0xffffffc6 fr.pc=0x000002ea56d09ca0 relative=0x0000000000000640
Event: 8.716 Thread 0x000002ea644a8800 Uncommon trap: reason=bimorphic_or_optimized_type_check action=maybe_recompile pc=0x000002ea56d09ca0 method=jdk.internal.jimage.ImageReader$SharedImageReader.findNode(Ljava/lang/String;)Ljdk/internal/jimage/ImageReader$Node; @ 22 c2
Event: 8.716 Thread 0x000002ea644a8800 DEOPT PACKING pc=0x000002ea56d09ca0 sp=0x000000eeb00fd020
Event: 8.716 Thread 0x000002ea644a8800 DEOPT UNPACKING pc=0x000002ea4f0a6caf sp=0x000000eeb00fd038 mode 2

Classes redefined (0 events):
No events

Internal exceptions (20 events):
Event: 5.332 Thread 0x000002ea64255000 Exception <a 'java/io/FileNotFoundException'{0x00000000ebab75a0}> (0x00000000ebab75a0) thrown at [./src/hotspot/share/prims/jni.cpp, line 615]
Event: 5.354 Thread 0x000002ea64255000 Exception <a 'java/io/FileNotFoundException'{0x00000000ebb52188}> (0x00000000ebb52188) thrown at [./src/hotspot/share/prims/jni.cpp, line 615]
Event: 5.367 Thread 0x000002ea64255000 Exception <a 'java/io/FileNotFoundException'{0x00000000ebc526d0}> (0x00000000ebc526d0) thrown at [./src/hotspot/share/prims/jni.cpp, line 615]
Event: 6.251 Thread 0x000002ea64b3c000 Exception <a 'java/io/FileNotFoundException'{0x00000000ec022010}> (0x00000000ec022010) thrown at [./src/hotspot/share/prims/jni.cpp, line 615]
Event: 6.646 Thread 0x000002ea64b3c000 Exception <a 'java/lang/NoSuchMethodError'{0x00000000eb9594c0}: 'void java.lang.invoke.DirectMethodHandle$Holder.invokeStatic(java.lang.Object, java.lang.Object, java.lang.Object, java.lang.Object, java.lang.Object, java.lang.Object)'> (0x00000000eb9594c0) thrown at [./src/hotspot/share/interpreter/linkResolver.cpp, line 773]
Event: 8.209 Thread 0x000002ea64576000 Exception <a 'java/lang/NoClassDefFoundError'{0x00000000eb0bb170}: com/google/inject/servlet/ServletModuleTargetVisitor> (0x00000000eb0bb170) thrown at [./src/hotspot/share/classfile/systemDictionary.cpp, line 220]
Event: 8.209 Thread 0x000002ea64576000 Exception <a 'java/lang/NoClassDefFoundError'{0x00000000eb0bf478}: javax/annotation/Priority> (0x00000000eb0bf478) thrown at [./src/hotspot/share/classfile/systemDictionary.cpp, line 220]
Event: 8.223 Thread 0x000002ea644a8800 Exception <a 'java/lang/NoClassDefFoundError'{0x00000000eb140148}: org/slf4j/impl/StaticLoggerBinder> (0x00000000eb140148) thrown at [./src/hotspot/share/classfile/systemDictionary.cpp, line 220]
Event: 8.332 Thread 0x000002ea64576000 Exception <a 'java/io/FileNotFoundException'{0x00000000eb6ff3a8}> (0x00000000eb6ff3a8) thrown at [./src/hotspot/share/prims/jni.cpp, line 615]
Event: 8.362 Thread 0x000002ea64576000 Exception <a 'sun/nio/fs/WindowsException'{0x00000000eb8d0790}> (0x00000000eb8d0790) thrown at [./src/hotspot/share/prims/jni.cpp, line 615]
Event: 8.364 Thread 0x000002ea64576000 Exception <a 'sun/nio/fs/WindowsException'{0x00000000eb8d9468}> (0x00000000eb8d9468) thrown at [./src/hotspot/share/prims/jni.cpp, line 615]
Event: 8.365 Thread 0x000002ea64576000 Exception <a 'sun/nio/fs/WindowsException'{0x00000000eb8ddc78}> (0x00000000eb8ddc78) thrown at [./src/hotspot/share/prims/jni.cpp, line 615]
Event: 8.365 Thread 0x000002ea64576000 Exception <a 'sun/nio/fs/WindowsException'{0x00000000eb8de148}> (0x00000000eb8de148) thrown at [./src/hotspot/share/prims/jni.cpp, line 615]
Event: 8.365 Thread 0x000002ea64576000 Exception <a 'sun/nio/fs/WindowsException'{0x00000000eb8de978}> (0x00000000eb8de978) thrown at [./src/hotspot/share/prims/jni.cpp, line 615]
Event: 8.397 Thread 0x000002ea644a8800 Implicit null exception at 0x000002ea56cf3fce to 0x000002ea56cf44a0
Event: 8.548 Thread 0x000002ea64576000 Exception <a 'java/lang/NoSuchMethodError'{0x00000000eab8c540}: 'java.lang.Object java.lang.invoke.DirectMethodHandle$Holder.invokeStaticInit(java.lang.Object, java.lang.Object, java.lang.Object)'> (0x00000000eab8c540) thrown at [./src/hotspot/share/interpreter/linkResolver.cpp, line 773]
Event: 8.682 Thread 0x000002ea64576000 Exception <a 'sun/nio/fs/WindowsException'{0x00000000ebc8c400}> (0x00000000ebc8c400) thrown at [./src/hotspot/share/prims/jni.cpp, line 615]
Event: 8.694 Thread 0x000002ea644a8800 Exception <a 'java/io/FileNotFoundException'{0x00000000ebcdfb60}> (0x00000000ebcdfb60) thrown at [./src/hotspot/share/prims/jni.cpp, line 615]
Event: 8.695 Thread 0x000002ea644a8800 Exception <a 'java/io/FileNotFoundException'{0x00000000ebce19c0}> (0x00000000ebce19c0) thrown at [./src/hotspot/share/prims/jni.cpp, line 615]
Event: 8.702 Thread 0x000002ea644a8800 Exception <a 'java/lang/NoSuchMethodError'{0x00000000ebcf8530}: 'void java.lang.invoke.DirectMethodHandle$Holder.invokeStaticInit(java.lang.Object, java.lang.Object, java.lang.Object)'> (0x00000000ebcf8530) thrown at [./src/hotspot/share/interpreter/linkResolver.cpp, line 773]

Events (20 events):
Event: 8.701 Executing VM operation: Deoptimize
Event: 8.701 Executing VM operation: Deoptimize done
Event: 8.702 loading class org/eclipse/osgi/service/debug/DebugOptions
Event: 8.702 loading class org/eclipse/osgi/service/debug/DebugOptions done
Event: 8.703 loading class org/eclipse/osgi/service/debug/DebugOptions
Event: 8.703 loading class org/eclipse/osgi/service/debug/DebugOptions done
Event: 8.704 loading class org/eclipse/core/runtime/ServiceCaller$ReferenceAndService
Event: 8.704 loading class org/eclipse/core/runtime/ServiceCaller$ReferenceAndService done
Event: 8.705 Executing VM operation: RevokeBias
Event: 8.705 Executing VM operation: RevokeBias done
Event: 8.708 loading class java/util/concurrent/atomic/AtomicReferenceFieldUpdater
Event: 8.715 Executing VM operation: RevokeBias
Event: 8.715 Executing VM operation: RevokeBias done
Event: 8.715 loading class java/util/concurrent/atomic/AtomicReferenceFieldUpdater done
Event: 8.715 loading class java/util/concurrent/atomic/AtomicReferenceFieldUpdater$AtomicReferenceFieldUpdaterImpl
Event: 8.717 loading class java/util/concurrent/atomic/AtomicReferenceFieldUpdater$AtomicReferenceFieldUpdaterImpl done
Event: 8.717 loading class java/util/concurrent/atomic/AtomicReferenceFieldUpdater$AtomicReferenceFieldUpdaterImpl$1
Event: 8.717 loading class java/util/concurrent/atomic/AtomicReferenceFieldUpdater$AtomicReferenceFieldUpdaterImpl$1 done
Event: 8.727 Executing VM operation: ParallelGCFailedAllocation
Event: 8.739 Executing VM operation: ParallelGCFailedAllocation done


Dynamic libraries:
0x00007ff7eb960000 - 0x00007ff7eb96d000 	C:\Program Files\AdoptOpenJDK\jdk-11.0.8.10-hotspot\bin\java.exe
0x00007fffcb970000 - 0x00007fffcbb65000 	C:\WINDOWS\SYSTEM32\ntdll.dll
0x00007fff8f6e0000 - 0x00007fff8f6f5000 	C:\Program Files\Avast Software\Avast\aswhook.dll
0x00007fffc99c0000 - 0x00007fffc9a7e000 	C:\WINDOWS\System32\KERNEL32.DLL
0x00007fffc9090000 - 0x00007fffc9359000 	C:\WINDOWS\System32\KERNELBASE.dll
0x00007fffc98c0000 - 0x00007fffc99c0000 	C:\WINDOWS\System32\ucrtbase.dll
0x00007fffc4bd0000 - 0x00007fffc4be5000 	C:\Program Files\AdoptOpenJDK\jdk-11.0.8.10-hotspot\bin\VCRUNTIME140.dll
0x00007fffc3fa0000 - 0x00007fffc3fb7000 	C:\Program Files\AdoptOpenJDK\jdk-11.0.8.10-hotspot\bin\jli.dll
0x00007fffc9a80000 - 0x00007fffc9c21000 	C:\WINDOWS\System32\USER32.dll
0x00007fffb98a0000 - 0x00007fffb9b3a000 	C:\WINDOWS\WinSxS\amd64_microsoft.windows.common-controls_6595b64144ccf1df_6.0.19041.1110_none_60b5254171f9507e\COMCTL32.dll
0x00007fffcb880000 - 0x00007fffcb91e000 	C:\WINDOWS\System32\msvcrt.dll
0x00007fffc9890000 - 0x00007fffc98b2000 	C:\WINDOWS\System32\win32u.dll
0x00007fffcb0f0000 - 0x00007fffcb11b000 	C:\WINDOWS\System32\GDI32.dll
0x00007fffc9780000 - 0x00007fffc988b000 	C:\WINDOWS\System32\gdi32full.dll
0x00007fffc9470000 - 0x00007fffc950d000 	C:\WINDOWS\System32\msvcp_win.dll
0x00007fffcb850000 - 0x00007fffcb880000 	C:\WINDOWS\System32\IMM32.DLL
0x00007fffc3b90000 - 0x00007fffc3c2b000 	C:\Program Files\AdoptOpenJDK\jdk-11.0.8.10-hotspot\bin\msvcp140.dll
0x00007fff8c3c0000 - 0x00007fff8ce7d000 	C:\Program Files\AdoptOpenJDK\jdk-11.0.8.10-hotspot\bin\server\jvm.dll
0x00007fffcaee0000 - 0x00007fffcaf8c000 	C:\WINDOWS\System32\ADVAPI32.dll
0x00007fffca190000 - 0x00007fffca22b000 	C:\WINDOWS\System32\sechost.dll
0x00007fffcb180000 - 0x00007fffcb2aa000 	C:\WINDOWS\System32\RPCRT4.dll
0x00007fffcb920000 - 0x00007fffcb928000 	C:\WINDOWS\System32\PSAPI.DLL
0x00007fffc2070000 - 0x00007fffc207a000 	C:\WINDOWS\SYSTEM32\VERSION.dll
0x00007fffc0dd0000 - 0x00007fffc0df7000 	C:\WINDOWS\SYSTEM32\WINMM.dll
0x00007fffb7c50000 - 0x00007fffb7c59000 	C:\WINDOWS\SYSTEM32\WSOCK32.dll
0x00007fffca500000 - 0x00007fffca56b000 	C:\WINDOWS\System32\WS2_32.dll
0x00007fffc6f90000 - 0x00007fffc6fa2000 	C:\WINDOWS\SYSTEM32\kernel.appcore.dll
0x00007fffc55e0000 - 0x00007fffc55f0000 	C:\Program Files\AdoptOpenJDK\jdk-11.0.8.10-hotspot\bin\verify.dll
0x00007fffbaf00000 - 0x00007fffbb0e4000 	C:\WINDOWS\SYSTEM32\DBGHELP.DLL
0x00007fffbfb40000 - 0x00007fffbfb6c000 	C:\WINDOWS\SYSTEM32\dbgcore.DLL
0x00007fffc9540000 - 0x00007fffc95c3000 	C:\WINDOWS\System32\bcryptPrimitives.dll
0x00007fffc3b60000 - 0x00007fffc3b88000 	C:\Program Files\AdoptOpenJDK\jdk-11.0.8.10-hotspot\bin\java.dll
0x00007fffc4c50000 - 0x00007fffc4c5a000 	C:\Program Files\AdoptOpenJDK\jdk-11.0.8.10-hotspot\bin\jimage.dll
0x00007fffc3f90000 - 0x00007fffc3f9e000 	C:\Program Files\AdoptOpenJDK\jdk-11.0.8.10-hotspot\bin\instrument.dll
0x00007fffc3b40000 - 0x00007fffc3b57000 	C:\Program Files\AdoptOpenJDK\jdk-11.0.8.10-hotspot\bin\zip.dll
0x00007fffca7a0000 - 0x00007fffcaedf000 	C:\WINDOWS\System32\SHELL32.dll
0x00007fffc7190000 - 0x00007fffc7920000 	C:\WINDOWS\SYSTEM32\windows.storage.dll
0x00007fffcb4f0000 - 0x00007fffcb845000 	C:\WINDOWS\System32\combase.dll
0x00007fffc8ae0000 - 0x00007fffc8b0c000 	C:\WINDOWS\SYSTEM32\Wldp.dll
0x00007fffcb2b0000 - 0x00007fffcb35e000 	C:\WINDOWS\System32\SHCORE.dll
0x00007fffca410000 - 0x00007fffca465000 	C:\WINDOWS\System32\shlwapi.dll
0x00007fffc8fd0000 - 0x00007fffc8fef000 	C:\WINDOWS\SYSTEM32\profapi.dll
0x00007fffc3b20000 - 0x00007fffc3b39000 	C:\Program Files\AdoptOpenJDK\jdk-11.0.8.10-hotspot\bin\net.dll
0x00007fffbfbb0000 - 0x00007fffbfcb8000 	C:\WINDOWS\SYSTEM32\WINHTTP.dll
0x00007fffc8840000 - 0x00007fffc88aa000 	C:\WINDOWS\system32\mswsock.dll
0x00007fffc3b00000 - 0x00007fffc3b12000 	C:\Program Files\AdoptOpenJDK\jdk-11.0.8.10-hotspot\bin\nio.dll
0x00007fffc8a30000 - 0x00007fffc8a48000 	C:\WINDOWS\SYSTEM32\CRYPTSP.dll
0x00007fffc8150000 - 0x00007fffc8184000 	C:\WINDOWS\system32\rsaenh.dll
0x00007fffc9510000 - 0x00007fffc9537000 	C:\WINDOWS\System32\bcrypt.dll
0x00007fffc8f90000 - 0x00007fffc8fbe000 	C:\WINDOWS\SYSTEM32\USERENV.dll
0x00007fffc8a50000 - 0x00007fffc8a5c000 	C:\WINDOWS\SYSTEM32\CRYPTBASE.dll
0x00007fffc84e0000 - 0x00007fffc851b000 	C:\WINDOWS\SYSTEM32\IPHLPAPI.DLL
0x00007fffc9d00000 - 0x00007fffc9d08000 	C:\WINDOWS\System32\NSI.dll
0x00007fffc0f30000 - 0x00007fffc0f47000 	C:\WINDOWS\SYSTEM32\dhcpcsvc6.DLL
0x00007fffc0d90000 - 0x00007fffc0dad000 	C:\WINDOWS\SYSTEM32\dhcpcsvc.DLL
0x00007fffc8530000 - 0x00007fffc85fc000 	C:\WINDOWS\SYSTEM32\DNSAPI.dll
0x00007fffc3a60000 - 0x00007fffc3a9e000 	C:\Users\ACER\AppData\Roaming\Code\User\globalStorage\redhat.java\0.82.0\config_win\org.eclipse.equinox.launcher\org.eclipse.equinox.launcher.win32.win32.x86_64_1.2.300.v20210828-0802\eclipse_11506.dll
0x00007fffcafa0000 - 0x00007fffcb0ca000 	C:\WINDOWS\System32\ole32.dll
0x00007fffc3a20000 - 0x00007fffc3a31000 	C:\Users\ACER\AppData\Roaming\Code\User\globalStorage\redhat.java\0.82.0\config_win\org.eclipse.osgi\22\0\.cp\jWinHttp-1.0.0.dll
0x00007fffc3f80000 - 0x00007fffc3f89000 	C:\Program Files\AdoptOpenJDK\jdk-11.0.8.10-hotspot\bin\management.dll
0x00007fffc3a10000 - 0x00007fffc3a1b000 	C:\Program Files\AdoptOpenJDK\jdk-11.0.8.10-hotspot\bin\management_ext.dll

dbghelp: loaded successfully - version: 4.0.5 - missing functions: none
symbol engine: initialized successfully - sym options: 0x614 - pdb path: .;C:\Program Files\AdoptOpenJDK\jdk-11.0.8.10-hotspot\bin;C:\WINDOWS\SYSTEM32;C:\Program Files\Avast Software\Avast;C:\WINDOWS\WinSxS\amd64_microsoft.windows.common-controls_6595b64144ccf1df_6.0.19041.1110_none_60b5254171f9507e;C:\Program Files\AdoptOpenJDK\jdk-11.0.8.10-hotspot\bin\server;C:\Users\ACER\AppData\Roaming\Code\User\globalStorage\redhat.java\0.82.0\config_win\org.eclipse.equinox.launcher\org.eclipse.equinox.launcher.win32.win32.x86_64_1.2.300.v20210828-0802;C:\Users\ACER\AppData\Roaming\Code\User\globalStorage\redhat.java\0.82.0\config_win\org.eclipse.osgi\22\0\.cp

VM Arguments:
jvm_args: --add-modules=ALL-SYSTEM --add-opens=java.base/java.util=ALL-UNNAMED --add-opens=java.base/java.lang=ALL-UNNAMED -Declipse.application=org.eclipse.jdt.ls.core.id1 -Dosgi.bundles.defaultStartLevel=4 -Declipse.product=org.eclipse.jdt.ls.core.product -Dfile.encoding=utf8 -DwatchParentProcess=false -XX:+UseParallelGC -XX:GCTimeRatio=4 -XX:AdaptiveSizePolicyWeight=90 -Dsun.zip.disableMemoryMapping=true -Xmx1G -Xms100m -javaagent:c:\Users\ACER\.vscode\extensions\gabrielbb.vscode-lombok-1.0.1\server\lombok.jar -Xverify:none 
java_command: c:\Users\ACER\.vscode\extensions\redhat.java-0.82.0\server\plugins\org.eclipse.equinox.launcher_1.6.300.v20210813-1054.jar -configuration c:\Users\ACER\AppData\Roaming\Code\User\globalStorage\redhat.java\0.82.0\config_win -data c:\Users\ACER\AppData\Roaming\Code\User\workspaceStorage\7fee58ba46a44ecf2c9121a9ffec2780\redhat.java\jdt_ws
java_class_path (initial): c:\Users\ACER\.vscode\extensions\redhat.java-0.82.0\server\plugins\org.eclipse.equinox.launcher_1.6.300.v20210813-1054.jar
Launcher Type: SUN_STANDARD

[Global flags]
    uintx AdaptiveSizePolicyWeight                 = 90                                        {product} {command line}
     bool BytecodeVerificationLocal                = false                                     {product} {command line}
     bool BytecodeVerificationRemote               = false                                     {product} {command line}
     intx CICompilerCount                          = 4                                         {product} {ergonomic}
    uintx GCTimeRatio                              = 4                                         {product} {command line}
   size_t InitialHeapSize                          = 104857600                                 {product} {command line}
   size_t MaxHeapSize                              = 1073741824                                {product} {command line}
   size_t MaxNewSize                               = 357564416                                 {product} {ergonomic}
   size_t MinHeapDeltaBytes                        = 524288                                    {product} {ergonomic}
   size_t NewSize                                  = 34603008                                  {product} {ergonomic}
    uintx NonNMethodCodeHeapSize                   = 5836300                                {pd product} {ergonomic}
    uintx NonProfiledCodeHeapSize                  = 122910970                              {pd product} {ergonomic}
   size_t OldSize                                  = 70254592                                  {product} {ergonomic}
    uintx ProfiledCodeHeapSize                     = 122910970                              {pd product} {ergonomic}
    uintx ReservedCodeCacheSize                    = 251658240                              {pd product} {ergonomic}
     bool SegmentedCodeCache                       = true                                      {product} {ergonomic}
     bool UseCompressedClassPointers               = true                                 {lp64_product} {ergonomic}
     bool UseCompressedOops                        = true                                 {lp64_product} {ergonomic}
     bool UseLargePagesIndividualAllocation        = false                                  {pd product} {ergonomic}
     bool UseParallelGC                            = true                                      {product} {command line}

Logging:
Log output configuration:
 #0: stdout all=warning uptime,level,tags
 #1: stderr all=off uptime,level,tags

Environment Variables:
JAVA_HOME=C:\Program Files\AdoptOpenJDK\jdk-11.0.8.10-hotspot\
PATH=C:\Program Files\Python\Python39\Scripts\;C:\Program Files\Python\Python39\;C:\Program Files\Common Files\Oracle\Java\javapath;C:\Program Files\AdoptOpenJDK\jdk-11.0.8.10-hotspot\bin;C:\ProgramData\Oracle\Java\javapath;C:\Windows\system32;C:\Windows;C:\Windows\System32\Wbem;C:\Windows\System32\WindowsPowerShell\v1.0\;C:\Windows\System32\OpenSSH\;C:\Program Files (x86)\NVIDIA Corporation\PhysX\Common;C:\Program Files\NVIDIA Corporation\NVIDIA NvDLISR;C:\xampp\php;C:\ProgramData\ComposerSetup\bin;C:\Program Files\AccessData\Forensic Tools\7.1\bin\XSL-Formatter\bin;C:\WINDOWS\system32;C:\WINDOWS;C:\WINDOWS\System32\Wbem;C:\WINDOWS\System32\WindowsPowerShell\v1.0\;C:\WINDOWS\System32\OpenSSH\;C:\Program Files\Git\cmd;C:\Program Files\Microsoft SQL Server\Client SDK\ODBC\170\Tools\Binn\;C:\Program Files (x86)\Microsoft SQL Server\150\Tools\Binn\;C:\Program Files\Microsoft SQL Server\150\Tools\Binn\;C:\Program Files\Microsoft SQL Server\150\DTS\Binn\;C:\Program Files (x86)\Microsoft SQL Server\150\DTS\Binn\;C:\Program Files\Azure Data Studio\bin;C:\Program Files\Microsoft SQL Server\130\Tools\Binn\;C:\Program Files (x86)\Microsoft SQL Server\110\DTS\Binn\;C:\Program Files (x86)\Microsoft SQL Server\120\DTS\Binn\;C:\Program Files (x86)\Microsoft SQL Server\130\DTS\Binn\;C:\Program Files (x86)\Microsoft SQL Server\140\DTS\Binn\;C:\Program Files\nodejs\;C:\Users\ACER\AppData\Local\Microsoft\WindowsApps;C:\Users\ACER\AppData\Local\Programs\Microsoft VS Code\bin;C:\Program Files\JetBrains\PyCharm Community Edition 2020.3\bin;;C:\Users\ACER\AppData\Roaming\Composer\vendor\bin;C:\Program Files\Azure Data Studio\bin;C:\Users\ACER\AppData\Local\GitHubDesktop\bin;C:\Users\ACER\AppData\Roaming\npm
USERNAME=ACER
OS=Windows_NT
PROCESSOR_IDENTIFIER=AMD64 Family 23 Model 24 Stepping 1, AuthenticAMD



---------------  S Y S T E M  ---------------

OS: Windows 10 , 64 bit Build 19041 (10.0.19041.1202)
OS uptime: 0 days 0:46 hours

CPU:total 8 (initial active 8) (8 cores per cpu, 2 threads per core) family 23 model 24 stepping 1, cmov, cx8, fxsr, mmx, sse, sse2, sse3, ssse3, sse4.1, sse4.2, popcnt, avx, avx2, aes, clmul, mmxext, 3dnowpref, lzcnt, sse4a, ht, tsc, tscinvbit, tscinv, bmi1, bmi2, adx, sha, fma

Memory: 4k page, system-wide physical 10178M (381M free)
TotalPageFile size 40898M (AvailPageFile size 5M)
current process WorkingSet (physical memory assigned to process): 198M, peak: 198M
current process commit charge ("private bytes"): 298M, peak: 301M

vm_info: OpenJDK 64-Bit Server VM (11.0.8+10) for windows-amd64 JRE (11.0.8+10), built on Jul 15 2020 11:45:54 by "" with MS VC++ 15.9 (VS2017)

END.
