#
# There is insufficient memory for the Java Runtime Environment to continue.
# Native memory allocation (malloc) failed to allocate 423856 bytes for Chunk::new
# Possible reasons:
#   The system is out of physical RAM or swap space
#   The process is running with CompressedOops enabled, and the Java Heap may be blocking the growth of the native heap
# Possible solutions:
#   Reduce memory load on the system
#   Increase physical memory or swap space
#   Check if swap backing store is full
#   Decrease Java heap size (-Xmx/-Xms)
#   Decrease number of Java threads
#   Decrease Java thread stack sizes (-Xss)
#   Set larger code cache with -XX:ReservedCodeCacheSize=
#   JVM is running with Unscaled Compressed Oops mode in which the Java heap is
#     placed in the first 4GB address space. The Java Heap base address is the
#     maximum limit for the native heap growth. Please use -XX:HeapBaseMinAddress
#     to set the Java Heap base and to place the Java Heap above 4GB virtual address.
# This output file may be truncated or incomplete.
#
#  Out of Memory Error (./src/hotspot/share/memory/arena.cpp:197), pid=1120, tid=19944
#
# JRE version: OpenJDK Runtime Environment AdoptOpenJDK (11.0.8+10) (build 11.0.8+10)
# Java VM: OpenJDK 64-Bit Server VM AdoptOpenJDK (11.0.8+10, mixed mode, tiered, compressed oops, parallel gc, windows-amd64)
# No core dump will be written. Minidumps are not enabled by default on client versions of Windows
#

---------------  S U M M A R Y ------------

Command Line: --add-modules=ALL-SYSTEM --add-opens=java.base/java.util=ALL-UNNAMED --add-opens=java.base/java.lang=ALL-UNNAMED -Declipse.application=org.eclipse.jdt.ls.core.id1 -Dosgi.bundles.defaultStartLevel=4 -Declipse.product=org.eclipse.jdt.ls.core.product -Dfile.encoding=utf8 -DwatchParentProcess=false -XX:+UseParallelGC -XX:GCTimeRatio=4 -XX:AdaptiveSizePolicyWeight=90 -Dsun.zip.disableMemoryMapping=true -Xmx1G -Xms100m -javaagent:c:\Users\ACER\.vscode\extensions\gabrielbb.vscode-lombok-1.0.1\server\lombok.jar -Xverify:none c:\Users\ACER\.vscode\extensions\redhat.java-0.82.0\server\plugins\org.eclipse.equinox.launcher_1.6.300.v20210813-1054.jar -configuration c:\Users\ACER\AppData\Roaming\Code\User\globalStorage\redhat.java\0.82.0\config_ss_win -data c:\Users\ACER\AppData\Roaming\Code\User\workspaceStorage\7fee58ba46a44ecf2c9121a9ffec2780\redhat.java\ss_ws

Host: AMD Ryzen 5 3550H with Radeon Vega Mobile Gfx  , 8 cores, 9G,  Windows 10 , 64 bit Build 19041 (10.0.19041.1202)
Time: Sun Oct  3 19:26:46 2021 Malay Peninsula Standard Time elapsed time: 0 seconds (0d 0h 0m 0s)

---------------  T H R E A D  ---------------

Current thread (0x000001a0f60b3000):  JavaThread "C2 CompilerThread0" daemon [_thread_in_native, id=19944, stack(0x00000008b9000000,0x00000008b9100000)]


Current CompileTask:
C2:    978  755   !   4       java.util.jar.Attributes::read (388 bytes)

Stack: [0x00000008b9000000,0x00000008b9100000]
Native frames: (J=compiled Java code, j=interpreted, Vv=VM code, C=native code)
V  [jvm.dll+0x5dfa5a]
V  [jvm.dll+0x7175ce]
V  [jvm.dll+0x718c9f]
V  [jvm.dll+0x719363]
V  [jvm.dll+0x240e48]
V  [jvm.dll+0xb96ac]
V  [jvm.dll+0xb9dac]
V  [jvm.dll+0x2b0804]
V  [jvm.dll+0x500086]
V  [jvm.dll+0x202a5d]
V  [jvm.dll+0x1fca3a]
V  [jvm.dll+0x1f99bf]
V  [jvm.dll+0x17e4ec]
V  [jvm.dll+0x208f27]
V  [jvm.dll+0x20710b]
V  [jvm.dll+0x6dc339]
V  [jvm.dll+0x6d53e4]
V  [jvm.dll+0x5de996]
C  [ucrtbase.dll+0x21bb2]
C  [KERNEL32.DLL+0x17034]
C  [ntdll.dll+0x52651]


---------------  P R O C E S S  ---------------

Threads class SMR info:
_java_thread_list=0x000001a0ea0e1470, length=11, elements={
0x000001a0ea013000, 0x000001a0f505e800, 0x000001a0f5068800, 0x000001a0f6104800,
0x000001a0f507c000, 0x000001a0f60b3000, 0x000001a0f60b7800, 0x000001a0f60be000,
0x000001a0f6256800, 0x000001a0f63ee000, 0x000001a0f63fa800
}

Java Threads: ( => current thread )
  0x000001a0ea013000 JavaThread "main" [_thread_in_vm, id=3956, stack(0x00000008b8900000,0x00000008b8a00000)]
  0x000001a0f505e800 JavaThread "Reference Handler" daemon [_thread_blocked, id=11036, stack(0x00000008b8c00000,0x00000008b8d00000)]
  0x000001a0f5068800 JavaThread "Finalizer" daemon [_thread_blocked, id=12212, stack(0x00000008b8d00000,0x00000008b8e00000)]
  0x000001a0f6104800 JavaThread "Signal Dispatcher" daemon [_thread_blocked, id=7328, stack(0x00000008b8e00000,0x00000008b8f00000)]
  0x000001a0f507c000 JavaThread "Attach Listener" daemon [_thread_blocked, id=14992, stack(0x00000008b8f00000,0x00000008b9000000)]
=>0x000001a0f60b3000 JavaThread "C2 CompilerThread0" daemon [_thread_in_native, id=19944, stack(0x00000008b9000000,0x00000008b9100000)]
  0x000001a0f60b7800 JavaThread "C1 CompilerThread0" daemon [_thread_blocked, id=14652, stack(0x00000008b9100000,0x00000008b9200000)]
  0x000001a0f60be000 JavaThread "Sweeper thread" daemon [_thread_blocked, id=11672, stack(0x00000008b9200000,0x00000008b9300000)]
  0x000001a0f6256800 JavaThread "Common-Cleaner" daemon [_thread_blocked, id=12640, stack(0x00000008b9300000,0x00000008b9400000)]
  0x000001a0f63ee000 JavaThread "Service Thread" daemon [_thread_blocked, id=8652, stack(0x00000008b9400000,0x00000008b9500000)]
  0x000001a0f63fa800 JavaThread "C2 CompilerThread1" daemon [_thread_in_native, id=12920, stack(0x00000008b9600000,0x00000008b9700000)]

Other Threads:
  0x000001a0ea0e2000 VMThread "VM Thread" [stack: 0x00000008b8b00000,0x00000008b8c00000] [id=19884]
  0x000001a0f63f7000 WatcherThread [stack: 0x00000008b9500000,0x00000008b9600000] [id=19908]
  0x000001a0ea02e000 GCTaskThread "ParGC Thread#0" [stack: 0x00000008b8a00000,0x00000008b8b00000] [id=2712]
  0x000001a0f77e0000 GCTaskThread "ParGC Thread#1" [stack: 0x00000008b9700000,0x00000008b9800000] [id=17168]

Threads with active compile tasks:
C2 CompilerThread0   1075  755   !   4       java.util.jar.Attributes::read (388 bytes)
C2 CompilerThread1   1075  825       4       java.lang.String::replace (149 bytes)

VM state:not at safepoint (normal execution)

VM Mutex/Monitor currently owned by a thread: None

Heap address: 0x00000000c0000000, size: 1024 MB, Compressed Oops mode: 32-bit
Narrow klass base: 0x0000000000000000, Narrow klass shift: 3
Compressed class space size: 1073741824 Address: 0x0000000100000000

Heap:
 PSYoungGen      total 29696K, used 7250K [0x00000000eab00000, 0x00000000ecc00000, 0x0000000100000000)
  eden space 25600K, 17% used [0x00000000eab00000,0x00000000eaf64da0,0x00000000ec400000)
  from space 4096K, 67% used [0x00000000ec400000,0x00000000ec6afc38,0x00000000ec800000)
  to   space 4096K, 0% used [0x00000000ec800000,0x00000000ec800000,0x00000000ecc00000)
 ParOldGen       total 68608K, used 8K [0x00000000c0000000, 0x00000000c4300000, 0x00000000eab00000)
  object space 68608K, 0% used [0x00000000c0000000,0x00000000c0002000,0x00000000c4300000)
 Metaspace       used 11161K, capacity 11447K, committed 11648K, reserved 1060864K
  class space    used 1023K, capacity 1118K, committed 1152K, reserved 1048576K

Card table byte_map: [0x000001a0e9a00000,0x000001a0e9c10000] _byte_map_base: 0x000001a0e9400000

Marking Bits: (ParMarkBitMap*) 0x00007fff8cdc6e90
 Begin Bits: [0x000001a0f2680000, 0x000001a0f3680000)
 End Bits:   [0x000001a0f3680000, 0x000001a0f4680000)

Polling page: 0x000001a0e97f0000

Metaspace:

Usage:
  Non-class:     10.09 MB capacity,     9.90 MB ( 98%) used,   178.01 KB (  2%) free+waste,    13.50 KB ( <1%) overhead. 
      Class:      1.09 MB capacity,  1023.53 KB ( 92%) used,    88.28 KB (  8%) free+waste,     6.19 KB ( <1%) overhead. 
       Both:     11.18 MB capacity,    10.90 MB ( 98%) used,   266.29 KB (  2%) free+waste,    19.69 KB ( <1%) overhead. 

Virtual space:
  Non-class space:       12.00 MB reserved,      10.25 MB ( 85%) committed 
      Class space:        1.00 GB reserved,       1.13 MB ( <1%) committed 
             Both:        1.01 GB reserved,      11.38 MB (  1%) committed 

Chunk freelists:
   Non-Class:  39.00 KB
       Class:  2.00 KB
        Both:  41.00 KB

MaxMetaspaceSize: 17179869184.00 GB
CompressedClassSpaceSize: 1.00 GB

CodeHeap 'non-profiled nmethods': size=120000Kb used=316Kb max_used=316Kb free=119683Kb
 bounds [0x000001a087ad0000, 0x000001a087d40000, 0x000001a08f000000]
CodeHeap 'profiled nmethods': size=120000Kb used=1427Kb max_used=1427Kb free=118572Kb
 bounds [0x000001a0805a0000, 0x000001a080810000, 0x000001a087ad0000]
CodeHeap 'non-nmethods': size=5760Kb used=1064Kb max_used=1085Kb free=4695Kb
 bounds [0x000001a080000000, 0x000001a080270000, 0x000001a0805a0000]
 total_blobs=1287 nmethods=917 adapters=284
 compilation: enabled
              stopped_count=0, restarted_count=0
 full_count=0

Compilation events (20 events):
Event: 0.879 Thread 0x000001a0f60b7800  799       3       java.util.LinkedHashMap::get (33 bytes)
Event: 0.879 Thread 0x000001a0f60b7800 nmethod 799 0x000001a0806cc890 code [0x000001a0806cca80, 0x000001a0806ccea8]
Event: 0.880 Thread 0x000001a0f60b7800  800       3       java.lang.StringBuilder::<init> (18 bytes)
Event: 0.881 Thread 0x000001a0f60b7800 nmethod 800 0x000001a0806cd010 code [0x000001a0806cd200, 0x000001a0806cd4d8]
Event: 0.881 Thread 0x000001a0f60b7800  801       3       sun.security.provider.DigestBase::implCompressMultiBlock0 (23 bytes)
Event: 0.881 Thread 0x000001a0f60b7800 nmethod 801 0x000001a0806cd690 code [0x000001a0806cd860, 0x000001a0806cdb08]
Event: 0.882 Thread 0x000001a0f60b7800  802       3       java.nio.DirectLongBufferU::ix (10 bytes)
Event: 0.882 Thread 0x000001a0f60b7800 nmethod 802 0x000001a0806cdc10 code [0x000001a0806cddc0, 0x000001a0806cded8]
Event: 0.884 Thread 0x000001a0f63fa800 nmethod 775 0x000001a087b18890 code [0x000001a087b18a60, 0x000001a087b19058]
Event: 0.884 Thread 0x000001a0f63fa800  779       4       java.lang.ref.SoftReference::get (29 bytes)
Event: 0.885 Thread 0x000001a0f63fa800 nmethod 779 0x000001a087b19390 code [0x000001a087b19520, 0x000001a087b195d8]
Event: 0.886 Thread 0x000001a0f60b7800  803       3       java.io.File::<init> (47 bytes)
Event: 0.886 Thread 0x000001a0f60b7800 nmethod 803 0x000001a0806cdf90 code [0x000001a0806ce180, 0x000001a0806ce4a8]
Event: 0.888 Thread 0x000001a0f60b7800  804       3       java.net.URL::toLowerCase (37 bytes)
Event: 0.888 Thread 0x000001a0f63fa800  806       4       java.lang.StringLatin1::replace (196 bytes)
Event: 0.889 Thread 0x000001a0f60b7800 nmethod 804 0x000001a0806ce610 code [0x000001a0806ce820, 0x000001a0806ceca8]
Event: 0.889 Thread 0x000001a0f60b7800  805   !   3       java.net.URL::getURLStreamHandler (191 bytes)
Event: 0.890 Thread 0x000001a0f60b7800 nmethod 805 0x000001a0806cee10 code [0x000001a0806cf0c0, 0x000001a0806cff98]
Event: 0.892 Thread 0x000001a0f60b7800  808       3       java.lang.reflect.Modifier::isProtected (12 bytes)
Event: 0.893 Thread 0x000001a0f60b7800 nmethod 808 0x000001a0806d0410 code [0x000001a0806d05c0, 0x000001a0806d06f8]

GC Heap History (0 events):
No events

Deoptimization events (20 events):
Event: 0.876 Thread 0x000001a0ea013000 DEOPT PACKING pc=0x000001a087b0cdd0 sp=0x00000008b89fe1e0
Event: 0.876 Thread 0x000001a0ea013000 DEOPT UNPACKING pc=0x000001a080026caf sp=0x00000008b89fe0e0 mode 2
Event: 0.878 Thread 0x000001a0ea013000 Uncommon trap: trap_request=0xffffffc6 fr.pc=0x000001a087b0cdd0 relative=0x00000000000009b0
Event: 0.878 Thread 0x000001a0ea013000 Uncommon trap: reason=bimorphic_or_optimized_type_check action=maybe_recompile pc=0x000001a087b0cdd0 method=java.util.HashMap.putVal(ILjava/lang/Object;Ljava/lang/Object;ZZ)Ljava/lang/Object; @ 56 c2
Event: 0.878 Thread 0x000001a0ea013000 DEOPT PACKING pc=0x000001a087b0cdd0 sp=0x00000008b89fe1e0
Event: 0.878 Thread 0x000001a0ea013000 DEOPT UNPACKING pc=0x000001a080026caf sp=0x00000008b89fe0e0 mode 2
Event: 0.880 Thread 0x000001a0ea013000 Uncommon trap: trap_request=0xffffffc6 fr.pc=0x000001a087b0cdd0 relative=0x00000000000009b0
Event: 0.880 Thread 0x000001a0ea013000 Uncommon trap: reason=bimorphic_or_optimized_type_check action=maybe_recompile pc=0x000001a087b0cdd0 method=java.util.HashMap.putVal(ILjava/lang/Object;Ljava/lang/Object;ZZ)Ljava/lang/Object; @ 56 c2
Event: 0.880 Thread 0x000001a0ea013000 DEOPT PACKING pc=0x000001a087b0cdd0 sp=0x00000008b89fe1e0
Event: 0.880 Thread 0x000001a0ea013000 DEOPT UNPACKING pc=0x000001a080026caf sp=0x00000008b89fe0e0 mode 2
Event: 0.882 Thread 0x000001a0ea013000 Uncommon trap: trap_request=0xffffffc6 fr.pc=0x000001a087b0cdd0 relative=0x00000000000009b0
Event: 0.882 Thread 0x000001a0ea013000 Uncommon trap: reason=bimorphic_or_optimized_type_check action=maybe_recompile pc=0x000001a087b0cdd0 method=java.util.HashMap.putVal(ILjava/lang/Object;Ljava/lang/Object;ZZ)Ljava/lang/Object; @ 56 c2
Event: 0.882 Thread 0x000001a0ea013000 DEOPT PACKING pc=0x000001a087b0cdd0 sp=0x00000008b89fd860
Event: 0.882 Thread 0x000001a0ea013000 DEOPT UNPACKING pc=0x000001a080026caf sp=0x00000008b89fd760 mode 2
Event: 0.888 Thread 0x000001a0ea013000 DEOPT PACKING pc=0x000001a0805d6b29 sp=0x00000008b89fe350
Event: 0.888 Thread 0x000001a0ea013000 DEOPT UNPACKING pc=0x000001a080026ace sp=0x00000008b89fd810 mode 0
Event: 0.889 Thread 0x000001a0ea013000 Uncommon trap: trap_request=0xffffffde fr.pc=0x000001a087b03b48 relative=0x0000000000000468
Event: 0.889 Thread 0x000001a0ea013000 Uncommon trap: reason=class_check action=maybe_recompile pc=0x000001a087b03b48 method=java.util.Collections$UnmodifiableCollection$1.<init>(Ljava/util/Collections$UnmodifiableCollection;)V @ 17 c2
Event: 0.889 Thread 0x000001a0ea013000 DEOPT PACKING pc=0x000001a087b03b48 sp=0x00000008b89fe630
Event: 0.889 Thread 0x000001a0ea013000 DEOPT UNPACKING pc=0x000001a080026caf sp=0x00000008b89fe578 mode 2

Classes redefined (0 events):
No events

Internal exceptions (13 events):
Event: 0.363 Thread 0x000001a0ea013000 Exception <a 'java/lang/reflect/InvocationTargetException'{0x00000000eaf0cbc0}> (0x00000000eaf0cbc0) thrown at [./src/hotspot/share/runtime/reflection.cpp, line 1247]
Event: 0.387 Thread 0x000001a0ea013000 Exception <a 'java/lang/NoSuchMethodError'{0x00000000eafb68e0}: 'int java.lang.invoke.DirectMethodHandle$Holder.invokeSpecialIFC(java.lang.Object, java.lang.Object, int)'> (0x00000000eafb68e0) thrown at [./src/hotspot/share/interpreter/linkResolver.cpp, line 773]
Event: 0.692 Thread 0x000001a0ea013000 Exception <a 'java/lang/ClassNotFoundException'{0x00000000eb91c1e0}: sun/net/www/protocol/c/Handler> (0x00000000eb91c1e0) thrown at [./src/hotspot/share/classfile/systemDictionary.cpp, line 231]
Event: 0.697 Thread 0x000001a0ea013000 Exception <a 'java/io/FileNotFoundException'{0x00000000eb942cc0}> (0x00000000eb942cc0) thrown at [./src/hotspot/share/prims/jni.cpp, line 615]
Event: 0.697 Thread 0x000001a0ea013000 Exception <a 'java/io/FileNotFoundException'{0x00000000eb943a60}> (0x00000000eb943a60) thrown at [./src/hotspot/share/prims/jni.cpp, line 615]
Event: 0.698 Thread 0x000001a0ea013000 Exception <a 'java/io/FileNotFoundException'{0x00000000eb9446c0}> (0x00000000eb9446c0) thrown at [./src/hotspot/share/prims/jni.cpp, line 615]
Event: 0.698 Thread 0x000001a0ea013000 Exception <a 'java/io/FileNotFoundException'{0x00000000eb945358}> (0x00000000eb945358) thrown at [./src/hotspot/share/prims/jni.cpp, line 615]
Event: 0.702 Thread 0x000001a0ea013000 Implicit null exception at 0x000001a087aec474 to 0x000001a087aec91c
Event: 0.706 Thread 0x000001a0ea013000 Exception <a 'java/io/FileNotFoundException'{0x00000000eb987780}> (0x00000000eb987780) thrown at [./src/hotspot/share/prims/jni.cpp, line 615]
Event: 0.877 Thread 0x000001a0ea013000 Exception <a 'java/lang/ClassNotFoundException'{0x00000000ec2b19e8}: sun/net/www/protocol/c/Handler> (0x00000000ec2b19e8) thrown at [./src/hotspot/share/classfile/systemDictionary.cpp, line 231]
Event: 0.877 Thread 0x000001a0ea013000 Exception <a 'java/lang/ClassNotFoundException'{0x00000000ec2b2f68}: sun/net/www/protocol/d/Handler> (0x00000000ec2b2f68) thrown at [./src/hotspot/share/classfile/systemDictionary.cpp, line 231]
Event: 0.877 Thread 0x000001a0ea013000 Exception <a 'java/lang/ClassNotFoundException'{0x00000000ec2b4350}: sun/net/www/protocol/c/Handler> (0x00000000ec2b4350) thrown at [./src/hotspot/share/classfile/systemDictionary.cpp, line 231]
Event: 0.889 Thread 0x000001a0ea013000 Exception <a 'java/io/FileNotFoundException'{0x00000000ec2d47f8}> (0x00000000ec2d47f8) thrown at [./src/hotspot/share/prims/jni.cpp, line 615]

Events (20 events):
Event: 0.871 loading class java/util/UUID done
Event: 0.871 loading class org/eclipse/osgi/internal/location/EquinoxLocations
Event: 0.871 loading class org/eclipse/osgi/internal/location/EquinoxLocations done
Event: 0.873 loading class org/eclipse/osgi/internal/location/BasicLocation
Event: 0.873 loading class org/eclipse/osgi/internal/location/BasicLocation done
Event: 0.874 loading class org/eclipse/osgi/service/datalocation/Location
Event: 0.874 loading class org/eclipse/osgi/service/datalocation/Location done
Event: 0.877 loading class sun/net/www/protocol/c/Handler
Event: 0.877 loading class sun/net/www/protocol/c/Handler done
Event: 0.877 loading class sun/net/www/protocol/d/Handler
Event: 0.877 loading class sun/net/www/protocol/d/Handler done
Event: 0.877 loading class sun/net/www/protocol/c/Handler
Event: 0.877 loading class sun/net/www/protocol/c/Handler done
Event: 0.881 loading class org/eclipse/osgi/storage/StorageUtil
Event: 0.881 loading class org/eclipse/osgi/storage/StorageUtil done
Event: 0.889 loading class org/eclipse/osgi/internal/debug/FrameworkDebugOptions
Event: 0.889 loading class org/eclipse/osgi/internal/debug/FrameworkDebugOptions done
Event: 0.891 loading class org/eclipse/osgi/service/debug/DebugOptions
Event: 0.891 loading class org/eclipse/osgi/service/debug/DebugOptions done
Event: 0.892 Loaded shared library C:\Program Files\AdoptOpenJDK\jdk-11.0.8.10-hotspot\bin\java.dll


Dynamic libraries:
0x00007ff7eb960000 - 0x00007ff7eb96d000 	C:\Program Files\AdoptOpenJDK\jdk-11.0.8.10-hotspot\bin\java.exe
0x00007fffcb970000 - 0x00007fffcbb65000 	C:\WINDOWS\SYSTEM32\ntdll.dll
0x00007fff8f6e0000 - 0x00007fff8f6f5000 	C:\Program Files\Avast Software\Avast\aswhook.dll
0x00007fffc99c0000 - 0x00007fffc9a7e000 	C:\WINDOWS\System32\KERNEL32.DLL
0x00007fffc9090000 - 0x00007fffc9359000 	C:\WINDOWS\System32\KERNELBASE.dll
0x00007fffc98c0000 - 0x00007fffc99c0000 	C:\WINDOWS\System32\ucrtbase.dll
0x00007fffc3fa0000 - 0x00007fffc3fb7000 	C:\Program Files\AdoptOpenJDK\jdk-11.0.8.10-hotspot\bin\jli.dll
0x00007fffc4bd0000 - 0x00007fffc4be5000 	C:\Program Files\AdoptOpenJDK\jdk-11.0.8.10-hotspot\bin\VCRUNTIME140.dll
0x00007fffc9a80000 - 0x00007fffc9c21000 	C:\WINDOWS\System32\USER32.dll
0x00007fffb98a0000 - 0x00007fffb9b3a000 	C:\WINDOWS\WinSxS\amd64_microsoft.windows.common-controls_6595b64144ccf1df_6.0.19041.1110_none_60b5254171f9507e\COMCTL32.dll
0x00007fffc9890000 - 0x00007fffc98b2000 	C:\WINDOWS\System32\win32u.dll
0x00007fffcb880000 - 0x00007fffcb91e000 	C:\WINDOWS\System32\msvcrt.dll
0x00007fffcb0f0000 - 0x00007fffcb11b000 	C:\WINDOWS\System32\GDI32.dll
0x00007fffc9780000 - 0x00007fffc988b000 	C:\WINDOWS\System32\gdi32full.dll
0x00007fffc9470000 - 0x00007fffc950d000 	C:\WINDOWS\System32\msvcp_win.dll
0x00007fffcb850000 - 0x00007fffcb880000 	C:\WINDOWS\System32\IMM32.DLL
0x00007fffc3b90000 - 0x00007fffc3c2b000 	C:\Program Files\AdoptOpenJDK\jdk-11.0.8.10-hotspot\bin\msvcp140.dll
0x00007fff8c3c0000 - 0x00007fff8ce7d000 	C:\Program Files\AdoptOpenJDK\jdk-11.0.8.10-hotspot\bin\server\jvm.dll
0x00007fffcaee0000 - 0x00007fffcaf8c000 	C:\WINDOWS\System32\ADVAPI32.dll
0x00007fffca190000 - 0x00007fffca22b000 	C:\WINDOWS\System32\sechost.dll
0x00007fffcb180000 - 0x00007fffcb2aa000 	C:\WINDOWS\System32\RPCRT4.dll
0x00007fffcb920000 - 0x00007fffcb928000 	C:\WINDOWS\System32\PSAPI.DLL
0x00007fffb7c50000 - 0x00007fffb7c59000 	C:\WINDOWS\SYSTEM32\WSOCK32.dll
0x00007fffc0dd0000 - 0x00007fffc0df7000 	C:\WINDOWS\SYSTEM32\WINMM.dll
0x00007fffc2070000 - 0x00007fffc207a000 	C:\WINDOWS\SYSTEM32\VERSION.dll
0x00007fffca500000 - 0x00007fffca56b000 	C:\WINDOWS\System32\WS2_32.dll
0x00007fffc6f90000 - 0x00007fffc6fa2000 	C:\WINDOWS\SYSTEM32\kernel.appcore.dll
0x00007fffc55e0000 - 0x00007fffc55f0000 	C:\Program Files\AdoptOpenJDK\jdk-11.0.8.10-hotspot\bin\verify.dll
0x00007fffbaf00000 - 0x00007fffbb0e4000 	C:\WINDOWS\SYSTEM32\DBGHELP.DLL
0x00007fffbfb40000 - 0x00007fffbfb6c000 	C:\WINDOWS\SYSTEM32\dbgcore.DLL
0x00007fffc9540000 - 0x00007fffc95c3000 	C:\WINDOWS\System32\bcryptPrimitives.dll
0x00007fffc3b60000 - 0x00007fffc3b88000 	C:\Program Files\AdoptOpenJDK\jdk-11.0.8.10-hotspot\bin\java.dll
0x00007fffc4c50000 - 0x00007fffc4c5a000 	C:\Program Files\AdoptOpenJDK\jdk-11.0.8.10-hotspot\bin\jimage.dll
0x00007fffc3f90000 - 0x00007fffc3f9e000 	C:\Program Files\AdoptOpenJDK\jdk-11.0.8.10-hotspot\bin\instrument.dll
0x00007fffc3b40000 - 0x00007fffc3b57000 	C:\Program Files\AdoptOpenJDK\jdk-11.0.8.10-hotspot\bin\zip.dll
0x00007fffca7a0000 - 0x00007fffcaedf000 	C:\WINDOWS\System32\SHELL32.dll
0x00007fffc7190000 - 0x00007fffc7920000 	C:\WINDOWS\SYSTEM32\windows.storage.dll
0x00007fffcb4f0000 - 0x00007fffcb845000 	C:\WINDOWS\System32\combase.dll
0x00007fffc8ae0000 - 0x00007fffc8b0c000 	C:\WINDOWS\SYSTEM32\Wldp.dll
0x00007fffcb2b0000 - 0x00007fffcb35e000 	C:\WINDOWS\System32\SHCORE.dll
0x00007fffca410000 - 0x00007fffca465000 	C:\WINDOWS\System32\shlwapi.dll
0x00007fffc8fd0000 - 0x00007fffc8fef000 	C:\WINDOWS\SYSTEM32\profapi.dll
0x00007fffc3b20000 - 0x00007fffc3b39000 	C:\Program Files\AdoptOpenJDK\jdk-11.0.8.10-hotspot\bin\net.dll
0x00007fffbfbb0000 - 0x00007fffbfcb8000 	C:\WINDOWS\SYSTEM32\WINHTTP.dll
0x00007fffc8840000 - 0x00007fffc88aa000 	C:\WINDOWS\system32\mswsock.dll
0x00007fffc3b00000 - 0x00007fffc3b12000 	C:\Program Files\AdoptOpenJDK\jdk-11.0.8.10-hotspot\bin\nio.dll
0x00007fffc8a30000 - 0x00007fffc8a48000 	C:\WINDOWS\SYSTEM32\CRYPTSP.dll
0x00007fffc8150000 - 0x00007fffc8184000 	C:\WINDOWS\system32\rsaenh.dll
0x00007fffc9510000 - 0x00007fffc9537000 	C:\WINDOWS\System32\bcrypt.dll
0x00007fffc8f90000 - 0x00007fffc8fbe000 	C:\WINDOWS\SYSTEM32\USERENV.dll
0x00007fffc8a50000 - 0x00007fffc8a5c000 	C:\WINDOWS\SYSTEM32\CRYPTBASE.dll
0x00007fffc84e0000 - 0x00007fffc851b000 	C:\WINDOWS\SYSTEM32\IPHLPAPI.DLL
0x00007fffc9d00000 - 0x00007fffc9d08000 	C:\WINDOWS\System32\NSI.dll
0x00007fffc0f30000 - 0x00007fffc0f47000 	C:\WINDOWS\SYSTEM32\dhcpcsvc6.DLL
0x00007fffc0d90000 - 0x00007fffc0dad000 	C:\WINDOWS\SYSTEM32\dhcpcsvc.DLL
0x00007fffc8530000 - 0x00007fffc85fc000 	C:\WINDOWS\SYSTEM32\DNSAPI.dll

dbghelp: loaded successfully - version: 4.0.5 - missing functions: none
symbol engine: initialized successfully - sym options: 0x614 - pdb path: .;C:\Program Files\AdoptOpenJDK\jdk-11.0.8.10-hotspot\bin;C:\WINDOWS\SYSTEM32;C:\Program Files\Avast Software\Avast;C:\WINDOWS\WinSxS\amd64_microsoft.windows.common-controls_6595b64144ccf1df_6.0.19041.1110_none_60b5254171f9507e;C:\Program Files\AdoptOpenJDK\jdk-11.0.8.10-hotspot\bin\server

VM Arguments:
jvm_args: --add-modules=ALL-SYSTEM --add-opens=java.base/java.util=ALL-UNNAMED --add-opens=java.base/java.lang=ALL-UNNAMED -Declipse.application=org.eclipse.jdt.ls.core.id1 -Dosgi.bundles.defaultStartLevel=4 -Declipse.product=org.eclipse.jdt.ls.core.product -Dfile.encoding=utf8 -DwatchParentProcess=false -XX:+UseParallelGC -XX:GCTimeRatio=4 -XX:AdaptiveSizePolicyWeight=90 -Dsun.zip.disableMemoryMapping=true -Xmx1G -Xms100m -javaagent:c:\Users\ACER\.vscode\extensions\gabrielbb.vscode-lombok-1.0.1\server\lombok.jar -Xverify:none 
java_command: c:\Users\ACER\.vscode\extensions\redhat.java-0.82.0\server\plugins\org.eclipse.equinox.launcher_1.6.300.v20210813-1054.jar -configuration c:\Users\ACER\AppData\Roaming\Code\User\globalStorage\redhat.java\0.82.0\config_ss_win -data c:\Users\ACER\AppData\Roaming\Code\User\workspaceStorage\7fee58ba46a44ecf2c9121a9ffec2780\redhat.java\ss_ws
java_class_path (initial): c:\Users\ACER\.vscode\extensions\redhat.java-0.82.0\server\plugins\org.eclipse.equinox.launcher_1.6.300.v20210813-1054.jar
Launcher Type: SUN_STANDARD

[Global flags]
    uintx AdaptiveSizePolicyWeight                 = 90                                        {product} {command line}
     bool BytecodeVerificationLocal                = false                                     {product} {command line}
     bool BytecodeVerificationRemote               = false                                     {product} {command line}
     intx CICompilerCount                          = 4                                         {product} {ergonomic}
    uintx GCTimeRatio                              = 4                                         {product} {command line}
   size_t InitialHeapSize                          = 104857600                                 {product} {command line}
   size_t MaxHeapSize                              = 1073741824                                {product} {command line}
   size_t MaxNewSize                               = 357564416                                 {product} {ergonomic}
   size_t MinHeapDeltaBytes                        = 524288                                    {product} {ergonomic}
   size_t NewSize                                  = 34603008                                  {product} {ergonomic}
    uintx NonNMethodCodeHeapSize                   = 5836300                                {pd product} {ergonomic}
    uintx NonProfiledCodeHeapSize                  = 122910970                              {pd product} {ergonomic}
   size_t OldSize                                  = 70254592                                  {product} {ergonomic}
    uintx ProfiledCodeHeapSize                     = 122910970                              {pd product} {ergonomic}
    uintx ReservedCodeCacheSize                    = 251658240                              {pd product} {ergonomic}
     bool SegmentedCodeCache                       = true                                      {product} {ergonomic}
     bool UseCompressedClassPointers               = true                                 {lp64_product} {ergonomic}
     bool UseCompressedOops                        = true                                 {lp64_product} {ergonomic}
     bool UseLargePagesIndividualAllocation        = false                                  {pd product} {ergonomic}
     bool UseParallelGC                            = true                                      {product} {command line}

Logging:
Log output configuration:
 #0: stdout all=warning uptime,level,tags
 #1: stderr all=off uptime,level,tags

Environment Variables:
JAVA_HOME=C:\Program Files\AdoptOpenJDK\jdk-11.0.8.10-hotspot\
PATH=C:\Program Files\Python\Python39\Scripts\;C:\Program Files\Python\Python39\;C:\Program Files\Common Files\Oracle\Java\javapath;C:\Program Files\AdoptOpenJDK\jdk-11.0.8.10-hotspot\bin;C:\ProgramData\Oracle\Java\javapath;C:\Windows\system32;C:\Windows;C:\Windows\System32\Wbem;C:\Windows\System32\WindowsPowerShell\v1.0\;C:\Windows\System32\OpenSSH\;C:\Program Files (x86)\NVIDIA Corporation\PhysX\Common;C:\Program Files\NVIDIA Corporation\NVIDIA NvDLISR;C:\xampp\php;C:\ProgramData\ComposerSetup\bin;C:\Program Files\AccessData\Forensic Tools\7.1\bin\XSL-Formatter\bin;C:\WINDOWS\system32;C:\WINDOWS;C:\WINDOWS\System32\Wbem;C:\WINDOWS\System32\WindowsPowerShell\v1.0\;C:\WINDOWS\System32\OpenSSH\;C:\Program Files\Git\cmd;C:\Program Files\Microsoft SQL Server\Client SDK\ODBC\170\Tools\Binn\;C:\Program Files (x86)\Microsoft SQL Server\150\Tools\Binn\;C:\Program Files\Microsoft SQL Server\150\Tools\Binn\;C:\Program Files\Microsoft SQL Server\150\DTS\Binn\;C:\Program Files (x86)\Microsoft SQL Server\150\DTS\Binn\;C:\Program Files\Azure Data Studio\bin;C:\Program Files\Microsoft SQL Server\130\Tools\Binn\;C:\Program Files (x86)\Microsoft SQL Server\110\DTS\Binn\;C:\Program Files (x86)\Microsoft SQL Server\120\DTS\Binn\;C:\Program Files (x86)\Microsoft SQL Server\130\DTS\Binn\;C:\Program Files (x86)\Microsoft SQL Server\140\DTS\Binn\;C:\Program Files\nodejs\;C:\Users\ACER\AppData\Local\Microsoft\WindowsApps;C:\Users\ACER\AppData\Local\Programs\Microsoft VS Code\bin;C:\Program Files\JetBrains\PyCharm Community Edition 2020.3\bin;;C:\Users\ACER\AppData\Roaming\Composer\vendor\bin;C:\Program Files\Azure Data Studio\bin;C:\Users\ACER\AppData\Local\GitHubDesktop\bin;C:\Users\ACER\AppData\Roaming\npm
USERNAME=ACER
OS=Windows_NT
PROCESSOR_IDENTIFIER=AMD64 Family 23 Model 24 Stepping 1, AuthenticAMD



---------------  S Y S T E M  ---------------

OS: Windows 10 , 64 bit Build 19041 (10.0.19041.1202)
OS uptime: 0 days 0:47 hours

CPU:total 8 (initial active 8) (8 cores per cpu, 2 threads per core) family 23 model 24 stepping 1, cmov, cx8, fxsr, mmx, sse, sse2, sse3, ssse3, sse4.1, sse4.2, popcnt, avx, avx2, aes, clmul, mmxext, 3dnowpref, lzcnt, sse4a, ht, tsc, tscinvbit, tscinv, bmi1, bmi2, adx, sha, fma

Memory: 4k page, system-wide physical 10178M (603M free)
TotalPageFile size 40898M (AvailPageFile size 173M)
current process WorkingSet (physical memory assigned to process): 75M, peak: 75M
current process commit charge ("private bytes"): 203M, peak: 203M

vm_info: OpenJDK 64-Bit Server VM (11.0.8+10) for windows-amd64 JRE (11.0.8+10), built on Jul 15 2020 11:45:54 by "" with MS VC++ 15.9 (VS2017)

END.
